2023-07-05 10:26:16,569 [INFO] Activator:176 - 


2023-07-05 10:26:16,578 [INFO] Activator:177 - !SESSION log4j initialized
2023-07-05 10:26:25,960 [INFO] LogOutputStream:77 - [STDOUT_REDIRECT] 
2023-07-05 10:26:58,816 [ERROR] LogOutputStream:75 - [STDERR_REDIRECT] SLF4J: Failed to load class "org.slf4j.impl.StaticLoggerBinder".
2023-07-05 10:26:58,817 [ERROR] LogOutputStream:75 - [STDERR_REDIRECT] SLF4J: Defaulting to no-operation (NOP) logger implementation
2023-07-05 10:26:58,818 [ERROR] LogOutputStream:75 - [STDERR_REDIRECT] SLF4J: See http://www.slf4j.org/codes.html#StaticLoggerBinder for further details.
2023-07-05 10:36:33,517 [INFO] Activator:176 - 


2023-07-05 10:36:33,517 [INFO] Activator:177 - !SESSION log4j initialized
2023-07-05 10:36:40,036 [INFO] LogOutputStream:77 - [STDOUT_REDIRECT] 
2023-07-05 10:37:08,216 [ERROR] LogOutputStream:75 - [STDERR_REDIRECT] SLF4J: Failed to load class "org.slf4j.impl.StaticLoggerBinder".
2023-07-05 10:37:08,216 [ERROR] LogOutputStream:75 - [STDERR_REDIRECT] SLF4J: Defaulting to no-operation (NOP) logger implementation
2023-07-05 10:37:08,216 [ERROR] LogOutputStream:75 - [STDERR_REDIRECT] SLF4J: See http://www.slf4j.org/codes.html#StaticLoggerBinder for further details.
2023-07-05 12:14:26,828 [INFO] Activator:176 - 


2023-07-05 12:14:26,828 [INFO] Activator:177 - !SESSION log4j initialized
2023-07-05 12:14:31,594 [INFO] LogOutputStream:77 - [STDOUT_REDIRECT] 
2023-07-05 12:14:53,339 [ERROR] LogOutputStream:75 - [STDERR_REDIRECT] SLF4J: Failed to load class "org.slf4j.impl.StaticLoggerBinder".
2023-07-05 12:14:53,344 [ERROR] LogOutputStream:75 - [STDERR_REDIRECT] SLF4J: Defaulting to no-operation (NOP) logger implementation
2023-07-05 12:14:53,344 [ERROR] LogOutputStream:75 - [STDERR_REDIRECT] SLF4J: See http://www.slf4j.org/codes.html#StaticLoggerBinder for further details.
2023-07-05 14:03:22,672 [INFO] Activator:176 - 


2023-07-05 14:03:22,674 [INFO] Activator:177 - !SESSION log4j initialized
2023-07-05 14:03:29,495 [INFO] LogOutputStream:77 - [STDOUT_REDIRECT] 
2023-07-05 14:03:59,087 [ERROR] LogOutputStream:75 - [STDERR_REDIRECT] SLF4J: Failed to load class "org.slf4j.impl.StaticLoggerBinder".
2023-07-05 14:03:59,089 [ERROR] LogOutputStream:75 - [STDERR_REDIRECT] SLF4J: Defaulting to no-operation (NOP) logger implementation
2023-07-05 14:03:59,090 [ERROR] LogOutputStream:75 - [STDERR_REDIRECT] SLF4J: See http://www.slf4j.org/codes.html#StaticLoggerBinder for further details.
