2023-07-12 09:53:26,457 [INFO] Activator:176 - 


2023-07-12 09:53:26,464 [INFO] Activator:177 - !SESSION log4j initialized
2023-07-12 09:53:37,359 [INFO] LogOutputStream:77 - [STDOUT_REDIRECT] 
2023-07-12 09:54:10,807 [ERROR] LogOutputStream:75 - [STDERR_REDIRECT] SLF4J: Failed to load class "org.slf4j.impl.StaticLoggerBinder".
2023-07-12 09:54:10,807 [ERROR] LogOutputStream:75 - [STDERR_REDIRECT] SLF4J: Defaulting to no-operation (NOP) logger implementation
2023-07-12 09:54:10,811 [ERROR] LogOutputStream:75 - [STDERR_REDIRECT] SLF4J: See http://www.slf4j.org/codes.html#StaticLoggerBinder for further details.
2023-07-12 09:56:10,864 [INFO] ApplicationProperties:184 - Using Application install path: C:\ST\STM32CubeIDE_1.12.1\STM32CubeIDE\plugins\com.st.stm32cube.common.mx_6.8.1.202304191431
2023-07-12 09:56:10,888 [INFO] DbMcusXml:78 - Set database path to: C:\ST\STM32CubeIDE_1.12.1\STM32CubeIDE\plugins\com.st.stm32cube.common.mx_6.8.1.202304191431\\db\/mcu/
2023-07-12 09:56:10,888 [INFO] ApiDb:274 - Set plugin database path to: C:\ST\STM32CubeIDE_1.12.1\STM32CubeIDE\plugins\com.st.stm32cube.common.mx_6.8.1.202304191431\\db\/plugins/boardmanager/
2023-07-12 09:56:10,896 [WARN] ApiDb:259 - Overriding images path with different value:  => C:\ST\STM32CubeIDE_1.12.1\STM32CubeIDE\plugins\com.st.stm32cube.common.mx_6.8.1.202304191431\\db\/plugins/mcufinder/images/
2023-07-12 09:56:10,920 [INFO] ApiDb:250 - Set database path to: C:\Users\celin\.stmcufinder\plugins\mcufinder//mcu/
2023-07-12 09:56:10,920 [INFO] DbMcusAds:125 - Set database path to: C:\Users\celin\.stmcufinder\plugins\mcufinder//mcu/
2023-07-12 09:56:10,961 [INFO] CrossReferenceDbSqlite:203 - Set database path to: C:\Users\celin\.stmcufinder\plugins\mcufinder//mcu/cs/
2023-07-12 09:56:11,113 [INFO] RulesReader:64 - Compatibility file has been processed (293 Rules)
2023-07-12 09:56:11,225 [INFO] DbMcusXml:78 - Set database path to: C:\ST\STM32CubeIDE_1.12.1\STM32CubeIDE\plugins\com.st.stm32cube.common.mx_6.8.1.202304191431\\db\/mcu/
2023-07-12 09:56:11,225 [INFO] ApiDb:274 - Set plugin database path to: C:\ST\STM32CubeIDE_1.12.1\STM32CubeIDE\plugins\com.st.stm32cube.common.mx_6.8.1.202304191431\\db\/plugins/boardmanager/
2023-07-12 09:56:11,225 [INFO] ApiDb:261 - Set plugin images path to: C:\ST\STM32CubeIDE_1.12.1\STM32CubeIDE\plugins\com.st.stm32cube.common.mx_6.8.1.202304191431\\db\/plugins/mcufinder/images/
2023-07-12 09:56:11,225 [WARN] DbFile:41 - Overriding database path with different value: C:\Users\celin\.stmcufinder\plugins\mcufinder/ => C:\Users\celin\.stmcufinder\plugins\mcufinder
2023-07-12 09:56:11,225 [INFO] ApiDb:250 - Set database path to: C:\Users\celin\.stmcufinder\plugins\mcufinder//mcu/
2023-07-12 09:56:11,225 [WARN] DbFile:41 - Overriding database path with different value: C:\Users\celin\.stmcufinder\plugins\mcufinder/ => C:\Users\celin\.stmcufinder\plugins\mcufinder
2023-07-12 09:56:11,225 [INFO] DbMcusAds:125 - Set database path to: C:\Users\celin\.stmcufinder\plugins\mcufinder//mcu/
2023-07-12 09:56:11,225 [WARN] DbFile:41 - Overriding database path with different value: C:\Users\celin\.stmcufinder\plugins\mcufinder/ => C:\Users\celin\.stmcufinder\plugins\mcufinder
2023-07-12 09:56:11,225 [WARN] DbFile:41 - Overriding database path with different value: C:\Users\celin\.stmcufinder\plugins\mcufinder/ => C:\Users\celin\.stmcufinder\plugins\mcufinder
2023-07-12 09:56:11,225 [INFO] CrossReferenceDbSqlite:203 - Set database path to: C:\Users\celin\.stmcufinder\plugins\mcufinder//mcu/cs/
2023-07-12 09:56:11,330 [INFO] MainPanel:253 - HeapMemory: 514850816
2023-07-12 09:56:11,467 [INFO] DbMcusXml:78 - Set database path to: C:\ST\STM32CubeIDE_1.12.1\STM32CubeIDE\plugins\com.st.stm32cube.common.mx_6.8.1.202304191431\\db\/mcu/
2023-07-12 09:56:11,467 [INFO] ApiDb:274 - Set plugin database path to: C:\ST\STM32CubeIDE_1.12.1\STM32CubeIDE\plugins\com.st.stm32cube.common.mx_6.8.1.202304191431\\db\/plugins/boardmanager/
2023-07-12 09:56:11,467 [INFO] ApiDb:261 - Set plugin images path to: C:\ST\STM32CubeIDE_1.12.1\STM32CubeIDE\plugins\com.st.stm32cube.common.mx_6.8.1.202304191431\\db\/plugins/mcufinder/images/
2023-07-12 09:56:11,467 [WARN] DbFile:41 - Overriding database path with different value: C:\Users\celin\.stmcufinder\plugins\mcufinder/ => C:\Users\celin\.stmcufinder\plugins\mcufinder
2023-07-12 09:56:11,467 [INFO] ApiDb:250 - Set database path to: C:\Users\celin\.stmcufinder\plugins\mcufinder//mcu/
2023-07-12 09:56:11,467 [WARN] DbFile:41 - Overriding database path with different value: C:\Users\celin\.stmcufinder\plugins\mcufinder/ => C:\Users\celin\.stmcufinder\plugins\mcufinder
2023-07-12 09:56:11,467 [INFO] DbMcusAds:125 - Set database path to: C:\Users\celin\.stmcufinder\plugins\mcufinder//mcu/
2023-07-12 09:56:11,467 [WARN] DbFile:41 - Overriding database path with different value: C:\Users\celin\.stmcufinder\plugins\mcufinder/ => C:\Users\celin\.stmcufinder\plugins\mcufinder
2023-07-12 09:56:11,467 [WARN] DbFile:41 - Overriding database path with different value: C:\Users\celin\.stmcufinder\plugins\mcufinder/ => C:\Users\celin\.stmcufinder\plugins\mcufinder
2023-07-12 09:56:11,467 [INFO] CrossReferenceDbSqlite:203 - Set database path to: C:\Users\celin\.stmcufinder\plugins\mcufinder//mcu/cs/
2023-07-12 09:56:11,491 [INFO] ApplicationProperties:184 - Using Application install path: C:\ST\STM32CubeIDE_1.12.1\STM32CubeIDE\plugins\com.st.stm32cube.common.mx_6.8.1.202304191431
2023-07-12 09:56:11,491 [INFO] PluginManage:196 - Search for loadable plugins [exclusion list=, ]
2023-07-12 09:56:11,491 [INFO] PluginManage:310 - Check plugin analytics
2023-07-12 09:56:11,684 [INFO] AnalyticsPlugin:253 - Accepted Software Licenses: 
2023-07-12 09:56:11,684 [INFO] AnalyticsPlugin:255 - Accepted CMSIS Pack Licenses: 
2023-07-12 09:56:11,684 [INFO] AnalyticsPlugin:257 - Accepted Firmware Licenses: FW.F4.1.27.0
2023-07-12 09:56:11,700 [INFO] PluginManage:359 - Loaded plugin analytics (category:tool,tabindex:-1)
2023-07-12 09:56:11,700 [INFO] PluginManage:310 - Check plugin cadmodel
2023-07-12 09:56:11,716 [INFO] CADModel:105 - Init CAD model plugin
2023-07-12 09:56:11,716 [INFO] PluginManage:359 - Loaded plugin cadmodel (category:power,tabindex:5)
2023-07-12 09:56:11,716 [INFO] PluginManage:310 - Check plugin clock
2023-07-12 09:56:11,748 [INFO] PluginManage:359 - Loaded plugin clock (category:base,tabindex:2)
2023-07-12 09:56:11,748 [INFO] PluginManage:310 - Check plugin ddr
2023-07-12 09:56:11,748 [INFO] PluginManage:359 - Loaded plugin ddr (category:tool,tabindex:6)
2023-07-12 09:56:11,748 [INFO] PluginManage:310 - Check plugin filemanager
2023-07-12 09:56:11,908 [INFO] PluginManage:359 - Loaded plugin filemanager (category:base,tabindex:10)
2023-07-12 09:56:11,908 [INFO] PluginManage:310 - Check plugin ipmanager
2023-07-12 09:56:11,924 [INFO] PluginManage:359 - Loaded plugin ipmanager (category:base,tabindex:5)
2023-07-12 09:56:11,924 [INFO] PluginManage:310 - Check plugin lpbam
2023-07-12 09:56:11,950 [INFO] PluginManage:359 - Loaded plugin lpbam (category:base,tabindex:0)
2023-07-12 09:56:11,950 [INFO] PluginManage:310 - Check plugin pinoutandconfiguration
2023-07-12 09:56:11,974 [INFO] PluginManage:359 - Loaded plugin pinoutandconfiguration (category:base,tabindex:1)
2023-07-12 09:56:11,974 [INFO] PluginManage:310 - Check plugin pinoutconfig
2023-07-12 09:56:12,101 [WARN] SupportedApi:132 - Cannot load RTOS API schema: s4s-elt-must-match.1: The content of 'definitions' must match (annotation?, (simpleType | complexType)?, (unique | key | keyref)*)). A problem was found starting at: attribute.
2023-07-12 09:56:12,294 [INFO] PluginManage:359 - Loaded plugin pinoutconfig (category:base,tabindex:0)
2023-07-12 09:56:12,294 [INFO] PluginManage:310 - Check plugin power
2023-07-12 09:56:12,326 [INFO] PluginManage:359 - Loaded plugin power (category:power,tabindex:4)
2023-07-12 09:56:12,326 [INFO] PluginManage:310 - Check plugin projectmanager
2023-07-12 09:56:12,350 [INFO] PluginManage:359 - Loaded plugin projectmanager (category:projectmanager,tabindex:3)
2023-07-12 09:56:12,350 [INFO] PluginManage:310 - Check plugin thirdparty
2023-07-12 09:56:12,647 [INFO] PluginManage:359 - Loaded plugin thirdparty (category:base,tabindex:-1)
2023-07-12 09:56:12,647 [WARN] IntegrityCheckThread:84 - waiting for thirdparty lock release [integrity check]
2023-07-12 09:56:12,647 [INFO] PluginManage:310 - Check plugin tools
2023-07-12 09:56:12,647 [INFO] IntegrityCheckThread:86 - entering critical section [integrity check]
2023-07-12 09:56:12,655 [INFO] ThirdPartyUpdaterWithRetryManager:70 - Updater plugin not ready yet. [1/15]
2023-07-12 09:56:12,684 [INFO] PluginManage:359 - Loaded plugin tools (category:base,tabindex:7)
2023-07-12 09:56:12,684 [INFO] PluginManage:310 - Check plugin tutovideos
2023-07-12 09:56:12,958 [INFO] PluginManage:359 - Loaded plugin tutovideos (category:base,tabindex:-1)
2023-07-12 09:56:12,958 [INFO] PluginManage:310 - Check plugin updater
2023-07-12 09:56:12,974 [INFO] PluginManage:359 - Loaded plugin updater (category:base,tabindex:12)
2023-07-12 09:56:12,974 [INFO] PluginManage:283 - PluginManage : Loaded plugins [15]
2023-07-12 09:56:13,310 [INFO] PinOutPanel:1499 - setPackage(No Configuration,No Configuration)
2023-07-12 09:56:13,419 [INFO] CADModel:165 - CPN selected for project level
2023-07-12 09:56:13,419 [INFO] CADModel:114 - Register for checkConnection events
2023-07-12 09:56:13,450 [INFO] IPUIPlugin:80 - create IPUIPlugin
2023-07-12 09:56:13,450 [INFO] PluginManager:220 - loadIPPluginJar : add adc
2023-07-12 09:56:13,489 [INFO] IPUIPlugin:80 - create IPUIPlugin
2023-07-12 09:56:13,489 [INFO] PluginManager:220 - loadIPPluginJar : add aes
2023-07-12 09:56:13,534 [INFO] IPUIPlugin:80 - create IPUIPlugin
2023-07-12 09:56:13,534 [INFO] PluginManager:220 - loadIPPluginJar : add can
2023-07-12 09:56:13,553 [INFO] IPUIPlugin:80 - create IPUIPlugin
2023-07-12 09:56:13,553 [INFO] PluginManager:220 - loadIPPluginJar : add comp
2023-07-12 09:56:13,581 [INFO] IPUIPlugin:80 - create IPUIPlugin
2023-07-12 09:56:13,581 [INFO] PluginManager:220 - loadIPPluginJar : add cryp
2023-07-12 09:56:13,606 [INFO] IPUIPlugin:80 - create IPUIPlugin
2023-07-12 09:56:13,606 [INFO] PluginManager:220 - loadIPPluginJar : add dfsdm
2023-07-12 09:56:13,622 [INFO] IPUIPlugin:80 - create IPUIPlugin
2023-07-12 09:56:13,622 [INFO] PluginManager:220 - loadIPPluginJar : add dma
2023-07-12 09:56:13,654 [INFO] IPUIPlugin:80 - create IPUIPlugin
2023-07-12 09:56:13,654 [INFO] PluginManager:220 - loadIPPluginJar : add dma3
2023-07-12 09:56:13,670 [INFO] IPUIPlugin:80 - create IPUIPlugin
2023-07-12 09:56:13,670 [INFO] PluginManager:220 - loadIPPluginJar : add fatfs
2023-07-12 09:56:13,710 [INFO] IPUIPlugin:80 - create IPUIPlugin
2023-07-12 09:56:13,710 [INFO] PluginManager:220 - loadIPPluginJar : add fmc
2023-07-12 09:56:13,726 [INFO] IPUIPlugin:80 - create IPUIPlugin
2023-07-12 09:56:13,726 [INFO] PluginManager:220 - loadIPPluginJar : add freertos
2023-07-12 09:56:13,745 [INFO] IPUIPlugin:80 - create IPUIPlugin
2023-07-12 09:56:13,745 [INFO] PluginManager:220 - loadIPPluginJar : add genericplugin
2023-07-12 09:56:13,814 [INFO] IPUIPlugin:80 - create IPUIPlugin
2023-07-12 09:56:13,814 [INFO] PluginManager:220 - loadIPPluginJar : add gfxmmu
2023-07-12 09:56:13,911 [INFO] IPUIPlugin:80 - create IPUIPlugin
2023-07-12 09:56:13,911 [INFO] PluginManager:220 - loadIPPluginJar : add gic
2023-07-12 09:56:13,927 [INFO] IPUIPlugin:80 - create IPUIPlugin
2023-07-12 09:56:13,927 [INFO] PluginManager:220 - loadIPPluginJar : add gpio
2023-07-12 09:56:13,999 [INFO] IPUIPlugin:80 - create IPUIPlugin
2023-07-12 09:56:13,999 [INFO] PluginManager:220 - loadIPPluginJar : add gtzc
2023-07-12 09:56:14,023 [INFO] IPUIPlugin:80 - create IPUIPlugin
2023-07-12 09:56:14,023 [INFO] PluginManager:220 - loadIPPluginJar : add hash
2023-07-12 09:56:14,055 [INFO] IPUIPlugin:80 - create IPUIPlugin
2023-07-12 09:56:14,055 [INFO] PluginManager:220 - loadIPPluginJar : add i2c
2023-07-12 09:56:14,087 [INFO] IPUIPlugin:80 - create IPUIPlugin
2023-07-12 09:56:14,087 [INFO] PluginManager:220 - loadIPPluginJar : add i2s
2023-07-12 09:56:14,119 [INFO] IPUIPlugin:80 - create IPUIPlugin
2023-07-12 09:56:14,119 [INFO] PluginManager:220 - loadIPPluginJar : add i3c
2023-07-12 09:56:14,201 [INFO] IPUIPlugin:80 - create IPUIPlugin
2023-07-12 09:56:14,201 [INFO] PluginManager:220 - loadIPPluginJar : add ipddr
2023-07-12 09:56:14,274 [INFO] IPUIPlugin:80 - create IPUIPlugin
2023-07-12 09:56:14,274 [INFO] PluginManager:220 - loadIPPluginJar : add linkedlist
2023-07-12 09:56:14,298 [INFO] IPUIPlugin:80 - create IPUIPlugin
2023-07-12 09:56:14,298 [INFO] PluginManager:220 - loadIPPluginJar : add lorawan
2023-07-12 09:56:14,330 [INFO] IPUIPlugin:80 - create IPUIPlugin
2023-07-12 09:56:14,330 [INFO] PluginManager:220 - loadIPPluginJar : add ltdc
2023-07-12 09:56:14,347 [INFO] IPUIPlugin:80 - create IPUIPlugin
2023-07-12 09:56:14,347 [INFO] PluginManager:220 - loadIPPluginJar : add mdma
2023-07-12 09:56:14,355 [INFO] IPUIPlugin:80 - create IPUIPlugin
2023-07-12 09:56:14,355 [INFO] PluginManager:220 - loadIPPluginJar : add nvic
2023-07-12 09:56:14,387 [INFO] IPUIPlugin:80 - create IPUIPlugin
2023-07-12 09:56:14,387 [INFO] PluginManager:220 - loadIPPluginJar : add opamp
2023-07-12 09:56:14,427 [INFO] IPUIPlugin:80 - create IPUIPlugin
2023-07-12 09:56:14,427 [INFO] PluginManager:220 - loadIPPluginJar : add openamp
2023-07-12 09:56:14,451 [INFO] IPUIPlugin:80 - create IPUIPlugin
2023-07-12 09:56:14,451 [INFO] PluginManager:220 - loadIPPluginJar : add pdm2pcm
2023-07-12 09:56:14,467 [INFO] IPUIPlugin:80 - create IPUIPlugin
2023-07-12 09:56:14,467 [INFO] PluginManager:220 - loadIPPluginJar : add plateformsettings
2023-07-12 09:56:14,483 [INFO] IPUIPlugin:80 - create IPUIPlugin
2023-07-12 09:56:14,483 [INFO] PluginManager:220 - loadIPPluginJar : add quadspi
2023-07-12 09:56:14,499 [INFO] IPUIPlugin:80 - create IPUIPlugin
2023-07-12 09:56:14,499 [INFO] PluginManager:220 - loadIPPluginJar : add resmgrutility
2023-07-12 09:56:14,548 [INFO] IPUIPlugin:80 - create IPUIPlugin
2023-07-12 09:56:14,548 [INFO] PluginManager:220 - loadIPPluginJar : add sai
2023-07-12 09:56:14,572 [INFO] IPUIPlugin:80 - create IPUIPlugin
2023-07-12 09:56:14,572 [INFO] PluginManager:220 - loadIPPluginJar : add spi
2023-07-12 09:56:14,612 [INFO] IPUIPlugin:80 - create IPUIPlugin
2023-07-12 09:56:14,612 [INFO] PluginManager:220 - loadIPPluginJar : add stm32_wpan
2023-07-12 09:56:14,628 [INFO] IPUIPlugin:80 - create IPUIPlugin
2023-07-12 09:56:14,628 [INFO] PluginManager:220 - loadIPPluginJar : add tim
2023-07-12 09:56:14,670 [INFO] IPUIPlugin:80 - create IPUIPlugin
2023-07-12 09:56:14,670 [INFO] PluginManager:220 - loadIPPluginJar : add touchsensing
2023-07-12 09:56:14,687 [INFO] IPUIPlugin:80 - create IPUIPlugin
2023-07-12 09:56:14,687 [INFO] PluginManager:220 - loadIPPluginJar : add tracer_emb
2023-07-12 09:56:14,711 [INFO] IPUIPlugin:80 - create IPUIPlugin
2023-07-12 09:56:14,711 [INFO] PluginManager:220 - loadIPPluginJar : add ts
2023-07-12 09:56:14,727 [INFO] IPUIPlugin:80 - create IPUIPlugin
2023-07-12 09:56:14,727 [INFO] PluginManager:220 - loadIPPluginJar : add tsc
2023-07-12 09:56:14,743 [INFO] IPUIPlugin:80 - create IPUIPlugin
2023-07-12 09:56:14,743 [INFO] PluginManager:220 - loadIPPluginJar : add ucpd
2023-07-12 09:56:14,767 [INFO] IPUIPlugin:80 - create IPUIPlugin
2023-07-12 09:56:14,767 [INFO] PluginManager:220 - loadIPPluginJar : add usart
2023-07-12 09:56:14,807 [INFO] IPUIPlugin:80 - create IPUIPlugin
2023-07-12 09:56:14,807 [INFO] PluginManager:220 - loadIPPluginJar : add usbx
2023-07-12 09:56:14,937 [INFO] CADModel:165 - CPN selected for project level
2023-07-12 09:56:14,938 [INFO] CADModel:114 - Register for checkConnection events
2023-07-12 09:56:14,938 [FATAL] Updater:308 - Updater called before beeing initialized
2023-07-12 09:56:14,938 [ERROR] CADModel:125 - Updater not yet initialized, retry later 
2023-07-12 09:56:15,156 [INFO] CADModel:165 - CPN selected for project level
2023-07-12 09:56:15,156 [INFO] CADModel:114 - Register for checkConnection events
2023-07-12 09:56:15,156 [FATAL] Updater:308 - Updater called before beeing initialized
2023-07-12 09:56:15,156 [ERROR] CADModel:125 - Updater not yet initialized, retry later 
2023-07-12 09:56:15,160 [FATAL] Updater:308 - Updater called before beeing initialized
2023-07-12 09:56:15,303 [FATAL] Updater:308 - Updater called before beeing initialized
2023-07-12 09:56:15,318 [INFO] DbMcusAds:53 - JSON generation date=Tue Mar 07 03:50:55 EST 2023 (1678179055335)
2023-07-12 09:56:15,318 [FATAL] Updater:308 - Updater called before beeing initialized
2023-07-12 09:56:15,403 [WARN] DetailPanel:346 - Failed to get advertising image, set to default
2023-07-12 09:56:15,550 [FATAL] Updater:308 - Updater called before beeing initialized
2023-07-12 09:56:15,553 [FATAL] Updater:308 - Updater called before beeing initialized
2023-07-12 09:56:15,554 [FATAL] Updater:308 - Updater called before beeing initialized
2023-07-12 09:56:15,554 [WARN] DetailPanel:346 - Failed to get advertising image, set to default
2023-07-12 09:56:15,555 [FATAL] Updater:308 - Updater called before beeing initialized
2023-07-12 09:56:15,623 [ERROR] Updater:1120 - MainUpdater not yet initialized. External WinMGr cannot be set.
2023-07-12 09:56:15,631 [INFO] Updater:1056 - Updater Version found : 6.8.1
2023-07-12 09:56:15,657 [INFO] ApplicationProperties:184 - Using Application install path: C:\ST\STM32CubeIDE_1.12.1\STM32CubeIDE\plugins\com.st.stm32cube.common.mx_6.8.1.202304191431
2023-07-12 09:56:15,664 [INFO] ThirdPartyUpdaterWithRetryManager:70 - Updater plugin not ready yet. [2/15]
2023-07-12 09:56:15,815 [INFO] MainUpdater:2854 - connection check result : 10
2023-07-12 09:56:15,815 [INFO] MainUpdater:3548 - Updater definition file requires update
2023-07-12 09:56:15,815 [INFO] MainUpdater:283 - Updater Check For Update Now.
2023-07-12 09:56:15,815 [INFO] MicroXplorer:498 - Change Database Version : DB.6.0.81
2023-07-12 09:56:15,889 [INFO] ServerAccessManage:473 - Download File updaters.zip
2023-07-12 09:56:15,962 [INFO] FileExtend:240 - Unzip File : updaters.zip
2023-07-12 09:56:15,962 [INFO] FileExtend:255 - Standard Zip Deflate
2023-07-12 09:56:16,450 [INFO] ServerAccessManage:473 - Download File PacksControlFlags.xml
2023-07-12 09:56:16,543 [INFO] ServerAccessManage:473 - Download File cubemx.pidx
2023-07-12 09:56:16,671 [INFO] LoadServerUpdatesThread:373 - End of LoadServerUpdate Thread
2023-07-12 09:56:16,825 [INFO] CheckServerUpdateThread:120 - End of CheckServer Thread
2023-07-12 09:56:16,874 [INFO] MainUpdater:2854 - connection check result : 10
2023-07-12 09:56:16,882 [INFO] MainUpdater:2854 - connection check result : 10
2023-07-12 09:56:17,052 [INFO] MicroXplorer:468 - Change Database Path : 
2023-07-12 09:56:17,052 [INFO] MicroXplorer:498 - Change Database Version : DB.6.0.81
2023-07-12 09:56:17,052 [WARN] ThirdParty:871 - waiting for thirdparty lock release [close project]
2023-07-12 09:56:18,929 [WARN] PackLoader:240 - Cannot read IP mode file for STMicroelectronics.X-CUBE-SMBUS.2.1.0
2023-07-12 09:56:18,994 [WARN] PackLoader:240 - Cannot read IP mode file for STMicroelectronics.X-CUBE-AZRTOS-F7.1.1.0
2023-07-12 09:56:19,018 [WARN] PackLoader:240 - Cannot read IP mode file for STMicroelectronics.FP-SNS-MOTENV1.4.3.2
2023-07-12 09:56:19,034 [ERROR] RealEvaluatedCondition:428 - Found unsupported composite condition: CLASS='Data Exchange' GROUP='STM32_MetaDataManager'
2023-07-12 09:56:19,034 [ERROR] RealEvaluatedCondition:428 - Found unsupported composite condition: CLASS='Data Exchange' GROUP='STM32_MetaDataManager'
2023-07-12 09:56:19,037 [WARN] PackLoader:240 - Cannot read IP mode file for STMicroelectronics.FP-SNS-MOTENV1.4.3.1
2023-07-12 09:56:19,049 [WARN] PackLoader:240 - Cannot read IP mode file for STMicroelectronics.FP-SNS-FLIGHT1.5.0.1
2023-07-12 09:56:19,067 [WARN] PackLoader:240 - Cannot read IP mode file for STMicroelectronics.X-CUBE-BLE1.6.2.4
2023-07-12 09:56:19,084 [WARN] PackLoader:240 - Cannot read IP mode file for STMicroelectronics.X-CUBE-DISPLAY.3.0.0
2023-07-12 09:56:19,098 [WARN] PackLoader:240 - Cannot read IP mode file for STMicroelectronics.X-CUBE-TOUCHGFX.4.22.0
2023-07-12 09:56:19,125 [INFO] LogOutputStream:77 - [STDOUT_REDIRECT] 1 : Invalid condition id : UX_CORESTACK_Condition cause : null
2023-07-12 09:56:19,127 [INFO] LogOutputStream:77 - [STDOUT_REDIRECT] 1 : Invalid condition id : UX_CORESTACK_Condition cause : null
2023-07-12 09:56:19,127 [INFO] LogOutputStream:77 - [STDOUT_REDIRECT] 1 : Invalid condition id : UX_CORESTACK_Condition cause : null
2023-07-12 09:56:19,127 [INFO] LogOutputStream:77 - [STDOUT_REDIRECT] 1 : Invalid condition id : UX_CORESTACK_Condition cause : null
2023-07-12 09:56:19,127 [INFO] LogOutputStream:77 - [STDOUT_REDIRECT] 1 : Invalid condition id : UX_CORESTACK_Condition cause : null
2023-07-12 09:56:19,132 [WARN] PackLoader:240 - Cannot read IP mode file for STMicroelectronics.X-CUBE-AZRTOS-WL.2.0.0
2023-07-12 09:56:19,147 [WARN] PackLoader:240 - Cannot read IP mode file for WES.I-CUBE-Cesium.1.3.0
2023-07-12 09:56:19,161 [WARN] PackLoader:240 - Cannot read IP mode file for STMicroelectronics.X-CUBE-BLE2.3.3.0
2023-07-12 09:56:19,171 [WARN] PackLoader:240 - Cannot read IP mode file for STMicroelectronics.X-CUBE-TOUCHGFX.4.21.4
2023-07-12 09:56:19,186 [WARN] PackLoader:240 - Cannot read IP mode file for STMicroelectronics.X-CUBE-ALGOBUILD.1.3.0
2023-07-12 09:56:19,218 [WARN] PackLoader:240 - Cannot read IP mode file for STMicroelectronics.X-CUBE-AZRTOS-G0.1.1.0
2023-07-12 09:56:19,235 [WARN] PackLoader:240 - Cannot read IP mode file for STMicroelectronics.X-CUBE-NFC4.3.0.0
2023-07-12 09:56:19,247 [WARN] PackLoader:240 - Cannot read IP mode file for STMicroelectronics.FP-ATR-SIGFOX1.3.2.0
2023-07-12 09:56:19,289 [WARN] PackLoader:240 - Cannot read IP mode file for SEGGER.I-CUBE-embOS.1.3.1
2023-07-12 09:56:19,353 [WARN] PackLoader:240 - Cannot read IP mode file for STMicroelectronics.X-CUBE-GNSS1.6.0.0
2023-07-12 09:56:19,382 [WARN] PackLoader:240 - Cannot read IP mode file for STMicroelectronics.X-CUBE-AZRTOS-F4.1.1.0
2023-07-12 09:56:19,390 [WARN] PackLoader:240 - Cannot read IP mode file for wolfSSL.I-CUBE-wolfSSL.5.6.0
2023-07-12 09:56:19,446 [WARN] PackLoader:240 - Cannot read IP mode file for STMicroelectronics.X-CUBE-MEMS1.9.6.0
2023-07-12 09:56:19,650 [WARN] PackLoader:240 - Cannot read IP mode file for emotas.I-CUBE-CANOPEN.1.1.3
2023-07-12 09:56:19,673 [WARN] PackLoader:240 - Cannot read IP mode file for STMicroelectronics.X-CUBE-BLEMGR.2.0.0
2023-07-12 09:56:19,714 [WARN] ConditionMgr:438 - getConditionDescription Invalid condition id : UX DEVICE CLASS RTOS Condition cause : null
2023-07-12 09:56:19,714 [WARN] ConditionMgr:438 - getConditionDescription Invalid condition id : UX DEVICE CLASS RTOS Condition cause : null
2023-07-12 09:56:19,714 [WARN] PackLoader:240 - Cannot read IP mode file for STMicroelectronics.X-CUBE-AZRTOS-H7.3.1.0
2023-07-12 09:56:19,719 [WARN] ConditionMgr:1039 - genDependencies : Invalid condition id : UX DEVICE CLASS RTOS Condition cause : null
2023-07-12 09:56:19,719 [WARN] ConditionMgr:1039 - genDependencies : Invalid condition id : UX DEVICE CLASS RTOS Condition cause : null
2023-07-12 09:56:19,719 [WARN] ConditionMgr:1039 - genDependencies : Invalid condition id : UX DEVICE CLASS RTOS Condition cause : null
2023-07-12 09:56:19,721 [WARN] ConditionMgr:1039 - genDependencies : Invalid condition id : UX DEVICE CLASS RTOS Condition cause : null
2023-07-12 09:56:19,721 [WARN] ConditionMgr:1039 - genDependencies : Invalid condition id : UX DEVICE CLASS RTOS Condition cause : null
2023-07-12 09:56:19,739 [WARN] PackLoader:240 - Cannot read IP mode file for STMicroelectronics.X-CUBE-NFC7.1.0.1
2023-07-12 09:56:19,754 [WARN] PackLoader:240 - Cannot read IP mode file for STMicroelectronics.X-CUBE-NFC7.1.0.0
2023-07-12 09:56:19,770 [WARN] PackLoader:240 - Cannot read IP mode file for STMicroelectronics.X-CUBE-EEPRMA1.4.1.0
2023-07-12 09:56:19,818 [WARN] ConditionMgr:438 - getConditionDescription Invalid condition id : LAN8742 Phy interface Condition cause : null
2023-07-12 09:56:19,818 [WARN] PackLoader:240 - Cannot read IP mode file for STMicroelectronics.X-CUBE-AZRTOS-L4.2.0.0
2023-07-12 09:56:19,818 [WARN] ConditionMgr:1039 - genDependencies : Invalid condition id : LAN8742 Phy interface Condition cause : null
2023-07-12 09:56:19,818 [WARN] ConditionMgr:1039 - genDependencies : Invalid condition id : LAN8742 Phy interface Condition cause : null
2023-07-12 09:56:19,818 [WARN] ConditionMgr:1039 - genDependencies : Invalid condition id : LAN8742 Phy interface Condition cause : null
2023-07-12 09:56:19,842 [WARN] PackLoader:240 - Cannot read IP mode file for STMicroelectronics.X-CUBE-SFXS2LP1.4.0.0
2023-07-12 09:56:19,860 [WARN] PackLoader:240 - Cannot read IP mode file for STMicroelectronics.X-CUBE-ISPU.1.1.0
2023-07-12 09:56:19,883 [WARN] PackLoader:240 - Cannot read IP mode file for STMicroelectronics.X-CUBE-FREERTOS.1.0.1
2023-07-12 09:56:19,916 [WARN] PackLoader:240 - Cannot read IP mode file for STMicroelectronics.X-CUBE-AZRTOS-L5.1.1.0
2023-07-12 09:56:19,933 [WARN] PackLoader:240 - Cannot read IP mode file for STMicroelectronics.X-CUBE-AI.8.0.1
2023-07-12 09:56:19,957 [WARN] PackLoader:240 - Cannot read IP mode file for STMicroelectronics.X-CUBE-SUBG2.5.0.0
2023-07-12 09:56:20,014 [WARN] PackLoader:240 - Cannot read IP mode file for STMicroelectronics.X-CUBE-AZRTOS-G4.2.0.0
2023-07-12 09:56:20,038 [WARN] PackLoader:240 - Cannot read IP mode file for STMicroelectronics.X-CUBE-TOF1.3.3.0
2023-07-12 09:56:20,070 [WARN] PackLoader:240 - Cannot read IP mode file for STMicroelectronics.X-CUBE-AZRTOS-WL.1.0.0
2023-07-12 09:56:20,094 [WARN] PackLoader:240 - Cannot read IP mode file for portGmbH.I-Cube-SoM-uGOAL.1.1.0
2023-07-12 09:56:20,110 [WARN] PackLoader:240 - Cannot read IP mode file for STMicroelectronics.X-CUBE-ALS.1.0.1
2023-07-12 09:56:20,134 [WARN] PackLoader:240 - Cannot read IP mode file for STMicroelectronics.X-CUBE-AZRTOS-WB.1.1.0
2023-07-12 09:56:20,150 [WARN] PackLoader:240 - Cannot read IP mode file for STMicroelectronics.FP-ATR-ASTRA1.2.0.0
2023-07-12 09:56:20,154 [INFO] ThirdParty:978 - Integrity check success = true
2023-07-12 09:56:20,154 [INFO] IntegrityCheckThread:100 - exiting critical section [integrity check]
2023-07-12 09:56:20,154 [INFO] IntegrityCheckThread:103 - End integrity checks thread
2023-07-12 09:56:20,155 [INFO] ThirdParty:873 - entering critical section [close project]
2023-07-12 09:56:20,159 [INFO] ThirdParty:883 - exiting critical section [close project]
2023-07-12 09:56:20,175 [INFO] PinOutPanel:1499 - setPackage(No Configuration,No Configuration)
2023-07-12 09:56:20,189 [INFO] UtilMem:75 - Begin LoadConfig() Used Memory: 559219936 Bytes (714080256)
2023-07-12 09:56:20,189 [INFO] MicroXplorer:468 - Change Database Path : 
2023-07-12 09:56:20,189 [INFO] MicroXplorer:498 - Change Database Version : DB.6.0.81
2023-07-12 09:56:20,189 [INFO] OpenFileManager:308 - Change cursor
2023-07-12 09:56:20,245 [INFO] Mcu:1937 - Initializing MCU STM32F411C(C-E)Ux STM32F411CEUx STM32F411CEU6
2023-07-12 09:56:21,715 [INFO] Context:659 - Trying to add GPIOservice into a context  which must be forbidden
2023-07-12 09:56:22,272 [INFO] RtosManager:555 - Registered RTOS mode: class=CMSIS, group=RTOS, mode=CMSIS_V1, owner=FREERTOS
2023-07-12 09:56:22,272 [INFO] RtosManager:555 - Registered RTOS mode: class=CMSIS, group=RTOS2, mode=CMSIS_V2, owner=FREERTOS
2023-07-12 09:56:22,272 [INFO] RtosManager:555 - Registered RTOS mode: class=RTOS, group=Core, mode=CMSIS_V1, owner=FREERTOS
2023-07-12 09:56:22,272 [INFO] RtosManager:555 - Registered RTOS mode: class=RTOS, group=Core, mode=CMSIS_V2, owner=FREERTOS
2023-07-12 09:56:22,272 [WARN] ModelIntegratedComponent:184 - Missing modes for component STMicroelectronics:FreeRTOS:0.0.1:STMicroelectronics:RTOS:FreeRTOS:Core:::10.2.0:
2023-07-12 09:56:22,280 [WARN] ModelIntegratedComponent:182 - Modes not found for component STMicroelectronics:USB_HOST:1.0.0:STMicroelectronics:USB::USB Host:Audio HS::1.0:USB_HOST_1_0_RESTRICTED_HS
2023-07-12 09:56:22,280 [WARN] ModelIntegratedComponent:188 - Modes not found for component STMicroelectronics:USB_HOST:1.0.0:STMicroelectronics:USB::USB Host:Audio HS::1.0:USB_HOST_1_0_RESTRICTED_HS
2023-07-12 09:56:22,280 [WARN] ModelIntegratedComponent:182 - Modes not found for component STMicroelectronics:USB_HOST:1.0.0:STMicroelectronics:USB::USB Host:CDC HS::1.0:USB_HOST_1_0_RESTRICTED_HS
2023-07-12 09:56:22,280 [WARN] ModelIntegratedComponent:188 - Modes not found for component STMicroelectronics:USB_HOST:1.0.0:STMicroelectronics:USB::USB Host:CDC HS::1.0:USB_HOST_1_0_RESTRICTED_HS
2023-07-12 09:56:22,280 [WARN] ModelIntegratedComponent:182 - Modes not found for component STMicroelectronics:USB_HOST:1.0.0:STMicroelectronics:USB::USB Host:MSC HS::1.0:USB_HOST_1_0_RESTRICTED_HS
2023-07-12 09:56:22,280 [WARN] ModelIntegratedComponent:188 - Modes not found for component STMicroelectronics:USB_HOST:1.0.0:STMicroelectronics:USB::USB Host:MSC HS::1.0:USB_HOST_1_0_RESTRICTED_HS
2023-07-12 09:56:22,280 [WARN] ModelIntegratedComponent:182 - Modes not found for component STMicroelectronics:USB_HOST:1.0.0:STMicroelectronics:USB::USB Host:HID HS::1.0:USB_HOST_1_0_RESTRICTED_HS
2023-07-12 09:56:22,280 [WARN] ModelIntegratedComponent:188 - Modes not found for component STMicroelectronics:USB_HOST:1.0.0:STMicroelectronics:USB::USB Host:HID HS::1.0:USB_HOST_1_0_RESTRICTED_HS
2023-07-12 09:56:22,280 [WARN] ModelIntegratedComponent:182 - Modes not found for component STMicroelectronics:USB_HOST:1.0.0:STMicroelectronics:USB::USB Host:MTP HS::1.0:USB_HOST_1_0_RESTRICTED_HS
2023-07-12 09:56:22,280 [WARN] ModelIntegratedComponent:188 - Modes not found for component STMicroelectronics:USB_HOST:1.0.0:STMicroelectronics:USB::USB Host:MTP HS::1.0:USB_HOST_1_0_RESTRICTED_HS
2023-07-12 09:56:22,294 [WARN] ModelIntegratedComponent:63 - No mode defined for component null
2023-07-12 09:56:22,294 [WARN] ModelIntegratedComponent:63 - No mode defined for component null
2023-07-12 09:56:22,294 [WARN] ModelIntegratedComponent:63 - No mode defined for component null
2023-07-12 09:56:22,294 [WARN] ModelIntegratedComponent:63 - No mode defined for component null
2023-07-12 09:56:22,294 [WARN] ModelIntegratedComponent:63 - No mode defined for component null
2023-07-12 09:56:22,294 [WARN] ModelIntegratedComponent:63 - No mode defined for component null
2023-07-12 09:56:22,294 [WARN] ModelIntegratedComponent:63 - No mode defined for component null
2023-07-12 09:56:22,294 [WARN] ModelIntegratedComponent:63 - No mode defined for component null
2023-07-12 09:56:22,294 [WARN] ModelIntegratedComponent:63 - No mode defined for component null
2023-07-12 09:56:22,294 [WARN] ModelIntegratedComponent:63 - No mode defined for component null
2023-07-12 09:56:22,295 [WARN] ModelIntegratedComponent:63 - No mode defined for component null
2023-07-12 09:56:22,295 [WARN] ModelIntegratedComponent:63 - No mode defined for component null
2023-07-12 09:56:22,295 [WARN] ModelIntegratedComponent:63 - No mode defined for component null
2023-07-12 09:56:22,295 [WARN] ModelIntegratedComponent:63 - No mode defined for component null
2023-07-12 09:56:22,295 [WARN] ModelIntegratedComponent:63 - No mode defined for component null
2023-07-12 09:56:22,295 [WARN] ModelIntegratedComponent:63 - No mode defined for component null
2023-07-12 09:56:22,295 [WARN] ModelIntegratedComponent:63 - No mode defined for component null
2023-07-12 09:56:22,295 [WARN] ModelIntegratedComponent:63 - No mode defined for component null
2023-07-12 09:56:22,295 [WARN] ModelIntegratedComponent:63 - No mode defined for component null
2023-07-12 09:56:22,296 [WARN] ModelIntegratedComponent:63 - No mode defined for component null
2023-07-12 09:56:22,296 [WARN] ModelIntegratedComponent:63 - No mode defined for component null
2023-07-12 09:56:22,296 [WARN] ModelIntegratedComponent:63 - No mode defined for component null
2023-07-12 09:56:22,296 [WARN] ModelIntegratedComponent:63 - No mode defined for component null
2023-07-12 09:56:22,296 [WARN] ModelIntegratedComponent:63 - No mode defined for component null
2023-07-12 09:56:22,296 [WARN] ModelIntegratedComponent:63 - No mode defined for component null
2023-07-12 09:56:22,296 [WARN] ModelIntegratedComponent:63 - No mode defined for component null
2023-07-12 09:56:22,296 [WARN] ModelIntegratedComponent:63 - No mode defined for component null
2023-07-12 09:56:22,296 [WARN] ModelIntegratedComponent:63 - No mode defined for component null
2023-07-12 09:56:22,298 [WARN] ModelIntegratedComponent:63 - No mode defined for component null
2023-07-12 09:56:22,298 [WARN] ModelIntegratedComponent:63 - No mode defined for component null
2023-07-12 09:56:22,298 [WARN] ModelIntegratedComponent:63 - No mode defined for component null
2023-07-12 09:56:22,298 [WARN] ModelIntegratedComponent:63 - No mode defined for component null
2023-07-12 09:56:22,298 [WARN] ModelIntegratedComponent:63 - No mode defined for component null
2023-07-12 09:56:22,364 [WARN] ModelIntegratedComponent:182 - Modes not found for component STMicroelectronics:USB_DEVICE:1.0.0:STMicroelectronics:USB::USB Device:Audio HS::1.0:USB_DEVICE_1_0_RESTRICTED_HS
2023-07-12 09:56:22,364 [WARN] ModelIntegratedComponent:188 - Modes not found for component STMicroelectronics:USB_DEVICE:1.0.0:STMicroelectronics:USB::USB Device:Audio HS::1.0:USB_DEVICE_1_0_RESTRICTED_HS
2023-07-12 09:56:22,364 [WARN] ModelIntegratedComponent:182 - Modes not found for component STMicroelectronics:USB_DEVICE:1.0.0:STMicroelectronics:USB::USB Device:CDC HS::1.0:USB_DEVICE_1_0_RESTRICTED_HS
2023-07-12 09:56:22,364 [WARN] ModelIntegratedComponent:188 - Modes not found for component STMicroelectronics:USB_DEVICE:1.0.0:STMicroelectronics:USB::USB Device:CDC HS::1.0:USB_DEVICE_1_0_RESTRICTED_HS
2023-07-12 09:56:22,364 [WARN] ModelIntegratedComponent:182 - Modes not found for component STMicroelectronics:USB_DEVICE:1.0.0:STMicroelectronics:USB::USB Device:DFU HS::1.0:USB_DEVICE_1_0_RESTRICTED_HS
2023-07-12 09:56:22,364 [WARN] ModelIntegratedComponent:188 - Modes not found for component STMicroelectronics:USB_DEVICE:1.0.0:STMicroelectronics:USB::USB Device:DFU HS::1.0:USB_DEVICE_1_0_RESTRICTED_HS
2023-07-12 09:56:22,364 [WARN] ModelIntegratedComponent:182 - Modes not found for component STMicroelectronics:USB_DEVICE:1.0.0:STMicroelectronics:USB::USB Device:HID HS::1.0:USB_DEVICE_1_0_RESTRICTED_HS
2023-07-12 09:56:22,364 [WARN] ModelIntegratedComponent:188 - Modes not found for component STMicroelectronics:USB_DEVICE:1.0.0:STMicroelectronics:USB::USB Device:HID HS::1.0:USB_DEVICE_1_0_RESTRICTED_HS
2023-07-12 09:56:22,364 [WARN] ModelIntegratedComponent:182 - Modes not found for component STMicroelectronics:USB_DEVICE:1.0.0:STMicroelectronics:USB::USB Device:Custom HID HS::1.0:USB_DEVICE_1_0_RESTRICTED_HS
2023-07-12 09:56:22,364 [WARN] ModelIntegratedComponent:188 - Modes not found for component STMicroelectronics:USB_DEVICE:1.0.0:STMicroelectronics:USB::USB Device:Custom HID HS::1.0:USB_DEVICE_1_0_RESTRICTED_HS
2023-07-12 09:56:22,364 [WARN] ModelIntegratedComponent:182 - Modes not found for component STMicroelectronics:USB_DEVICE:1.0.0:STMicroelectronics:USB::USB Device:MSC HS::1.0:USB_DEVICE_1_0_RESTRICTED_HS
2023-07-12 09:56:22,364 [WARN] ModelIntegratedComponent:188 - Modes not found for component STMicroelectronics:USB_DEVICE:1.0.0:STMicroelectronics:USB::USB Device:MSC HS::1.0:USB_DEVICE_1_0_RESTRICTED_HS
2023-07-12 09:56:22,368 [INFO] ThirdPartyModel:298 - Start build external matchings
2023-07-12 09:56:22,516 [INFO] ThirdPartyModel:316 - End build external matchings
2023-07-12 09:56:22,739 [INFO] UtilMem:75 - End LoadConfig() Used Memory: 528758496 Bytes (714080256)
2023-07-12 09:56:22,859 [INFO] ApiDb:581 - Connected to CubeFinder SQLite database (C:\Users\celin\.stmcufinder\plugins\mcufinder\mcu\cube-finder-db.db)
2023-07-12 09:56:22,923 [INFO] ApiDb:668 - CubeFinder database Data Model version=2.1
2023-07-12 09:56:22,923 [INFO] ApiDb:669 - CubeFinder database Configuration version=3.0.37
2023-07-12 09:56:22,923 [INFO] ApiDb:670 - CubeFinder database generation date=2023-06-26 (1687786131)
2023-07-12 09:56:22,928 [INFO] ApiDb:671 - CubeFinder database FW Pack versions=[FP-ATR-ASTRA1_V2.0.0, FP-SNS-FLIGHT1_V5.0.1, FP-SNS-MOTENV1_V4.3.1, STM32Cube_FW_C0_V1.1.0, STM32Cube_FW_F4_V1.27.1, STM32Cube_FW_F7_V1.17.0, STM32Cube_FW_G0_V1.6.1, STM32Cube_FW_G4_V1.5.1, STM32Cube_FW_H5_V0.5.1, STM32Cube_FW_H5_V1.1.0, STM32Cube_FW_H7_V1.11.0, STM32Cube_FW_L0_V1.12.2, STM32Cube_FW_L5_V1.5.0, STM32Cube_FW_U5_V1.3.0, STM32Cube_FW_U5_V1.3.0RC4, STM32Cube_FW_WBA_V1.0.0RC1, STM32Cube_FW_WBA_V1.1.0, STM32Cube_FW_WBA_V1.1.0RC1, STM32Cube_FW_WB_V1.15.0RC1, STM32Cube_FW_WB_V1.16.0, STM32Cube_FW_WB_V1.16.0RC2, STM32Cube_FW_WB_V1.17.0, STM32Cube_FW_WL_V1.3.0, X-CUBE-ALGOBUILD_V1.3.0, X-CUBE-ALS_V1.0.1, X-CUBE-AZRTOS-F4_V1.1.0, X-CUBE-AZRTOS-F7_V1.1.0, X-CUBE-AZRTOS-G0_V1.1.0, X-CUBE-AZRTOS-G4_V2.0.0, X-CUBE-AZRTOS-H7_V3.1.0, X-CUBE-AZRTOS-L4_V1.0.0, X-CUBE-AZRTOS-L4_V2.0.0, X-CUBE-AZRTOS-L5_V1.1.0, X-CUBE-AZRTOS-WB_V1.1.0, X-CUBE-AZRTOS-WL_V2.0.0, X-CUBE-BLE1_V6.2.4, X-CUBE-BLE2_V3.3.0, X-CUBE-BLEMGR_V2.0.0, X-CUBE-EEPRMA1_V4.1.0, X-CUBE-FREERTOS_V1.0.1, X-CUBE-GNSS1_V6.0.0, X-CUBE-MEMS1_V9.1.0, X-CUBE-MEMS1_V9.4.0, X-CUBE-MEMS1_V9.6.0, X-CUBE-NFC4_V3.0.0, X-CUBE-NFC7_V1.0.0, X-CUBE-SFXS2LP1_V4.0.0, X-CUBE-SUBG2_V5.0.0]
2023-07-12 09:56:25,278 [INFO] ApiDb:240 - Found 297 in-development CPN: [B-G473E-ZEST1S, B-WB1M-WPAN1, B-WL5M-SUBG1, NUCLEO-C031C6, NUCLEO-H503RB, NUCLEO-H563ZI, NUCLEO-U545RE-Q, NUCLEO-U5A5ZJ-Q, NUCLEO-WBA52CG, STEVAL-PROTEUS1, STEVAL-STWINBX1, STM320518-EVAL, STM32C0116-DK, STM32C011D6Y3TR, STM32C011D6Y6TR, STM32C011F4P3, STM32C011F4P6, STM32C011F4U3, STM32C011F4U6TR, STM32C011F6P3, STM32C011F6P6, STM32C011F6U3, STM32C011F6U6TR, STM32C011J4M3, STM32C011J4M6, STM32C011J6M3, STM32C011J6M6, STM32C0316-DK, STM32C031C4T3, STM32C031C4T6, STM32C031C4U3, STM32C031C4U6, STM32C031C6T3, STM32C031C6T6, STM32C031C6U3, STM32C031C6U6, STM32C031F4P3, STM32C031F4P6, STM32C031F6P3, STM32C031F6P6, STM32C031G4U3, STM32C031G4U6, STM32C031G6U3, STM32C031G6U6, STM32C031K4T3, STM32C031K4T6, STM32C031K4U3, STM32C031K4U6, STM32C031K6T3, STM32C031K6T6, STM32C031K6U3, STM32C031K6U6, STM32G071K8TXN, STM32G071K8UXN, STM32G081GBU6N, STM32G081KBT6N, STM32G081KBUXN, STM32G0B1CCT6N, STM32G0B1KCT6, STM32G0B1NEY6TR, STM32G0B1RCT6N, STM32G0C1CCT6, STM32G0C1CCT6N, STM32G0C1CCU6N, STM32G0C1CET6N, STM32G0C1CEU6N, STM32G0C1KCT6, STM32G0C1NEY6TR, STM32G0C1RCI6N, STM32G0C1RCT6N, STM32G0C1REI6N, STM32G0C1RET6N, STM32G0C1VCI6, STM32G0C1VEI6, STM32G471CCT6, STM32G471CCU6, STM32G471CET3, STM32G471CET6, STM32G471CEU3, STM32G471CEU6, STM32G471MCT6, STM32G471MET3, STM32G471MET6, STM32G471MEY6TR, STM32G471QCT6, STM32G471QET3, STM32G471RCT6, STM32G471RET3, STM32G471RET6, STM32G471VCH6, STM32G471VCI6, STM32G471VCT6, STM32G471VEH3, STM32G471VEH6, STM32G471VEI3, STM32G471VEI6, STM32G471VET3, STM32G471VET6, STM32G474CCT6, STM32H503CBT6, STM32H503CBU6, STM32H503EBY6TR, STM32H503KBU6, STM32H503RBT6, STM32H562AGI6, STM32H562AII6, STM32H562IGK6, STM32H562IGT6, STM32H562IIK6, STM32H562IIT6, STM32H562RGT6, STM32H562RGV6, STM32H562RIT6, STM32H562RIV6, STM32H562VGT6, STM32H562VIT6, STM32H562ZGT6, STM32H562ZIT6, STM32H563AGI6, STM32H563AII3Q, STM32H563AII6, STM32H563IGK6, STM32H563IGT6, STM32H563IIK3Q, STM32H563IIK6, STM32H563IIT3Q, STM32H563IIT6, STM32H563MIY3QTR, STM32H563RGT6, STM32H563RGV6, STM32H563RIT6, STM32H563RIV6, STM32H563VGT6, STM32H563VIT3Q, STM32H563VIT6, STM32H563ZGT6, STM32H563ZIT3Q, STM32H563ZIT6, STM32H573AII3Q, STM32H573AII6, STM32H573I-DK, STM32H573IIK3Q, STM32H573IIK6, STM32H573IIT3Q, STM32H573IIT6, STM32H573MIY3QTR, STM32H573RIT6, STM32H573RIV6, STM32H573VIT3Q, STM32H573VIT6, STM32H573ZIT3Q, STM32H573ZIT6, STM32L4R5QGI6STR, STM32MP131AAE3, STM32MP131AAF3, STM32MP131AAG3, STM32MP131CAE3, STM32MP131CAF3, STM32MP131CAG3, STM32MP131DAE7, STM32MP131DAF7, STM32MP131DAG7, STM32MP131FAE7, STM32MP131FAF7, STM32MP131FAG7, STM32MP133AAE3, STM32MP133AAF3, STM32MP133AAG3, STM32MP133CAE3, STM32MP133CAF3, STM32MP133CAG3, STM32MP133DAE7, STM32MP133DAF7, STM32MP133DAG7, STM32MP133FAE7, STM32MP133FAF7, STM32MP133FAG7, STM32MP135AAE3, STM32MP135AAF3, STM32MP135AAG3, STM32MP135CAE3, STM32MP135CAF3, STM32MP135CAG3, STM32MP135DAE7, STM32MP135DAF7, STM32MP135DAG7, STM32MP135F-DK, STM32MP135FAE7, STM32MP135FAF7, STM32MP135FAF7T, STM32MP135FAF7U, STM32MP135FAG7, STM32U535CBT6, STM32U535CBT6Q, STM32U535CBU6, STM32U535CBU6Q, STM32U535CCT6, STM32U535CCT6Q, STM32U535CCU6, STM32U535CCU6Q, STM32U535CET6, STM32U535CET6Q, STM32U535CEU6, STM32U535CEU6Q, STM32U535JEY6QTR, STM32U535NCY6QTR, STM32U535NEY6QTR, STM32U535RBI6, STM32U535RBI6Q, STM32U535RBT6, STM32U535RBT6Q, STM32U535RCI6, STM32U535RCI6Q, STM32U535RCT6, STM32U535RCT6Q, STM32U535REI6, STM32U535REI6Q, STM32U535RET6, STM32U535RET6Q, STM32U535VCI6, STM32U535VCI6Q, STM32U535VCT6, STM32U535VCT6Q, STM32U535VEI6, STM32U535VEI6Q, STM32U535VET6, STM32U535VET6Q, STM32U545CET6, STM32U545CET6Q, STM32U545CEU6, STM32U545CEU6Q, STM32U545JEY6QTR, STM32U545NEY6QTR, STM32U545REI6, STM32U545REI6Q, STM32U545RET6, STM32U545RET6Q, STM32U545VEI6, STM32U545VEI6Q, STM32U545VET6, STM32U545VET6Q, STM32U595AIH6, STM32U595AIH6Q, STM32U595AJH6, STM32U595AJH6Q, STM32U595QII6, STM32U595QII6Q, STM32U595QJI6, STM32U595QJI6Q, STM32U595RIT6, STM32U595RIT6Q, STM32U595RJT6, STM32U595RJT6Q, STM32U595VIT6, STM32U595VIT6Q, STM32U595VJT6, STM32U595VJT6Q, STM32U595ZIT6, STM32U595ZIT6Q, STM32U595ZIY6QTR, STM32U595ZJT6, STM32U595ZJT6Q, STM32U595ZJY6QTR, STM32U599BJY6QTR, STM32U599NIH6Q, STM32U599NJH6Q, STM32U599VIT6Q, STM32U599VJT6, STM32U599VJT6Q, STM32U599ZIT6Q, STM32U599ZIY6QTR, STM32U599ZJT6Q, STM32U599ZJY6QTR, STM32U5A5AJH6, STM32U5A5AJH6Q, STM32U5A5QJI6, STM32U5A5QJI6Q, STM32U5A5RJT6, STM32U5A5RJT6Q, STM32U5A5VJT6, STM32U5A5VJT6Q, STM32U5A5ZJT6, STM32U5A5ZJT6Q, STM32U5A5ZJY6QTR, STM32U5A9BJY6QTR, STM32U5A9J-DK, STM32U5A9NJH6Q, STM32U5A9VJT6Q, STM32U5A9ZJT6Q, STM32U5A9ZJY6QTR, STM32WB1MMCH6, STM32WBA52CEU6, STM32WBA52CEU6T, STM32WBA52CGU6, STM32WBA52CGU6T, STM32WL5MOCH6, STM32WL5MOCH6TR]
2023-07-12 09:56:25,279 [INFO] DbMcus:216 - Found 3825 MCUs, 3825 are supported
2023-07-12 09:56:25,279 [INFO] ApiDb:423 - Load user favorites file C:\Users\celin/.stm32cubeide/favorites.mcus.txt: 0 item(s)
2023-07-12 09:56:25,279 [INFO] ApiDb:427 - User favorites MCUs=[]
2023-07-12 09:56:25,279 [INFO] DbMcus:222 - Set 0 / 0 favorites MCUs
2023-07-12 09:56:25,701 [WARN] ThirdParty:833 - waiting for thirdparty lock release [change project]
2023-07-12 09:56:25,701 [INFO] ThirdParty:835 - entering critical section [change project]
2023-07-12 09:56:25,703 [INFO] ThirdParty:1030 - CMSIS Pack Vendor :STMicroelectronics X-CUBE-ISPU 1.1.0
2023-07-12 09:56:25,703 [INFO] ThirdParty:1030 - CMSIS Pack Vendor :STMicroelectronics X-CUBE-GNSS1 6.0.0
2023-07-12 09:56:25,703 [INFO] ThirdParty:1030 - CMSIS Pack Vendor :STMicroelectronics USB_HOST 2.0.0
2023-07-12 09:56:25,703 [INFO] ThirdParty:1030 - CMSIS Pack Vendor :STMicroelectronics X-CUBE-AZRTOS-F4 1.1.0
2023-07-12 09:56:25,703 [INFO] ThirdParty:1030 - CMSIS Pack Vendor :STMicroelectronics LIBJPEG 8.0.0
2023-07-12 09:56:25,703 [INFO] ThirdParty:1030 - CMSIS Pack Vendor :STMicroelectronics X-CUBE-SMBUS 2.1.0
2023-07-12 09:56:25,703 [INFO] ThirdParty:1030 - CMSIS Pack Vendor :wolfSSL I-CUBE-wolfSSL 5.6.0
2023-07-12 09:56:25,703 [INFO] ThirdParty:1030 - CMSIS Pack Vendor :STMicroelectronics USB_DEVICE 3.0.0
2023-07-12 09:56:25,703 [INFO] ThirdParty:1030 - CMSIS Pack Vendor :STMicroelectronics X-CUBE-FREERTOS 1.0.1
2023-07-12 09:56:25,703 [INFO] ThirdParty:1030 - CMSIS Pack Vendor :STMicroelectronics X-CUBE-AZRTOS-F7 1.1.0
2023-07-12 09:56:25,703 [INFO] ThirdParty:1030 - CMSIS Pack Vendor :STMicroelectronics X-CUBE-TOUCHGFX 4.21.4
2023-07-12 09:56:25,703 [INFO] ThirdParty:1030 - CMSIS Pack Vendor :STMicroelectronics USB_DEVICE 2.0.0
2023-07-12 09:56:25,703 [INFO] ThirdParty:1030 - CMSIS Pack Vendor :STMicroelectronics X-CUBE-MEMS1 9.6.0
2023-07-12 09:56:25,703 [INFO] ThirdParty:1030 - CMSIS Pack Vendor :STMicroelectronics FP-SNS-MOTENV1 4.3.2
2023-07-12 09:56:25,703 [INFO] ThirdParty:1030 - CMSIS Pack Vendor :STMicroelectronics FP-SNS-MOTENV1 4.3.1
2023-07-12 09:56:25,703 [INFO] ThirdParty:1030 - CMSIS Pack Vendor :STMicroelectronics FP-SNS-FLIGHT1 5.0.1
2023-07-12 09:56:25,703 [INFO] ThirdParty:1030 - CMSIS Pack Vendor :STMicroelectronics X-CUBE-ALGOBUILD 1.3.0
2023-07-12 09:56:25,703 [INFO] ThirdParty:1030 - CMSIS Pack Vendor :STMicroelectronics X-CUBE-BLE1 6.2.4
2023-07-12 09:56:25,703 [INFO] ThirdParty:1030 - CMSIS Pack Vendor :STMicroelectronics X-CUBE-AZRTOS-L5 1.1.0
2023-07-12 09:56:25,703 [INFO] ThirdParty:1030 - CMSIS Pack Vendor :STMicroelectronics FreeRTOS 0.0.1
2023-07-12 09:56:25,703 [INFO] ThirdParty:1030 - CMSIS Pack Vendor :STMicroelectronics X-CUBE-AZRTOS-G0 1.1.0
2023-07-12 09:56:25,703 [INFO] ThirdParty:1030 - CMSIS Pack Vendor :emotas I-CUBE-CANOPEN 1.1.3
2023-07-12 09:56:25,703 [INFO] ThirdParty:1030 - CMSIS Pack Vendor :STMicroelectronics X-CUBE-BLEMGR 2.0.0
2023-07-12 09:56:25,703 [INFO] ThirdParty:1030 - CMSIS Pack Vendor :STMicroelectronics X-CUBE-AI 8.0.1
2023-07-12 09:56:25,703 [INFO] ThirdParty:1030 - CMSIS Pack Vendor :STMicroelectronics X-CUBE-NFC4 3.0.0
2023-07-12 09:56:25,703 [INFO] ThirdParty:1030 - CMSIS Pack Vendor :STMicroelectronics X-CUBE-SUBG2 5.0.0
2023-07-12 09:56:25,703 [INFO] ThirdParty:1030 - CMSIS Pack Vendor :STMicroelectronics STM32_WPAN 1.0.0
2023-07-12 09:56:25,703 [INFO] ThirdParty:1030 - CMSIS Pack Vendor :STMicroelectronics lwIP 2.0.3
2023-07-12 09:56:25,703 [INFO] ThirdParty:1030 - CMSIS Pack Vendor :STMicroelectronics USB_HOST 1.0.0
2023-07-12 09:56:25,703 [INFO] ThirdParty:1030 - CMSIS Pack Vendor :STMicroelectronics X-CUBE-AZRTOS-G4 2.0.0
2023-07-12 09:56:25,703 [INFO] ThirdParty:1030 - CMSIS Pack Vendor :STMicroelectronics PDM2PCM 3.1.0
2023-07-12 09:56:25,703 [INFO] ThirdParty:1030 - CMSIS Pack Vendor :STMicroelectronics X-CUBE-AZRTOS-H7 3.1.0
2023-07-12 09:56:25,703 [INFO] ThirdParty:1030 - CMSIS Pack Vendor :STMicroelectronics X-CUBE-TOF1 3.3.0
2023-07-12 09:56:25,703 [INFO] ThirdParty:1030 - CMSIS Pack Vendor :STMicroelectronics PDM2PCM 3.3.0
2023-07-12 09:56:25,703 [INFO] ThirdParty:1030 - CMSIS Pack Vendor :STMicroelectronics X-CUBE-DISPLAY 3.0.0
2023-07-12 09:56:25,703 [INFO] ThirdParty:1030 - CMSIS Pack Vendor :STMicroelectronics FP-ATR-SIGFOX1 3.2.0
2023-07-12 09:56:25,703 [INFO] ThirdParty:1030 - CMSIS Pack Vendor :STMicroelectronics HAL Drivers 0.0.0
2023-07-12 09:56:25,703 [INFO] ThirdParty:1030 - CMSIS Pack Vendor :STMicroelectronics MBEDTLS 2.16.2
2023-07-12 09:56:25,703 [INFO] ThirdParty:1030 - CMSIS Pack Vendor :STMicroelectronics X-CUBE-TOUCHGFX 4.22.0
2023-07-12 09:56:25,703 [INFO] ThirdParty:1030 - CMSIS Pack Vendor :STMicroelectronics X-CUBE-NFC7 1.0.1
2023-07-12 09:56:25,703 [INFO] ThirdParty:1030 - CMSIS Pack Vendor :STMicroelectronics MBEDTLS 2.14.1
2023-07-12 09:56:25,703 [INFO] ThirdParty:1030 - CMSIS Pack Vendor :STMicroelectronics X-CUBE-NFC7 1.0.0
2023-07-12 09:56:25,703 [INFO] ThirdParty:1030 - CMSIS Pack Vendor :STMicroelectronics X-CUBE-AZRTOS-WL 1.0.0
2023-07-12 09:56:25,703 [INFO] ThirdParty:1030 - CMSIS Pack Vendor :STMicroelectronics X-CUBE-EEPRMA1 4.1.0
2023-07-12 09:56:25,703 [INFO] ThirdParty:1030 - CMSIS Pack Vendor :portGmbH I-Cube-SoM-uGOAL 1.1.0
2023-07-12 09:56:25,703 [INFO] ThirdParty:1030 - CMSIS Pack Vendor :STMicroelectronics X-CUBE-ALS 1.0.1
2023-07-12 09:56:25,703 [INFO] ThirdParty:1030 - CMSIS Pack Vendor :STMicroelectronics ThreadX 1.0.0
2023-07-12 09:56:25,703 [INFO] ThirdParty:1030 - CMSIS Pack Vendor :STMicroelectronics X-CUBE-AZRTOS-WB 1.1.0
2023-07-12 09:56:25,703 [INFO] ThirdParty:1030 - CMSIS Pack Vendor :STMicroelectronics X-CUBE-AZRTOS-WL 2.0.0
2023-07-12 09:56:25,703 [INFO] ThirdParty:1030 - CMSIS Pack Vendor :SEGGER I-CUBE-embOS 1.3.1
2023-07-12 09:56:25,703 [INFO] ThirdParty:1030 - CMSIS Pack Vendor :STMicroelectronics USB_DEVICE 1.0.0
2023-07-12 09:56:25,703 [INFO] ThirdParty:1030 - CMSIS Pack Vendor :STMicroelectronics X-CUBE-AZRTOS-L4 2.0.0
2023-07-12 09:56:25,703 [INFO] ThirdParty:1030 - CMSIS Pack Vendor :STMicroelectronics ThreadX 0.0.2
2023-07-12 09:56:25,703 [INFO] ThirdParty:1030 - CMSIS Pack Vendor :WES I-CUBE-Cesium 1.3.0
2023-07-12 09:56:25,703 [INFO] ThirdParty:1030 - CMSIS Pack Vendor :STMicroelectronics FP-ATR-ASTRA1 2.0.0
2023-07-12 09:56:25,703 [INFO] ThirdParty:1030 - CMSIS Pack Vendor :STMicroelectronics lwIP 2.1.2
2023-07-12 09:56:25,703 [INFO] ThirdParty:1030 - CMSIS Pack Vendor :STMicroelectronics X-CUBE-SFXS2LP1 4.0.0
2023-07-12 09:56:25,703 [INFO] ThirdParty:1030 - CMSIS Pack Vendor :STMicroelectronics X-CUBE-BLE2 3.3.0
2023-07-12 09:56:25,703 [INFO] ThirdParty:1030 - CMSIS Pack Vendor :STMicroelectronics PDM2PCM 3.2.0
2023-07-12 09:56:25,703 [INFO] ThirdParty:841 - exiting critical section [change project]
2023-07-12 09:56:26,021 [INFO] PinOutPanel:1499 - setPackage(No Configuration,No Configuration)
2023-07-12 09:56:26,022 [INFO] PinOutPanel:1499 - setPackage(STM32F411CEUx,UFQFPN48)
2023-07-12 09:56:26,626 [INFO] UtilMem:75 - Before build in PCC Used Memory: 536622200 Bytes (714080256)
2023-07-12 09:56:27,492 [INFO] UtilMem:75 - After build in PCC Used Memory: 512293136 Bytes (714080256)
2023-07-12 09:56:27,522 [INFO] IPUIPlugin:80 - create IPUIPlugin
2023-07-12 09:56:27,524 [INFO] IPUIPlugin:80 - create IPUIPlugin
2023-07-12 09:56:27,524 [INFO] IPUIPlugin:80 - create IPUIPlugin
2023-07-12 09:56:27,524 [INFO] IPUIPlugin:80 - create IPUIPlugin
2023-07-12 09:56:27,524 [INFO] IPUIPlugin:80 - create IPUIPlugin
2023-07-12 09:56:27,524 [INFO] IPUIPlugin:80 - create IPUIPlugin
2023-07-12 09:56:27,525 [INFO] IPUIPlugin:80 - create IPUIPlugin
2023-07-12 09:56:27,525 [INFO] IPUIPlugin:80 - create IPUIPlugin
2023-07-12 09:56:27,525 [INFO] IPUIPlugin:80 - create IPUIPlugin
2023-07-12 09:56:27,525 [INFO] IPUIPlugin:80 - create IPUIPlugin
2023-07-12 09:56:27,525 [INFO] IPUIPlugin:80 - create IPUIPlugin
2023-07-12 09:56:27,525 [INFO] IPUIPlugin:80 - create IPUIPlugin
2023-07-12 09:56:27,525 [INFO] IPUIPlugin:80 - create IPUIPlugin
2023-07-12 09:56:27,525 [INFO] IPUIPlugin:80 - create IPUIPlugin
2023-07-12 09:56:27,525 [INFO] IPUIPlugin:80 - create IPUIPlugin
2023-07-12 09:56:27,527 [INFO] IPUIPlugin:80 - create IPUIPlugin
2023-07-12 09:56:27,527 [INFO] IPUIPlugin:80 - create IPUIPlugin
2023-07-12 09:56:27,527 [INFO] IPUIPlugin:80 - create IPUIPlugin
2023-07-12 09:56:27,527 [INFO] IPUIPlugin:80 - create IPUIPlugin
2023-07-12 09:56:27,527 [INFO] IPUIPlugin:80 - create IPUIPlugin
2023-07-12 09:56:27,527 [INFO] IPUIPlugin:80 - create IPUIPlugin
2023-07-12 09:56:27,529 [INFO] IPUIPlugin:80 - create IPUIPlugin
2023-07-12 09:56:27,529 [INFO] IPUIPlugin:80 - create IPUIPlugin
2023-07-12 09:56:27,529 [INFO] IPUIPlugin:80 - create IPUIPlugin
2023-07-12 09:56:27,529 [INFO] IPUIPlugin:80 - create IPUIPlugin
2023-07-12 09:56:27,529 [INFO] IPUIPlugin:80 - create IPUIPlugin
2023-07-12 09:56:27,529 [INFO] IPUIPlugin:80 - create IPUIPlugin
2023-07-12 09:56:27,530 [INFO] IPUIPlugin:80 - create IPUIPlugin
2023-07-12 09:56:27,530 [INFO] IPUIPlugin:80 - create IPUIPlugin
2023-07-12 09:56:27,530 [INFO] IPUIPlugin:80 - create IPUIPlugin
2023-07-12 09:56:27,530 [INFO] IPUIPlugin:80 - create IPUIPlugin
2023-07-12 09:56:27,530 [INFO] IPUIPlugin:80 - create IPUIPlugin
2023-07-12 09:56:27,530 [INFO] IPUIPlugin:80 - create IPUIPlugin
2023-07-12 09:56:27,530 [INFO] IPUIPlugin:80 - create IPUIPlugin
2023-07-12 09:56:27,530 [INFO] IPUIPlugin:80 - create IPUIPlugin
2023-07-12 09:56:27,530 [INFO] IPUIPlugin:80 - create IPUIPlugin
2023-07-12 09:56:27,532 [INFO] IPUIPlugin:80 - create IPUIPlugin
2023-07-12 09:56:27,532 [INFO] IPUIPlugin:80 - create IPUIPlugin
2023-07-12 09:56:27,532 [INFO] IPUIPlugin:80 - create IPUIPlugin
2023-07-12 09:56:27,532 [INFO] IPUIPlugin:80 - create IPUIPlugin
2023-07-12 09:56:27,532 [INFO] IPUIPlugin:80 - create IPUIPlugin
2023-07-12 09:56:27,532 [INFO] IPUIPlugin:80 - create IPUIPlugin
2023-07-12 09:56:27,532 [INFO] IPUIPlugin:80 - create IPUIPlugin
2023-07-12 09:56:27,646 [INFO] ApiDbMcu:507 - Load IP Config File for PDM2PCM
2023-07-12 09:56:27,836 [INFO] CADModel:165 - CPN selected for project levelSTM32F411CEU6
2023-07-12 09:56:27,836 [INFO] CADModel:114 - Register for checkConnection events
2023-07-12 09:56:27,895 [INFO] OpenFileManager:328 - Restore cursor
2023-07-12 10:03:29,152 [WARN] MainPanel:257 - <html><b><center>Warning: This peripheral has no parameters to be configured<br></b></html>
2023-07-12 10:04:42,800 [INFO] ApiDbMcu:507 - Load IP Config File for USB_DEVICE
2023-07-12 10:04:43,722 [WARN] IP:2113 - DEVICE_SERIAL0_CDC_FS not found: check if there is a RefParameter without a condition.
2023-07-12 10:04:43,722 [WARN] IP:2113 - DEVICE_SERIAL1_CDC_FS not found: check if there is a RefParameter without a condition.
2023-07-12 10:04:43,722 [WARN] IP:2113 - DEVICE_SERIAL2_CDC_FS not found: check if there is a RefParameter without a condition.
2023-07-12 10:04:43,746 [WARN] IP:2113 - DEVICE_SERIAL0_CDC_FS not found: check if there is a RefParameter without a condition.
2023-07-12 10:04:43,746 [WARN] IP:2113 - DEVICE_SERIAL1_CDC_FS not found: check if there is a RefParameter without a condition.
2023-07-12 10:04:43,746 [WARN] IP:2113 - DEVICE_SERIAL2_CDC_FS not found: check if there is a RefParameter without a condition.
2023-07-12 10:04:43,754 [WARN] IP:2113 - DEVICE_SERIAL0_CDC_FS not found: check if there is a RefParameter without a condition.
2023-07-12 10:04:43,754 [WARN] IP:2113 - DEVICE_SERIAL1_CDC_FS not found: check if there is a RefParameter without a condition.
2023-07-12 10:04:43,754 [WARN] IP:2113 - DEVICE_SERIAL2_CDC_FS not found: check if there is a RefParameter without a condition.
2023-07-12 10:04:43,941 [WARN] IP:2113 - DEVICE_SERIAL0_CDC_FS not found: check if there is a RefParameter without a condition.
2023-07-12 10:04:43,941 [WARN] IP:2113 - DEVICE_SERIAL1_CDC_FS not found: check if there is a RefParameter without a condition.
2023-07-12 10:04:43,946 [WARN] IP:2113 - DEVICE_SERIAL2_CDC_FS not found: check if there is a RefParameter without a condition.
2023-07-12 10:04:43,946 [WARN] IP:2113 - DEVICE_SERIAL0_CDC_FS not found: check if there is a RefParameter without a condition.
2023-07-12 10:04:43,948 [WARN] IP:2113 - DEVICE_SERIAL1_CDC_FS not found: check if there is a RefParameter without a condition.
2023-07-12 10:04:43,948 [WARN] IP:2113 - DEVICE_SERIAL2_CDC_FS not found: check if there is a RefParameter without a condition.
2023-07-12 10:05:46,730 [WARN] IP:2113 - DEVICE_SERIAL0_CDC_FS not found: check if there is a RefParameter without a condition.
2023-07-12 10:05:46,730 [WARN] IP:2113 - DEVICE_SERIAL1_CDC_FS not found: check if there is a RefParameter without a condition.
2023-07-12 10:05:46,730 [WARN] IP:2113 - DEVICE_SERIAL2_CDC_FS not found: check if there is a RefParameter without a condition.
2023-07-12 10:05:46,737 [WARN] IP:2113 - DEVICE_SERIAL0_CDC_FS not found: check if there is a RefParameter without a condition.
2023-07-12 10:05:46,737 [WARN] IP:2113 - DEVICE_SERIAL1_CDC_FS not found: check if there is a RefParameter without a condition.
2023-07-12 10:05:46,737 [WARN] IP:2113 - DEVICE_SERIAL2_CDC_FS not found: check if there is a RefParameter without a condition.
2023-07-12 10:05:59,798 [WARN] IP:2113 - DEVICE_SERIAL0_CDC_FS not found: check if there is a RefParameter without a condition.
2023-07-12 10:05:59,798 [WARN] IP:2113 - DEVICE_SERIAL1_CDC_FS not found: check if there is a RefParameter without a condition.
2023-07-12 10:05:59,798 [WARN] IP:2113 - DEVICE_SERIAL2_CDC_FS not found: check if there is a RefParameter without a condition.
2023-07-12 10:05:59,798 [WARN] IP:2113 - DEVICE_SERIAL0_CDC_FS not found: check if there is a RefParameter without a condition.
2023-07-12 10:05:59,798 [WARN] IP:2113 - DEVICE_SERIAL1_CDC_FS not found: check if there is a RefParameter without a condition.
2023-07-12 10:05:59,798 [WARN] IP:2113 - DEVICE_SERIAL2_CDC_FS not found: check if there is a RefParameter without a condition.
2023-07-12 10:05:59,859 [WARN] IP:2113 - DEVICE_SERIAL0_CDC_FS not found: check if there is a RefParameter without a condition.
2023-07-12 10:05:59,863 [WARN] IP:2113 - DEVICE_SERIAL1_CDC_FS not found: check if there is a RefParameter without a condition.
2023-07-12 10:05:59,863 [WARN] IP:2113 - DEVICE_SERIAL2_CDC_FS not found: check if there is a RefParameter without a condition.
2023-07-12 10:05:59,863 [WARN] IP:2113 - DEVICE_SERIAL0_CDC_FS not found: check if there is a RefParameter without a condition.
2023-07-12 10:05:59,863 [WARN] IP:2113 - DEVICE_SERIAL1_CDC_FS not found: check if there is a RefParameter without a condition.
2023-07-12 10:05:59,863 [WARN] IP:2113 - DEVICE_SERIAL2_CDC_FS not found: check if there is a RefParameter without a condition.
2023-07-12 10:06:00,114 [WARN] IP:2113 - DEVICE_SERIAL0_CDC_FS not found: check if there is a RefParameter without a condition.
2023-07-12 10:06:00,114 [WARN] IP:2113 - DEVICE_SERIAL1_CDC_FS not found: check if there is a RefParameter without a condition.
2023-07-12 10:06:00,114 [WARN] IP:2113 - DEVICE_SERIAL2_CDC_FS not found: check if there is a RefParameter without a condition.
2023-07-12 10:06:00,114 [WARN] IP:2113 - DEVICE_SERIAL0_CDC_FS not found: check if there is a RefParameter without a condition.
2023-07-12 10:06:00,114 [WARN] IP:2113 - DEVICE_SERIAL1_CDC_FS not found: check if there is a RefParameter without a condition.
2023-07-12 10:06:00,114 [WARN] IP:2113 - DEVICE_SERIAL2_CDC_FS not found: check if there is a RefParameter without a condition.
2023-07-12 10:06:00,178 [WARN] IP:2113 - DEVICE_SERIAL0_CDC_FS not found: check if there is a RefParameter without a condition.
2023-07-12 10:06:00,178 [WARN] IP:2113 - DEVICE_SERIAL1_CDC_FS not found: check if there is a RefParameter without a condition.
2023-07-12 10:06:00,178 [WARN] IP:2113 - DEVICE_SERIAL2_CDC_FS not found: check if there is a RefParameter without a condition.
2023-07-12 10:06:00,186 [WARN] IP:2113 - DEVICE_SERIAL0_CDC_FS not found: check if there is a RefParameter without a condition.
2023-07-12 10:06:00,186 [WARN] IP:2113 - DEVICE_SERIAL1_CDC_FS not found: check if there is a RefParameter without a condition.
2023-07-12 10:06:00,186 [WARN] IP:2113 - DEVICE_SERIAL2_CDC_FS not found: check if there is a RefParameter without a condition.
2023-07-12 10:06:00,615 [WARN] IP:2113 - DEVICE_SERIAL0_CDC_FS not found: check if there is a RefParameter without a condition.
2023-07-12 10:06:00,615 [WARN] IP:2113 - DEVICE_SERIAL1_CDC_FS not found: check if there is a RefParameter without a condition.
2023-07-12 10:06:00,615 [WARN] IP:2113 - DEVICE_SERIAL2_CDC_FS not found: check if there is a RefParameter without a condition.
2023-07-12 10:06:00,615 [WARN] IP:2113 - DEVICE_SERIAL0_CDC_FS not found: check if there is a RefParameter without a condition.
2023-07-12 10:06:00,615 [WARN] IP:2113 - DEVICE_SERIAL1_CDC_FS not found: check if there is a RefParameter without a condition.
2023-07-12 10:06:00,620 [WARN] IP:2113 - DEVICE_SERIAL2_CDC_FS not found: check if there is a RefParameter without a condition.
2023-07-12 10:06:00,763 [WARN] IP:2113 - DEVICE_SERIAL0_CDC_FS not found: check if there is a RefParameter without a condition.
2023-07-12 10:06:00,763 [WARN] IP:2113 - DEVICE_SERIAL1_CDC_FS not found: check if there is a RefParameter without a condition.
2023-07-12 10:06:00,763 [WARN] IP:2113 - DEVICE_SERIAL2_CDC_FS not found: check if there is a RefParameter without a condition.
2023-07-12 10:06:00,766 [WARN] IP:2113 - DEVICE_SERIAL0_CDC_FS not found: check if there is a RefParameter without a condition.
2023-07-12 10:06:00,766 [WARN] IP:2113 - DEVICE_SERIAL1_CDC_FS not found: check if there is a RefParameter without a condition.
2023-07-12 10:06:00,766 [WARN] IP:2113 - DEVICE_SERIAL2_CDC_FS not found: check if there is a RefParameter without a condition.
2023-07-12 10:06:00,921 [WARN] IP:2113 - DEVICE_SERIAL0_CDC_FS not found: check if there is a RefParameter without a condition.
2023-07-12 10:06:00,927 [WARN] IP:2113 - DEVICE_SERIAL1_CDC_FS not found: check if there is a RefParameter without a condition.
2023-07-12 10:06:00,927 [WARN] IP:2113 - DEVICE_SERIAL2_CDC_FS not found: check if there is a RefParameter without a condition.
2023-07-12 10:06:00,928 [WARN] IP:2113 - DEVICE_SERIAL0_CDC_FS not found: check if there is a RefParameter without a condition.
2023-07-12 10:06:00,928 [WARN] IP:2113 - DEVICE_SERIAL1_CDC_FS not found: check if there is a RefParameter without a condition.
2023-07-12 10:06:00,928 [WARN] IP:2113 - DEVICE_SERIAL2_CDC_FS not found: check if there is a RefParameter without a condition.
2023-07-12 10:06:01,120 [WARN] IP:2113 - DEVICE_SERIAL0_CDC_FS not found: check if there is a RefParameter without a condition.
2023-07-12 10:06:01,120 [WARN] IP:2113 - DEVICE_SERIAL1_CDC_FS not found: check if there is a RefParameter without a condition.
2023-07-12 10:06:01,120 [WARN] IP:2113 - DEVICE_SERIAL2_CDC_FS not found: check if there is a RefParameter without a condition.
2023-07-12 10:06:01,120 [WARN] IP:2113 - DEVICE_SERIAL0_CDC_FS not found: check if there is a RefParameter without a condition.
2023-07-12 10:06:01,120 [WARN] IP:2113 - DEVICE_SERIAL1_CDC_FS not found: check if there is a RefParameter without a condition.
2023-07-12 10:06:01,120 [WARN] IP:2113 - DEVICE_SERIAL2_CDC_FS not found: check if there is a RefParameter without a condition.
2023-07-12 10:06:01,514 [WARN] IP:2113 - DEVICE_SERIAL0_CDC_FS not found: check if there is a RefParameter without a condition.
2023-07-12 10:06:01,514 [WARN] IP:2113 - DEVICE_SERIAL1_CDC_FS not found: check if there is a RefParameter without a condition.
2023-07-12 10:06:01,514 [WARN] IP:2113 - DEVICE_SERIAL2_CDC_FS not found: check if there is a RefParameter without a condition.
2023-07-12 10:06:01,522 [WARN] IP:2113 - DEVICE_SERIAL0_CDC_FS not found: check if there is a RefParameter without a condition.
2023-07-12 10:06:01,522 [WARN] IP:2113 - DEVICE_SERIAL1_CDC_FS not found: check if there is a RefParameter without a condition.
2023-07-12 10:06:01,522 [WARN] IP:2113 - DEVICE_SERIAL2_CDC_FS not found: check if there is a RefParameter without a condition.
2023-07-12 10:06:21,792 [WARN] IP:2113 - DEVICE_SERIAL0_CDC_FS not found: check if there is a RefParameter without a condition.
2023-07-12 10:06:21,792 [WARN] IP:2113 - DEVICE_SERIAL1_CDC_FS not found: check if there is a RefParameter without a condition.
2023-07-12 10:06:21,792 [WARN] IP:2113 - DEVICE_SERIAL2_CDC_FS not found: check if there is a RefParameter without a condition.
2023-07-12 10:06:21,798 [WARN] IP:2113 - DEVICE_SERIAL0_CDC_FS not found: check if there is a RefParameter without a condition.
2023-07-12 10:06:21,798 [WARN] IP:2113 - DEVICE_SERIAL1_CDC_FS not found: check if there is a RefParameter without a condition.
2023-07-12 10:06:21,798 [WARN] IP:2113 - DEVICE_SERIAL2_CDC_FS not found: check if there is a RefParameter without a condition.
2023-07-12 10:06:33,607 [WARN] IP:2113 - DEVICE_SERIAL0_CDC_FS not found: check if there is a RefParameter without a condition.
2023-07-12 10:06:33,607 [WARN] IP:2113 - DEVICE_SERIAL1_CDC_FS not found: check if there is a RefParameter without a condition.
2023-07-12 10:06:33,607 [WARN] IP:2113 - DEVICE_SERIAL2_CDC_FS not found: check if there is a RefParameter without a condition.
2023-07-12 10:06:33,607 [WARN] IP:2113 - DEVICE_SERIAL0_CDC_FS not found: check if there is a RefParameter without a condition.
2023-07-12 10:06:33,607 [WARN] IP:2113 - DEVICE_SERIAL1_CDC_FS not found: check if there is a RefParameter without a condition.
2023-07-12 10:06:33,607 [WARN] IP:2113 - DEVICE_SERIAL2_CDC_FS not found: check if there is a RefParameter without a condition.
2023-07-12 10:06:55,957 [INFO] UtilMem:75 - End SaveConfig() Used Memory: 537014192 Bytes (714080256)
2023-07-12 10:06:56,054 [INFO] UtilMem:75 - End SaveConfig() Used Memory: 518435864 Bytes (714080256)
2023-07-12 10:06:56,304 [INFO] UtilMem:75 - End SaveConfig() Used Memory: 539407384 Bytes (714080256)
2023-07-12 10:06:57,191 [INFO] BlockDiagram:2759 - set Specific Code input for plugin: USB_OTG_FS
2023-07-12 10:06:57,191 [INFO] BlockDiagram:2759 - set Specific Code input for plugin: NVIC
2023-07-12 10:06:57,191 [INFO] BlockDiagram:2759 - set Specific Code input for plugin: USB_DEVICE
2023-07-12 10:06:57,193 [INFO] BlockDiagram:2759 - set Specific Code input for plugin: GPIO
2023-07-12 10:06:57,193 [INFO] BlockDiagram:2759 - set Specific Code input for plugin: RCC
2023-07-12 10:06:57,195 [INFO] CodeGenerator:793 - code generatio: config db path: C:\ST\STM32CubeIDE_1.12.1\STM32CubeIDE\plugins\com.st.stm32cube.common.mx_6.8.1.202304191431\\db\
2023-07-12 10:06:57,221 [WARN] IP:2113 - DEVICE_SERIAL0_CDC_FS not found: check if there is a RefParameter without a condition.
2023-07-12 10:06:57,221 [WARN] IP:2113 - DEVICE_SERIAL1_CDC_FS not found: check if there is a RefParameter without a condition.
2023-07-12 10:06:57,221 [WARN] IP:2113 - DEVICE_SERIAL2_CDC_FS not found: check if there is a RefParameter without a condition.
2023-07-12 10:06:57,611 [INFO] CodeEngine:255 - oldGeneratedFile, C:\Users\celin\Documents\svh_lab_projects\2_stellarium\workspace_1.11.2\F411-test\MXTmpFiles\license.tmp_save
2023-07-12 10:06:58,147 [INFO] CodeEngine:279 - Generated code: C:\Users\celin\Documents\svh_lab_projects\2_stellarium\workspace_1.11.2\F411-test\MXTmpFiles\license.tmp
2023-07-12 10:06:58,340 [INFO] CodeEngine:255 - oldGeneratedFile, C:\Users\celin\Documents\svh_lab_projects\2_stellarium\workspace_1.11.2\F411-test\MXTmpFiles\gpio.tmp_save
2023-07-12 10:06:58,599 [INFO] CodeEngine:279 - Generated code: C:\Users\celin\Documents\svh_lab_projects\2_stellarium\workspace_1.11.2\F411-test\MXTmpFiles\gpio.tmp
2023-07-12 10:06:58,678 [WARN] IPConfigManager:2937 - Warning: the RefConfig PWREx_EnableUSBVoltageDetector is not available in your config.xml file
2023-07-12 10:06:58,694 [INFO] CodeEngine:255 - oldGeneratedFile, C:\Users\celin\Documents\svh_lab_projects\2_stellarium\workspace_1.11.2\F411-test\MXTmpFiles\usb_otg_fs_vars.tmp_save
2023-07-12 10:06:58,871 [INFO] CodeEngine:279 - Generated code: C:\Users\celin\Documents\svh_lab_projects\2_stellarium\workspace_1.11.2\F411-test\MXTmpFiles\usb_otg_fs_vars.tmp
2023-07-12 10:06:58,887 [INFO] CodeEngine:255 - oldGeneratedFile, C:\Users\celin\Documents\svh_lab_projects\2_stellarium\workspace_1.11.2\F411-test\MXTmpFiles\usb_otg_fs_inc.tmp_save
2023-07-12 10:06:58,988 [INFO] CodeEngine:279 - Generated code: C:\Users\celin\Documents\svh_lab_projects\2_stellarium\workspace_1.11.2\F411-test\MXTmpFiles\usb_otg_fs_inc.tmp
2023-07-12 10:06:59,079 [INFO] CodeEngine:255 - oldGeneratedFile, C:\Users\celin\Documents\svh_lab_projects\2_stellarium\workspace_1.11.2\F411-test\MXTmpFiles\usb_otg_fs_HalInit.tmp_save
2023-07-12 10:06:59,259 [INFO] CodeEngine:279 - Generated code: C:\Users\celin\Documents\svh_lab_projects\2_stellarium\workspace_1.11.2\F411-test\MXTmpFiles\usb_otg_fs_HalInit.tmp
2023-07-12 10:06:59,277 [INFO] CodeEngine:255 - oldGeneratedFile, C:\Users\celin\Documents\svh_lab_projects\2_stellarium\workspace_1.11.2\F411-test\MXTmpFiles\usb_otg_fs_Msp.tmp_save
2023-07-12 10:06:59,411 [INFO] CodeEngine:279 - Generated code: C:\Users\celin\Documents\svh_lab_projects\2_stellarium\workspace_1.11.2\F411-test\MXTmpFiles\usb_otg_fs_Msp.tmp
2023-07-12 10:06:59,541 [INFO] Middleware:1439 - No code input for Bsp Dependency
2023-07-12 10:06:59,556 [INFO] Middleware:1439 - No code input for Bsp Dependency
2023-07-12 10:06:59,580 [INFO] CodeEngine:255 - oldGeneratedFile, C:\Users\celin\Documents\svh_lab_projects\2_stellarium\workspace_1.11.2\F411-test\USB_DEVICE\App\usb_device.c_save
2023-07-12 10:06:59,704 [INFO] CodeEngine:279 - Generated code: C:\Users\celin\Documents\svh_lab_projects\2_stellarium\workspace_1.11.2\F411-test\USB_DEVICE\App\usb_device.c
2023-07-12 10:06:59,711 [INFO] CodeEngine:255 - oldGeneratedFile, C:\Users\celin\Documents\svh_lab_projects\2_stellarium\workspace_1.11.2\F411-test\USB_DEVICE\App\usb_device.h_save
2023-07-12 10:06:59,787 [INFO] CodeEngine:279 - Generated code: C:\Users\celin\Documents\svh_lab_projects\2_stellarium\workspace_1.11.2\F411-test\USB_DEVICE\App\usb_device.h
2023-07-12 10:06:59,792 [INFO] CodeEngine:255 - oldGeneratedFile, C:\Users\celin\Documents\svh_lab_projects\2_stellarium\workspace_1.11.2\F411-test\USB_DEVICE\Target\usbd_conf.h_save
2023-07-12 10:06:59,867 [INFO] CodeEngine:279 - Generated code: C:\Users\celin\Documents\svh_lab_projects\2_stellarium\workspace_1.11.2\F411-test\USB_DEVICE\Target\usbd_conf.h
2023-07-12 10:06:59,882 [INFO] CodeEngine:255 - oldGeneratedFile, C:\Users\celin\Documents\svh_lab_projects\2_stellarium\workspace_1.11.2\F411-test\USB_DEVICE\Target\usbd_conf.c_save
2023-07-12 10:06:59,973 [INFO] CodeEngine:279 - Generated code: C:\Users\celin\Documents\svh_lab_projects\2_stellarium\workspace_1.11.2\F411-test\USB_DEVICE\Target\usbd_conf.c
2023-07-12 10:06:59,981 [INFO] CodeEngine:255 - oldGeneratedFile, C:\Users\celin\Documents\svh_lab_projects\2_stellarium\workspace_1.11.2\F411-test\USB_DEVICE\App\usbd_desc.h_save
2023-07-12 10:07:00,047 [INFO] CodeEngine:279 - Generated code: C:\Users\celin\Documents\svh_lab_projects\2_stellarium\workspace_1.11.2\F411-test\USB_DEVICE\App\usbd_desc.h
2023-07-12 10:07:00,060 [INFO] CodeEngine:255 - oldGeneratedFile, C:\Users\celin\Documents\svh_lab_projects\2_stellarium\workspace_1.11.2\F411-test\USB_DEVICE\App\usbd_desc.c_save
2023-07-12 10:07:00,130 [INFO] CodeEngine:279 - Generated code: C:\Users\celin\Documents\svh_lab_projects\2_stellarium\workspace_1.11.2\F411-test\USB_DEVICE\App\usbd_desc.c
2023-07-12 10:07:00,146 [INFO] CodeEngine:255 - oldGeneratedFile, C:\Users\celin\Documents\svh_lab_projects\2_stellarium\workspace_1.11.2\F411-test\USB_DEVICE\App\usbd_cdc_if.h_save
2023-07-12 10:07:00,202 [INFO] CodeEngine:279 - Generated code: C:\Users\celin\Documents\svh_lab_projects\2_stellarium\workspace_1.11.2\F411-test\USB_DEVICE\App\usbd_cdc_if.h
2023-07-12 10:07:00,210 [INFO] CodeEngine:255 - oldGeneratedFile, C:\Users\celin\Documents\svh_lab_projects\2_stellarium\workspace_1.11.2\F411-test\USB_DEVICE\App\usbd_cdc_if.c_save
2023-07-12 10:07:00,316 [INFO] CodeEngine:279 - Generated code: C:\Users\celin\Documents\svh_lab_projects\2_stellarium\workspace_1.11.2\F411-test\USB_DEVICE\App\usbd_cdc_if.c
2023-07-12 10:07:00,343 [INFO] CodeEngine:255 - oldGeneratedFile, C:\Users\celin\Documents\svh_lab_projects\2_stellarium\workspace_1.11.2\F411-test\Core\Src\stm32f4xx_it.c_save
2023-07-12 10:07:00,446 [INFO] CodeEngine:279 - Generated code: C:\Users\celin\Documents\svh_lab_projects\2_stellarium\workspace_1.11.2\F411-test\Core\Src\stm32f4xx_it.c
2023-07-12 10:07:00,459 [INFO] CodeEngine:255 - oldGeneratedFile, C:\Users\celin\Documents\svh_lab_projects\2_stellarium\workspace_1.11.2\F411-test\Core\Inc\stm32f4xx_it.h_save
2023-07-12 10:07:00,528 [INFO] CodeEngine:279 - Generated code: C:\Users\celin\Documents\svh_lab_projects\2_stellarium\workspace_1.11.2\F411-test\Core\Inc\stm32f4xx_it.h
2023-07-12 10:07:00,561 [INFO] CodeEngine:255 - oldGeneratedFile, C:\Users\celin\Documents\svh_lab_projects\2_stellarium\workspace_1.11.2\F411-test\Core\Src\stm32f4xx_hal_msp.c_save
2023-07-12 10:07:00,655 [INFO] CodeEngine:279 - Generated code: C:\Users\celin\Documents\svh_lab_projects\2_stellarium\workspace_1.11.2\F411-test\Core\Src\stm32f4xx_hal_msp.c
2023-07-12 10:07:00,667 [INFO] CodeEngine:255 - oldGeneratedFile, C:\Users\celin\Documents\svh_lab_projects\2_stellarium\workspace_1.11.2\F411-test\MXTmpFiles\system.tmp_save
2023-07-12 10:07:00,764 [INFO] CodeEngine:279 - Generated code: C:\Users\celin\Documents\svh_lab_projects\2_stellarium\workspace_1.11.2\F411-test\MXTmpFiles\system.tmp
2023-07-12 10:07:00,808 [INFO] CodeEngine:311 - oldGeneratedFile, C:\Users\celin\Documents\svh_lab_projects\2_stellarium\workspace_1.11.2\F411-test\Core\Inc\stm32f4xx_hal_conf.h_save
2023-07-12 10:07:00,904 [INFO] CodeEngine:335 - Generated code: C:\Users\celin\Documents\svh_lab_projects\2_stellarium\workspace_1.11.2\F411-test\Core\Inc\stm32f4xx_hal_conf.h
2023-07-12 10:07:01,041 [INFO] CodeEngine:255 - oldGeneratedFile, C:\Users\celin\Documents\svh_lab_projects\2_stellarium\workspace_1.11.2\F411-test\Core\Inc\main.h_save
2023-07-12 10:07:01,122 [INFO] CodeEngine:279 - Generated code: C:\Users\celin\Documents\svh_lab_projects\2_stellarium\workspace_1.11.2\F411-test\Core\Inc\main.h
2023-07-12 10:07:01,137 [INFO] CodeEngine:255 - oldGeneratedFile, C:\Users\celin\Documents\svh_lab_projects\2_stellarium\workspace_1.11.2\F411-test\Core\Src\main.c_save
2023-07-12 10:07:01,250 [INFO] CodeEngine:279 - Generated code: C:\Users\celin\Documents\svh_lab_projects\2_stellarium\workspace_1.11.2\F411-test\Core\Src\main.c
2023-07-12 10:07:02,193 [INFO] ProjectBuilder:2996 - Time for Copy HAL[1] : 309mS.
2023-07-12 10:07:02,201 [INFO] ProjectBuilder:4304 - Project Generator version: 3.19.2
2023-07-12 10:07:02,458 [INFO] ConfigFileManager:1483 - The Die is : DIE431
2023-07-12 10:07:02,539 [INFO] ApiDbMcu:507 - Load IP Config File for FATFS
2023-07-12 10:07:02,556 [INFO] ApiDbMcu:507 - Load IP Config File for FREERTOS
2023-07-12 10:07:02,565 [INFO] ApiDbMcu:507 - Load IP Config File for LIBJPEG
2023-07-12 10:07:02,592 [INFO] ApiDbMcu:507 - Load IP Config File for MBEDTLS
2023-07-12 10:07:02,605 [INFO] ApiDbMcu:507 - Load IP Config File for USB_HOST
2023-07-12 10:07:03,753 [INFO] LogOutputStream:77 - [STDOUT_REDIRECT] 
2023-07-12 10:07:05,776 [INFO] ProjectBuilder:4505 - Time for Generating toolchain IDE Files: 3574mS.
2023-07-12 10:07:05,776 [INFO] ProjectBuilder:2867 - Time for Copy CMSIS : 0mS.
2023-07-12 10:07:05,779 [INFO] ProjectBuilder:2867 - Time for Copy CMSIS : 0mS.
2023-07-12 10:55:27,568 [INFO] Activator:176 - 


2023-07-12 10:55:27,570 [INFO] Activator:177 - !SESSION log4j initialized
2023-07-12 10:55:34,518 [INFO] LogOutputStream:77 - [STDOUT_REDIRECT] 
2023-07-12 10:56:04,178 [ERROR] LogOutputStream:75 - [STDERR_REDIRECT] SLF4J: Failed to load class "org.slf4j.impl.StaticLoggerBinder".
2023-07-12 10:56:04,178 [ERROR] LogOutputStream:75 - [STDERR_REDIRECT] SLF4J: Defaulting to no-operation (NOP) logger implementation
2023-07-12 10:56:04,178 [ERROR] LogOutputStream:75 - [STDERR_REDIRECT] SLF4J: See http://www.slf4j.org/codes.html#StaticLoggerBinder for further details.
