2023-06-21 09:20:42,330 [INFO] Activator:176 - 


2023-06-21 09:20:42,340 [INFO] Activator:177 - !SESSION log4j initialized
2023-06-21 09:20:54,961 [INFO] LogOutputStream:77 - [STDOUT_REDIRECT] 
2023-06-21 09:21:27,869 [ERROR] LogOutputStream:75 - [STDERR_REDIRECT] SLF4J: Failed to load class "org.slf4j.impl.StaticLoggerBinder".
2023-06-21 09:21:27,869 [ERROR] LogOutputStream:75 - [STDERR_REDIRECT] SLF4J: Defaulting to no-operation (NOP) logger implementation
2023-06-21 09:21:27,879 [ERROR] LogOutputStream:75 - [STDERR_REDIRECT] SLF4J: See http://www.slf4j.org/codes.html#StaticLoggerBinder for further details.
2023-06-21 17:03:45,985 [INFO] ApplicationProperties:184 - Using Application install path: C:\ST\STM32CubeIDE_1.12.1\STM32CubeIDE\plugins\com.st.stm32cube.common.mx_6.8.1.202304191431
2023-06-21 17:03:46,015 [INFO] DbMcusXml:78 - Set database path to: C:\ST\STM32CubeIDE_1.12.1\STM32CubeIDE\plugins\com.st.stm32cube.common.mx_6.8.1.202304191431\\db\/mcu/
2023-06-21 17:03:46,017 [INFO] ApiDb:274 - Set plugin database path to: C:\ST\STM32CubeIDE_1.12.1\STM32CubeIDE\plugins\com.st.stm32cube.common.mx_6.8.1.202304191431\\db\/plugins/boardmanager/
2023-06-21 17:03:46,019 [WARN] ApiDb:259 - Overriding images path with different value:  => C:\ST\STM32CubeIDE_1.12.1\STM32CubeIDE\plugins\com.st.stm32cube.common.mx_6.8.1.202304191431\\db\/plugins/mcufinder/images/
2023-06-21 17:03:46,036 [INFO] ApiDb:250 - Set database path to: C:\Users\celin\.stmcufinder\plugins\mcufinder//mcu/
2023-06-21 17:03:46,036 [INFO] DbMcusAds:125 - Set database path to: C:\Users\celin\.stmcufinder\plugins\mcufinder//mcu/
2023-06-21 17:03:46,086 [INFO] CrossReferenceDbSqlite:203 - Set database path to: C:\Users\celin\.stmcufinder\plugins\mcufinder//mcu/cs/
2023-06-21 17:03:46,231 [INFO] RulesReader:64 - Compatibility file has been processed (293 Rules)
2023-06-21 17:03:46,346 [INFO] DbMcusXml:78 - Set database path to: C:\ST\STM32CubeIDE_1.12.1\STM32CubeIDE\plugins\com.st.stm32cube.common.mx_6.8.1.202304191431\\db\/mcu/
2023-06-21 17:03:46,346 [INFO] ApiDb:274 - Set plugin database path to: C:\ST\STM32CubeIDE_1.12.1\STM32CubeIDE\plugins\com.st.stm32cube.common.mx_6.8.1.202304191431\\db\/plugins/boardmanager/
2023-06-21 17:03:46,346 [INFO] ApiDb:261 - Set plugin images path to: C:\ST\STM32CubeIDE_1.12.1\STM32CubeIDE\plugins\com.st.stm32cube.common.mx_6.8.1.202304191431\\db\/plugins/mcufinder/images/
2023-06-21 17:03:46,346 [WARN] DbFile:41 - Overriding database path with different value: C:\Users\celin\.stmcufinder\plugins\mcufinder/ => C:\Users\celin\.stmcufinder\plugins\mcufinder
2023-06-21 17:03:46,346 [INFO] ApiDb:250 - Set database path to: C:\Users\celin\.stmcufinder\plugins\mcufinder//mcu/
2023-06-21 17:03:46,346 [WARN] DbFile:41 - Overriding database path with different value: C:\Users\celin\.stmcufinder\plugins\mcufinder/ => C:\Users\celin\.stmcufinder\plugins\mcufinder
2023-06-21 17:03:46,348 [INFO] DbMcusAds:125 - Set database path to: C:\Users\celin\.stmcufinder\plugins\mcufinder//mcu/
2023-06-21 17:03:46,348 [WARN] DbFile:41 - Overriding database path with different value: C:\Users\celin\.stmcufinder\plugins\mcufinder/ => C:\Users\celin\.stmcufinder\plugins\mcufinder
2023-06-21 17:03:46,348 [WARN] DbFile:41 - Overriding database path with different value: C:\Users\celin\.stmcufinder\plugins\mcufinder/ => C:\Users\celin\.stmcufinder\plugins\mcufinder
2023-06-21 17:03:46,348 [INFO] CrossReferenceDbSqlite:203 - Set database path to: C:\Users\celin\.stmcufinder\plugins\mcufinder//mcu/cs/
2023-06-21 17:03:46,455 [INFO] MainPanel:253 - HeapMemory: 507510784
2023-06-21 17:03:46,599 [INFO] DbMcusXml:78 - Set database path to: C:\ST\STM32CubeIDE_1.12.1\STM32CubeIDE\plugins\com.st.stm32cube.common.mx_6.8.1.202304191431\\db\/mcu/
2023-06-21 17:03:46,599 [INFO] ApiDb:274 - Set plugin database path to: C:\ST\STM32CubeIDE_1.12.1\STM32CubeIDE\plugins\com.st.stm32cube.common.mx_6.8.1.202304191431\\db\/plugins/boardmanager/
2023-06-21 17:03:46,599 [INFO] ApiDb:261 - Set plugin images path to: C:\ST\STM32CubeIDE_1.12.1\STM32CubeIDE\plugins\com.st.stm32cube.common.mx_6.8.1.202304191431\\db\/plugins/mcufinder/images/
2023-06-21 17:03:46,599 [WARN] DbFile:41 - Overriding database path with different value: C:\Users\celin\.stmcufinder\plugins\mcufinder/ => C:\Users\celin\.stmcufinder\plugins\mcufinder
2023-06-21 17:03:46,599 [INFO] ApiDb:250 - Set database path to: C:\Users\celin\.stmcufinder\plugins\mcufinder//mcu/
2023-06-21 17:03:46,599 [WARN] DbFile:41 - Overriding database path with different value: C:\Users\celin\.stmcufinder\plugins\mcufinder/ => C:\Users\celin\.stmcufinder\plugins\mcufinder
2023-06-21 17:03:46,599 [INFO] DbMcusAds:125 - Set database path to: C:\Users\celin\.stmcufinder\plugins\mcufinder//mcu/
2023-06-21 17:03:46,599 [WARN] DbFile:41 - Overriding database path with different value: C:\Users\celin\.stmcufinder\plugins\mcufinder/ => C:\Users\celin\.stmcufinder\plugins\mcufinder
2023-06-21 17:03:46,599 [WARN] DbFile:41 - Overriding database path with different value: C:\Users\celin\.stmcufinder\plugins\mcufinder/ => C:\Users\celin\.stmcufinder\plugins\mcufinder
2023-06-21 17:03:46,599 [INFO] CrossReferenceDbSqlite:203 - Set database path to: C:\Users\celin\.stmcufinder\plugins\mcufinder//mcu/cs/
2023-06-21 17:03:46,628 [INFO] ApplicationProperties:184 - Using Application install path: C:\ST\STM32CubeIDE_1.12.1\STM32CubeIDE\plugins\com.st.stm32cube.common.mx_6.8.1.202304191431
2023-06-21 17:03:46,630 [INFO] PluginManage:196 - Search for loadable plugins [exclusion list=, ]
2023-06-21 17:03:46,630 [INFO] PluginManage:310 - Check plugin analytics
2023-06-21 17:03:46,862 [INFO] AnalyticsPlugin:253 - Accepted Software Licenses: 
2023-06-21 17:03:46,865 [INFO] AnalyticsPlugin:255 - Accepted CMSIS Pack Licenses: 
2023-06-21 17:03:46,865 [INFO] AnalyticsPlugin:257 - Accepted Firmware Licenses: FW.F4.1.27.0
2023-06-21 17:03:46,870 [INFO] PluginManage:359 - Loaded plugin analytics (category:tool,tabindex:-1)
2023-06-21 17:03:46,870 [INFO] PluginManage:310 - Check plugin cadmodel
2023-06-21 17:03:46,891 [INFO] CADModel:105 - Init CAD model plugin
2023-06-21 17:03:46,891 [INFO] PluginManage:359 - Loaded plugin cadmodel (category:power,tabindex:5)
2023-06-21 17:03:46,892 [INFO] PluginManage:310 - Check plugin clock
2023-06-21 17:03:46,916 [INFO] PluginManage:359 - Loaded plugin clock (category:base,tabindex:2)
2023-06-21 17:03:46,916 [INFO] PluginManage:310 - Check plugin ddr
2023-06-21 17:03:46,923 [INFO] PluginManage:359 - Loaded plugin ddr (category:tool,tabindex:6)
2023-06-21 17:03:46,923 [INFO] PluginManage:310 - Check plugin filemanager
2023-06-21 17:03:47,096 [INFO] PluginManage:359 - Loaded plugin filemanager (category:base,tabindex:10)
2023-06-21 17:03:47,096 [INFO] PluginManage:310 - Check plugin ipmanager
2023-06-21 17:03:47,106 [INFO] PluginManage:359 - Loaded plugin ipmanager (category:base,tabindex:5)
2023-06-21 17:03:47,106 [INFO] PluginManage:310 - Check plugin lpbam
2023-06-21 17:03:47,128 [INFO] PluginManage:359 - Loaded plugin lpbam (category:base,tabindex:0)
2023-06-21 17:03:47,128 [INFO] PluginManage:310 - Check plugin pinoutandconfiguration
2023-06-21 17:03:47,155 [INFO] PluginManage:359 - Loaded plugin pinoutandconfiguration (category:base,tabindex:1)
2023-06-21 17:03:47,155 [INFO] PluginManage:310 - Check plugin pinoutconfig
2023-06-21 17:03:47,310 [WARN] SupportedApi:132 - Cannot load RTOS API schema: s4s-elt-must-match.1: The content of 'definitions' must match (annotation?, (simpleType | complexType)?, (unique | key | keyref)*)). A problem was found starting at: attribute.
2023-06-21 17:03:47,505 [INFO] PluginManage:359 - Loaded plugin pinoutconfig (category:base,tabindex:0)
2023-06-21 17:03:47,507 [INFO] PluginManage:310 - Check plugin power
2023-06-21 17:03:47,535 [INFO] PluginManage:359 - Loaded plugin power (category:power,tabindex:4)
2023-06-21 17:03:47,535 [INFO] PluginManage:310 - Check plugin projectmanager
2023-06-21 17:03:47,550 [INFO] PluginManage:359 - Loaded plugin projectmanager (category:projectmanager,tabindex:3)
2023-06-21 17:03:47,550 [INFO] PluginManage:310 - Check plugin thirdparty
2023-06-21 17:03:47,852 [INFO] PluginManage:359 - Loaded plugin thirdparty (category:base,tabindex:-1)
2023-06-21 17:03:47,852 [WARN] IntegrityCheckThread:84 - waiting for thirdparty lock release [integrity check]
2023-06-21 17:03:47,852 [INFO] PluginManage:310 - Check plugin tools
2023-06-21 17:03:47,852 [INFO] IntegrityCheckThread:86 - entering critical section [integrity check]
2023-06-21 17:03:47,856 [INFO] ThirdPartyUpdaterWithRetryManager:70 - Updater plugin not ready yet. [1/15]
2023-06-21 17:03:47,891 [INFO] PluginManage:359 - Loaded plugin tools (category:base,tabindex:7)
2023-06-21 17:03:47,891 [INFO] PluginManage:310 - Check plugin tutovideos
2023-06-21 17:03:48,212 [INFO] PluginManage:359 - Loaded plugin tutovideos (category:base,tabindex:-1)
2023-06-21 17:03:48,212 [INFO] PluginManage:310 - Check plugin updater
2023-06-21 17:03:48,234 [INFO] PluginManage:359 - Loaded plugin updater (category:base,tabindex:12)
2023-06-21 17:03:48,234 [INFO] PluginManage:283 - PluginManage : Loaded plugins [15]
2023-06-21 17:03:48,567 [INFO] PinOutPanel:1499 - setPackage(No Configuration,No Configuration)
2023-06-21 17:03:48,646 [INFO] CADModel:165 - CPN selected for project level
2023-06-21 17:03:48,646 [INFO] CADModel:114 - Register for checkConnection events
2023-06-21 17:03:48,682 [INFO] IPUIPlugin:80 - create IPUIPlugin
2023-06-21 17:03:48,683 [INFO] PluginManager:220 - loadIPPluginJar : add adc
2023-06-21 17:03:48,721 [INFO] IPUIPlugin:80 - create IPUIPlugin
2023-06-21 17:03:48,723 [INFO] PluginManager:220 - loadIPPluginJar : add aes
2023-06-21 17:03:48,766 [INFO] IPUIPlugin:80 - create IPUIPlugin
2023-06-21 17:03:48,766 [INFO] PluginManager:220 - loadIPPluginJar : add can
2023-06-21 17:03:48,798 [INFO] IPUIPlugin:80 - create IPUIPlugin
2023-06-21 17:03:48,798 [INFO] PluginManager:220 - loadIPPluginJar : add comp
2023-06-21 17:03:48,835 [INFO] IPUIPlugin:80 - create IPUIPlugin
2023-06-21 17:03:48,835 [INFO] PluginManager:220 - loadIPPluginJar : add cryp
2023-06-21 17:03:48,865 [INFO] IPUIPlugin:80 - create IPUIPlugin
2023-06-21 17:03:48,865 [INFO] PluginManager:220 - loadIPPluginJar : add dfsdm
2023-06-21 17:03:48,889 [INFO] IPUIPlugin:80 - create IPUIPlugin
2023-06-21 17:03:48,889 [INFO] PluginManager:220 - loadIPPluginJar : add dma
2023-06-21 17:03:48,944 [INFO] IPUIPlugin:80 - create IPUIPlugin
2023-06-21 17:03:48,945 [INFO] PluginManager:220 - loadIPPluginJar : add dma3
2023-06-21 17:03:48,966 [INFO] IPUIPlugin:80 - create IPUIPlugin
2023-06-21 17:03:48,966 [INFO] PluginManager:220 - loadIPPluginJar : add fatfs
2023-06-21 17:03:49,021 [INFO] IPUIPlugin:80 - create IPUIPlugin
2023-06-21 17:03:49,021 [INFO] PluginManager:220 - loadIPPluginJar : add fmc
2023-06-21 17:03:49,037 [INFO] IPUIPlugin:80 - create IPUIPlugin
2023-06-21 17:03:49,037 [INFO] PluginManager:220 - loadIPPluginJar : add freertos
2023-06-21 17:03:49,061 [INFO] IPUIPlugin:80 - create IPUIPlugin
2023-06-21 17:03:49,061 [INFO] PluginManager:220 - loadIPPluginJar : add genericplugin
2023-06-21 17:03:49,156 [INFO] IPUIPlugin:80 - create IPUIPlugin
2023-06-21 17:03:49,156 [INFO] PluginManager:220 - loadIPPluginJar : add gfxmmu
2023-06-21 17:03:49,280 [INFO] IPUIPlugin:80 - create IPUIPlugin
2023-06-21 17:03:49,280 [INFO] PluginManager:220 - loadIPPluginJar : add gic
2023-06-21 17:03:49,295 [INFO] IPUIPlugin:80 - create IPUIPlugin
2023-06-21 17:03:49,295 [INFO] PluginManager:220 - loadIPPluginJar : add gpio
2023-06-21 17:03:49,381 [INFO] IPUIPlugin:80 - create IPUIPlugin
2023-06-21 17:03:49,381 [INFO] PluginManager:220 - loadIPPluginJar : add gtzc
2023-06-21 17:03:49,415 [INFO] IPUIPlugin:80 - create IPUIPlugin
2023-06-21 17:03:49,415 [INFO] PluginManager:220 - loadIPPluginJar : add hash
2023-06-21 17:03:49,458 [INFO] IPUIPlugin:80 - create IPUIPlugin
2023-06-21 17:03:49,458 [INFO] PluginManager:220 - loadIPPluginJar : add i2c
2023-06-21 17:03:49,498 [INFO] IPUIPlugin:80 - create IPUIPlugin
2023-06-21 17:03:49,498 [INFO] PluginManager:220 - loadIPPluginJar : add i2s
2023-06-21 17:03:49,535 [INFO] IPUIPlugin:80 - create IPUIPlugin
2023-06-21 17:03:49,535 [INFO] PluginManager:220 - loadIPPluginJar : add i3c
2023-06-21 17:03:49,655 [INFO] IPUIPlugin:80 - create IPUIPlugin
2023-06-21 17:03:49,657 [INFO] PluginManager:220 - loadIPPluginJar : add ipddr
2023-06-21 17:03:49,837 [INFO] IPUIPlugin:80 - create IPUIPlugin
2023-06-21 17:03:49,837 [INFO] PluginManager:220 - loadIPPluginJar : add linkedlist
2023-06-21 17:03:49,870 [INFO] IPUIPlugin:80 - create IPUIPlugin
2023-06-21 17:03:49,870 [INFO] PluginManager:220 - loadIPPluginJar : add lorawan
2023-06-21 17:03:49,906 [INFO] IPUIPlugin:80 - create IPUIPlugin
2023-06-21 17:03:49,906 [INFO] PluginManager:220 - loadIPPluginJar : add ltdc
2023-06-21 17:03:49,924 [INFO] IPUIPlugin:80 - create IPUIPlugin
2023-06-21 17:03:49,926 [INFO] PluginManager:220 - loadIPPluginJar : add mdma
2023-06-21 17:03:49,937 [INFO] IPUIPlugin:80 - create IPUIPlugin
2023-06-21 17:03:49,937 [INFO] PluginManager:220 - loadIPPluginJar : add nvic
2023-06-21 17:03:49,970 [INFO] IPUIPlugin:80 - create IPUIPlugin
2023-06-21 17:03:49,970 [INFO] PluginManager:220 - loadIPPluginJar : add opamp
2023-06-21 17:03:50,026 [INFO] IPUIPlugin:80 - create IPUIPlugin
2023-06-21 17:03:50,026 [INFO] PluginManager:220 - loadIPPluginJar : add openamp
2023-06-21 17:03:50,065 [INFO] IPUIPlugin:80 - create IPUIPlugin
2023-06-21 17:03:50,065 [INFO] PluginManager:220 - loadIPPluginJar : add pdm2pcm
2023-06-21 17:03:50,077 [INFO] IPUIPlugin:80 - create IPUIPlugin
2023-06-21 17:03:50,085 [INFO] PluginManager:220 - loadIPPluginJar : add plateformsettings
2023-06-21 17:03:50,105 [INFO] IPUIPlugin:80 - create IPUIPlugin
2023-06-21 17:03:50,105 [INFO] PluginManager:220 - loadIPPluginJar : add quadspi
2023-06-21 17:03:50,118 [INFO] IPUIPlugin:80 - create IPUIPlugin
2023-06-21 17:03:50,118 [INFO] PluginManager:220 - loadIPPluginJar : add resmgrutility
2023-06-21 17:03:50,167 [INFO] IPUIPlugin:80 - create IPUIPlugin
2023-06-21 17:03:50,167 [INFO] PluginManager:220 - loadIPPluginJar : add sai
2023-06-21 17:03:50,199 [INFO] IPUIPlugin:80 - create IPUIPlugin
2023-06-21 17:03:50,199 [INFO] PluginManager:220 - loadIPPluginJar : add spi
2023-06-21 17:03:50,249 [INFO] IPUIPlugin:80 - create IPUIPlugin
2023-06-21 17:03:50,249 [INFO] PluginManager:220 - loadIPPluginJar : add stm32_wpan
2023-06-21 17:03:50,276 [INFO] IPUIPlugin:80 - create IPUIPlugin
2023-06-21 17:03:50,276 [INFO] PluginManager:220 - loadIPPluginJar : add tim
2023-06-21 17:03:50,316 [INFO] IPUIPlugin:80 - create IPUIPlugin
2023-06-21 17:03:50,316 [INFO] PluginManager:220 - loadIPPluginJar : add touchsensing
2023-06-21 17:03:50,340 [INFO] IPUIPlugin:80 - create IPUIPlugin
2023-06-21 17:03:50,340 [INFO] PluginManager:220 - loadIPPluginJar : add tracer_emb
2023-06-21 17:03:50,356 [INFO] IPUIPlugin:80 - create IPUIPlugin
2023-06-21 17:03:50,356 [INFO] PluginManager:220 - loadIPPluginJar : add ts
2023-06-21 17:03:50,380 [INFO] IPUIPlugin:80 - create IPUIPlugin
2023-06-21 17:03:50,380 [INFO] PluginManager:220 - loadIPPluginJar : add tsc
2023-06-21 17:03:50,397 [INFO] IPUIPlugin:80 - create IPUIPlugin
2023-06-21 17:03:50,397 [INFO] PluginManager:220 - loadIPPluginJar : add ucpd
2023-06-21 17:03:50,438 [INFO] IPUIPlugin:80 - create IPUIPlugin
2023-06-21 17:03:50,438 [INFO] PluginManager:220 - loadIPPluginJar : add usart
2023-06-21 17:03:50,475 [INFO] IPUIPlugin:80 - create IPUIPlugin
2023-06-21 17:03:50,475 [INFO] PluginManager:220 - loadIPPluginJar : add usbx
2023-06-21 17:03:50,603 [INFO] CADModel:165 - CPN selected for project level
2023-06-21 17:03:50,603 [INFO] CADModel:114 - Register for checkConnection events
2023-06-21 17:03:50,603 [FATAL] Updater:308 - Updater called before beeing initialized
2023-06-21 17:03:50,603 [ERROR] CADModel:125 - Updater not yet initialized, retry later 
2023-06-21 17:03:50,858 [INFO] CADModel:165 - CPN selected for project level
2023-06-21 17:03:50,859 [INFO] CADModel:114 - Register for checkConnection events
2023-06-21 17:03:50,859 [FATAL] Updater:308 - Updater called before beeing initialized
2023-06-21 17:03:50,859 [ERROR] CADModel:125 - Updater not yet initialized, retry later 
2023-06-21 17:03:50,860 [INFO] ThirdPartyUpdaterWithRetryManager:70 - Updater plugin not ready yet. [2/15]
2023-06-21 17:03:50,864 [FATAL] Updater:308 - Updater called before beeing initialized
2023-06-21 17:03:51,049 [FATAL] Updater:308 - Updater called before beeing initialized
2023-06-21 17:03:51,065 [INFO] DbMcusAds:53 - JSON generation date=Tue Mar 07 03:50:55 EST 2023 (1678179055335)
2023-06-21 17:03:51,065 [FATAL] Updater:308 - Updater called before beeing initialized
2023-06-21 17:03:51,187 [WARN] DetailPanel:346 - Failed to get advertising image, set to default
2023-06-21 17:03:51,365 [FATAL] Updater:308 - Updater called before beeing initialized
2023-06-21 17:03:51,365 [FATAL] Updater:308 - Updater called before beeing initialized
2023-06-21 17:03:51,365 [FATAL] Updater:308 - Updater called before beeing initialized
2023-06-21 17:03:51,365 [WARN] DetailPanel:346 - Failed to get advertising image, set to default
2023-06-21 17:03:51,365 [FATAL] Updater:308 - Updater called before beeing initialized
2023-06-21 17:03:51,481 [ERROR] Updater:1120 - MainUpdater not yet initialized. External WinMGr cannot be set.
2023-06-21 17:03:51,489 [INFO] Updater:1056 - Updater Version found : 6.8.1
2023-06-21 17:03:51,520 [INFO] ApplicationProperties:184 - Using Application install path: C:\ST\STM32CubeIDE_1.12.1\STM32CubeIDE\plugins\com.st.stm32cube.common.mx_6.8.1.202304191431
2023-06-21 17:03:51,745 [INFO] MainUpdater:2854 - connection check result : 10
2023-06-21 17:03:51,745 [INFO] MainUpdater:283 - Updater Check For Update Now.
2023-06-21 17:03:51,745 [INFO] MicroXplorer:498 - Change Database Version : DB.6.0.81
2023-06-21 17:03:51,935 [INFO] CheckServerUpdateThread:120 - End of CheckServer Thread
2023-06-21 17:03:51,987 [INFO] MainUpdater:2854 - connection check result : 10
2023-06-21 17:03:52,656 [INFO] ApiDb:581 - Connected to CubeFinder SQLite database (C:\Users\celin\.stmcufinder\plugins\mcufinder\mcu\cube-finder-db.db)
2023-06-21 17:03:52,768 [INFO] ApiDb:668 - CubeFinder database Data Model version=2.1
2023-06-21 17:03:52,768 [INFO] ApiDb:669 - CubeFinder database Configuration version=3.0.35
2023-06-21 17:03:52,768 [INFO] ApiDb:670 - CubeFinder database generation date=2023-05-12 (1683877179)
2023-06-21 17:03:52,768 [INFO] ApiDb:671 - CubeFinder database FW Pack versions=[FP-ATR-ASTRA1_V2.0.0, FP-SNS-FLIGHT1_V5.0.0, FP-SNS-MOTENV1_V4.3.0, STM32Cube_FW_C0_V1.0.1, STM32Cube_FW_F0_V1.11.4, STM32Cube_FW_F3_V1.11.4, STM32Cube_FW_F4_V1.27.1, STM32Cube_FW_F7_V1.17.0, STM32Cube_FW_G0_V1.6.1, STM32Cube_FW_G4_V1.5.1, STM32Cube_FW_H5_V0.5.1, STM32Cube_FW_H5_V1.0.0, STM32Cube_FW_H7_V1.11.0, STM32Cube_FW_L0_V1.12.2, STM32Cube_FW_L5_V1.5.0, STM32Cube_FW_U5_V1.2.0, STM32Cube_FW_WBA_V1.0.0, STM32Cube_FW_WBA_V1.0.0RC1, STM32Cube_FW_WBA_V1.0.0RC3, STM32Cube_FW_WB_V1.15.0RC1, STM32Cube_FW_WB_V1.16.0, STM32Cube_FW_WB_V1.16.0RC2, STM32Cube_FW_WL_V1.3.0, X-CUBE-ALGOBUILD_V1.3.0, X-CUBE-ALS_V1.0.1, X-CUBE-AZRTOS-F4_V1.1.0, X-CUBE-AZRTOS-F7_V1.1.0, X-CUBE-AZRTOS-G0_V1.1.0, X-CUBE-AZRTOS-G4_V2.0.0, X-CUBE-AZRTOS-H7_V3.1.0, X-CUBE-AZRTOS-L4_V1.0.0, X-CUBE-AZRTOS-L5_V1.1.0, X-CUBE-AZRTOS-WB_V1.1.0, X-CUBE-AZRTOS-WL_V1.0.0, X-CUBE-BLE1_V6.2.4, X-CUBE-BLE2_V3.3.0, X-CUBE-BLEMGR_V2.0.0, X-CUBE-EEPRMA1_V4.1.0, X-CUBE-FREERTOS_V1.0.1, X-CUBE-GNSS1_V6.0.0, X-CUBE-MEMS1_V9.1.0, X-CUBE-MEMS1_V9.4.0, X-CUBE-MEMS1_V9.6.0, X-CUBE-NFC4_V3.0.0, X-CUBE-NFC7_V1.0.0, X-CUBE-SFXS2LP1_V4.0.0, X-CUBE-SUBG2_V5.0.0]
2023-06-21 17:03:52,925 [INFO] DbBoardsSqlite:226 - include board P-NUCLEO-WB55-NUCLEO as a kit item of type 'Nucleo-64'
2023-06-21 17:03:52,925 [INFO] DbBoardsSqlite:226 - include board P-NUCLEO-WB55-USBDONGLE as a kit item of type 'Nucleo USB Dongle'
2023-06-21 17:03:52,929 [INFO] DbBoardsSqlite:226 - include board STEVAL-IDP005V1 as a kit item of type 'Evaluation Board'
2023-06-21 17:03:52,930 [INFO] DbBoardsSqlite:226 - include board STEVAL-IDP005V2 as a kit item of type 'Evaluation Board'
2023-06-21 17:03:53,422 [INFO] ApiDb:240 - Found 297 in-development CPN: [B-G473E-ZEST1S, B-WB1M-WPAN1, B-WL5M-SUBG1, NUCLEO-C031C6, NUCLEO-H503RB, NUCLEO-H563ZI, NUCLEO-U545RE-Q, NUCLEO-U5A5ZJ-Q, NUCLEO-WBA52CG, STEVAL-PROTEUS1, STEVAL-STWINBX1, STM320518-EVAL, STM32C0116-DK, STM32C011D6Y3TR, STM32C011D6Y6TR, STM32C011F4P3, STM32C011F4P6, STM32C011F4U3, STM32C011F4U6TR, STM32C011F6P3, STM32C011F6P6, STM32C011F6U3, STM32C011F6U6TR, STM32C011J4M3, STM32C011J4M6, STM32C011J6M3, STM32C011J6M6, STM32C0316-DK, STM32C031C4T3, STM32C031C4T6, STM32C031C4U3, STM32C031C4U6, STM32C031C6T3, STM32C031C6T6, STM32C031C6U3, STM32C031C6U6, STM32C031F4P3, STM32C031F4P6, STM32C031F6P3, STM32C031F6P6, STM32C031G4U3, STM32C031G4U6, STM32C031G6U3, STM32C031G6U6, STM32C031K4T3, STM32C031K4T6, STM32C031K4U3, STM32C031K4U6, STM32C031K6T3, STM32C031K6T6, STM32C031K6U3, STM32C031K6U6, STM32G071K8TXN, STM32G071K8UXN, STM32G081GBU6N, STM32G081KBT6N, STM32G081KBUXN, STM32G0B1CCT6N, STM32G0B1KCT6, STM32G0B1NEY6TR, STM32G0B1RCT6N, STM32G0C1CCT6, STM32G0C1CCT6N, STM32G0C1CCU6N, STM32G0C1CET6N, STM32G0C1CEU6N, STM32G0C1KCT6, STM32G0C1NEY6TR, STM32G0C1RCI6N, STM32G0C1RCT6N, STM32G0C1REI6N, STM32G0C1RET6N, STM32G0C1VCI6, STM32G0C1VEI6, STM32G471CCT6, STM32G471CCU6, STM32G471CET3, STM32G471CET6, STM32G471CEU3, STM32G471CEU6, STM32G471MCT6, STM32G471MET3, STM32G471MET6, STM32G471MEY6TR, STM32G471QCT6, STM32G471QET3, STM32G471RCT6, STM32G471RET3, STM32G471RET6, STM32G471VCH6, STM32G471VCI6, STM32G471VCT6, STM32G471VEH3, STM32G471VEH6, STM32G471VEI3, STM32G471VEI6, STM32G471VET3, STM32G471VET6, STM32G474CCT6, STM32H503CBT6, STM32H503CBU6, STM32H503EBY6TR, STM32H503KBU6, STM32H503RBT6, STM32H562AGI6, STM32H562AII6, STM32H562IGK6, STM32H562IGT6, STM32H562IIK6, STM32H562IIT6, STM32H562RGT6, STM32H562RGV6, STM32H562RIT6, STM32H562RIV6, STM32H562VGT6, STM32H562VIT6, STM32H562ZGT6, STM32H562ZIT6, STM32H563AGI6, STM32H563AII3Q, STM32H563AII6, STM32H563IGK6, STM32H563IGT6, STM32H563IIK3Q, STM32H563IIK6, STM32H563IIT3Q, STM32H563IIT6, STM32H563MIY3QTR, STM32H563RGT6, STM32H563RGV6, STM32H563RIT6, STM32H563RIV6, STM32H563VGT6, STM32H563VIT3Q, STM32H563VIT6, STM32H563ZGT6, STM32H563ZIT3Q, STM32H563ZIT6, STM32H573AII3Q, STM32H573AII6, STM32H573I-DK, STM32H573IIK3Q, STM32H573IIK6, STM32H573IIT3Q, STM32H573IIT6, STM32H573MIY3QTR, STM32H573RIT6, STM32H573RIV6, STM32H573VIT3Q, STM32H573VIT6, STM32H573ZIT3Q, STM32H573ZIT6, STM32L4R5QGI6STR, STM32MP131AAE3, STM32MP131AAF3, STM32MP131AAG3, STM32MP131CAE3, STM32MP131CAF3, STM32MP131CAG3, STM32MP131DAE7, STM32MP131DAF7, STM32MP131DAG7, STM32MP131FAE7, STM32MP131FAF7, STM32MP131FAG7, STM32MP133AAE3, STM32MP133AAF3, STM32MP133AAG3, STM32MP133CAE3, STM32MP133CAF3, STM32MP133CAG3, STM32MP133DAE7, STM32MP133DAF7, STM32MP133DAG7, STM32MP133FAE7, STM32MP133FAF7, STM32MP133FAG7, STM32MP135AAE3, STM32MP135AAF3, STM32MP135AAG3, STM32MP135CAE3, STM32MP135CAF3, STM32MP135CAG3, STM32MP135DAE7, STM32MP135DAF7, STM32MP135DAG7, STM32MP135F-DK, STM32MP135FAE7, STM32MP135FAF7, STM32MP135FAF7T, STM32MP135FAF7U, STM32MP135FAG7, STM32U535CBT6, STM32U535CBT6Q, STM32U535CBU6, STM32U535CBU6Q, STM32U535CCT6, STM32U535CCT6Q, STM32U535CCU6, STM32U535CCU6Q, STM32U535CET6, STM32U535CET6Q, STM32U535CEU6, STM32U535CEU6Q, STM32U535JEY6QTR, STM32U535NCY6QTR, STM32U535NEY6QTR, STM32U535RBI6, STM32U535RBI6Q, STM32U535RBT6, STM32U535RBT6Q, STM32U535RCI6, STM32U535RCI6Q, STM32U535RCT6, STM32U535RCT6Q, STM32U535REI6, STM32U535REI6Q, STM32U535RET6, STM32U535RET6Q, STM32U535VCI6, STM32U535VCI6Q, STM32U535VCT6, STM32U535VCT6Q, STM32U535VEI6, STM32U535VEI6Q, STM32U535VET6, STM32U535VET6Q, STM32U545CET6, STM32U545CET6Q, STM32U545CEU6, STM32U545CEU6Q, STM32U545JEY6QTR, STM32U545NEY6QTR, STM32U545REI6, STM32U545REI6Q, STM32U545RET6, STM32U545RET6Q, STM32U545VEI6, STM32U545VEI6Q, STM32U545VET6, STM32U545VET6Q, STM32U595AIH6, STM32U595AIH6Q, STM32U595AJH6, STM32U595AJH6Q, STM32U595QII6, STM32U595QII6Q, STM32U595QJI6, STM32U595QJI6Q, STM32U595RIT6, STM32U595RIT6Q, STM32U595RJT6, STM32U595RJT6Q, STM32U595VIT6, STM32U595VIT6Q, STM32U595VJT6, STM32U595VJT6Q, STM32U595ZIT6, STM32U595ZIT6Q, STM32U595ZIY6QTR, STM32U595ZJT6, STM32U595ZJT6Q, STM32U595ZJY6QTR, STM32U599BJY6QTR, STM32U599NIH6Q, STM32U599NJH6Q, STM32U599VIT6Q, STM32U599VJT6, STM32U599VJT6Q, STM32U599ZIT6Q, STM32U599ZIY6QTR, STM32U599ZJT6Q, STM32U599ZJY6QTR, STM32U5A5AJH6, STM32U5A5AJH6Q, STM32U5A5QJI6, STM32U5A5QJI6Q, STM32U5A5RJT6, STM32U5A5RJT6Q, STM32U5A5VJT6, STM32U5A5VJT6Q, STM32U5A5ZJT6, STM32U5A5ZJT6Q, STM32U5A5ZJY6QTR, STM32U5A9BJY6QTR, STM32U5A9J-DK, STM32U5A9NJH6Q, STM32U5A9VJT6Q, STM32U5A9ZJT6Q, STM32U5A9ZJY6QTR, STM32WB1MMCH6, STM32WBA52CEU6, STM32WBA52CEU6T, STM32WBA52CGU6, STM32WBA52CGU6T, STM32WL5MOCH6, STM32WL5MOCH6TR]
2023-06-21 17:03:53,559 [INFO] BoardInfo:880 - No configuration file found for board P-NUCLEO-WB55
2023-06-21 17:03:53,559 [INFO] DbBoards:157 - Kit is not supported: P-NUCLEO-WB55
2023-06-21 17:03:53,567 [INFO] BoardInfo:880 - No configuration file found for board STEVAL-BFA001V1B
2023-06-21 17:03:53,568 [INFO] DbBoards:157 - Kit is not supported: STEVAL-BFA001V1B
2023-06-21 17:03:53,568 [INFO] BoardInfo:880 - No configuration file found for board STEVAL-BFA001V2B
2023-06-21 17:03:53,568 [INFO] DbBoards:157 - Kit is not supported: STEVAL-BFA001V2B
2023-06-21 17:03:53,691 [INFO] DbBoards:161 - Found 187 boards, 184 are supported
2023-06-21 17:03:53,698 [INFO] ApiDb:668 - CubeFinder database Data Model version=2.1
2023-06-21 17:03:53,698 [INFO] ApiDb:669 - CubeFinder database Configuration version=3.0.35
2023-06-21 17:03:53,698 [INFO] ApiDb:670 - CubeFinder database generation date=2023-05-12 (1683877179)
2023-06-21 17:03:53,698 [INFO] ApiDb:671 - CubeFinder database FW Pack versions=[FP-ATR-ASTRA1_V2.0.0, FP-SNS-FLIGHT1_V5.0.0, FP-SNS-MOTENV1_V4.3.0, STM32Cube_FW_C0_V1.0.1, STM32Cube_FW_F0_V1.11.4, STM32Cube_FW_F3_V1.11.4, STM32Cube_FW_F4_V1.27.1, STM32Cube_FW_F7_V1.17.0, STM32Cube_FW_G0_V1.6.1, STM32Cube_FW_G4_V1.5.1, STM32Cube_FW_H5_V0.5.1, STM32Cube_FW_H5_V1.0.0, STM32Cube_FW_H7_V1.11.0, STM32Cube_FW_L0_V1.12.2, STM32Cube_FW_L5_V1.5.0, STM32Cube_FW_U5_V1.2.0, STM32Cube_FW_WBA_V1.0.0, STM32Cube_FW_WBA_V1.0.0RC1, STM32Cube_FW_WBA_V1.0.0RC3, STM32Cube_FW_WB_V1.15.0RC1, STM32Cube_FW_WB_V1.16.0, STM32Cube_FW_WB_V1.16.0RC2, STM32Cube_FW_WL_V1.3.0, X-CUBE-ALGOBUILD_V1.3.0, X-CUBE-ALS_V1.0.1, X-CUBE-AZRTOS-F4_V1.1.0, X-CUBE-AZRTOS-F7_V1.1.0, X-CUBE-AZRTOS-G0_V1.1.0, X-CUBE-AZRTOS-G4_V2.0.0, X-CUBE-AZRTOS-H7_V3.1.0, X-CUBE-AZRTOS-L4_V1.0.0, X-CUBE-AZRTOS-L5_V1.1.0, X-CUBE-AZRTOS-WB_V1.1.0, X-CUBE-AZRTOS-WL_V1.0.0, X-CUBE-BLE1_V6.2.4, X-CUBE-BLE2_V3.3.0, X-CUBE-BLEMGR_V2.0.0, X-CUBE-EEPRMA1_V4.1.0, X-CUBE-FREERTOS_V1.0.1, X-CUBE-GNSS1_V6.0.0, X-CUBE-MEMS1_V9.1.0, X-CUBE-MEMS1_V9.4.0, X-CUBE-MEMS1_V9.6.0, X-CUBE-NFC4_V3.0.0, X-CUBE-NFC7_V1.0.0, X-CUBE-SFXS2LP1_V4.0.0, X-CUBE-SUBG2_V5.0.0]
2023-06-21 17:03:54,066 [WARN] PackLoader:240 - Cannot read IP mode file for STMicroelectronics.X-CUBE-SMBUS.2.1.0
2023-06-21 17:03:54,119 [WARN] PackLoader:240 - Cannot read IP mode file for STMicroelectronics.X-CUBE-AZRTOS-F7.1.1.0
2023-06-21 17:03:54,138 [ERROR] RealEvaluatedCondition:428 - Found unsupported composite condition: GROUP='STM32_MetaDataManager' CLASS='Data Exchange'
2023-06-21 17:03:54,138 [ERROR] RealEvaluatedCondition:428 - Found unsupported composite condition: CLASS='Data Exchange' GROUP='STM32_MetaDataManager'
2023-06-21 17:03:54,142 [WARN] PackLoader:240 - Cannot read IP mode file for STMicroelectronics.FP-SNS-MOTENV1.4.3.1
2023-06-21 17:03:54,161 [WARN] PackLoader:240 - Cannot read IP mode file for STMicroelectronics.FP-SNS-FLIGHT1.5.0.1
2023-06-21 17:03:54,184 [WARN] PackLoader:240 - Cannot read IP mode file for STMicroelectronics.X-CUBE-BLE1.6.2.4
2023-06-21 17:03:54,202 [WARN] PackLoader:240 - Cannot read IP mode file for STMicroelectronics.X-CUBE-DISPLAY.3.0.0
2023-06-21 17:03:54,228 [INFO] LogOutputStream:77 - [STDOUT_REDIRECT] 1 : Invalid condition id : UX_CORESTACK_Condition cause : null
2023-06-21 17:03:54,228 [INFO] LogOutputStream:77 - [STDOUT_REDIRECT] 1 : Invalid condition id : UX_CORESTACK_Condition cause : null
2023-06-21 17:03:54,228 [INFO] LogOutputStream:77 - [STDOUT_REDIRECT] 1 : Invalid condition id : UX_CORESTACK_Condition cause : null
2023-06-21 17:03:54,228 [INFO] LogOutputStream:77 - [STDOUT_REDIRECT] 1 : Invalid condition id : UX_CORESTACK_Condition cause : null
2023-06-21 17:03:54,232 [INFO] LogOutputStream:77 - [STDOUT_REDIRECT] 1 : Invalid condition id : UX_CORESTACK_Condition cause : null
2023-06-21 17:03:54,236 [WARN] PackLoader:240 - Cannot read IP mode file for STMicroelectronics.X-CUBE-AZRTOS-WL.2.0.0
2023-06-21 17:03:54,257 [WARN] PackLoader:240 - Cannot read IP mode file for WES.I-CUBE-Cesium.1.3.0
2023-06-21 17:03:54,269 [WARN] PackLoader:240 - Cannot read IP mode file for STMicroelectronics.X-CUBE-BLE2.3.3.0
2023-06-21 17:03:54,284 [WARN] PackLoader:240 - Cannot read IP mode file for STMicroelectronics.X-CUBE-TOUCHGFX.4.21.4
2023-06-21 17:03:54,298 [WARN] PackLoader:240 - Cannot read IP mode file for STMicroelectronics.X-CUBE-ALGOBUILD.1.3.0
2023-06-21 17:03:54,330 [WARN] PackLoader:240 - Cannot read IP mode file for STMicroelectronics.X-CUBE-AZRTOS-G0.1.1.0
2023-06-21 17:03:54,349 [WARN] PackLoader:240 - Cannot read IP mode file for STMicroelectronics.X-CUBE-NFC4.3.0.0
2023-06-21 17:03:54,366 [WARN] PackLoader:240 - Cannot read IP mode file for STMicroelectronics.FP-ATR-SIGFOX1.3.2.0
2023-06-21 17:03:54,406 [WARN] PackLoader:240 - Cannot read IP mode file for SEGGER.I-CUBE-embOS.1.3.1
2023-06-21 17:03:54,496 [WARN] PackLoader:240 - Cannot read IP mode file for STMicroelectronics.X-CUBE-GNSS1.6.0.0
2023-06-21 17:03:54,542 [WARN] PackLoader:240 - Cannot read IP mode file for STMicroelectronics.X-CUBE-AZRTOS-F4.1.1.0
2023-06-21 17:03:54,560 [WARN] PackLoader:240 - Cannot read IP mode file for wolfSSL.I-CUBE-wolfSSL.5.6.0
2023-06-21 17:03:54,632 [WARN] PackLoader:240 - Cannot read IP mode file for STMicroelectronics.X-CUBE-MEMS1.9.6.0
2023-06-21 17:03:54,806 [WARN] PackLoader:240 - Cannot read IP mode file for emotas.I-CUBE-CANOPEN.1.1.3
2023-06-21 17:03:54,827 [WARN] PackLoader:240 - Cannot read IP mode file for STMicroelectronics.X-CUBE-BLEMGR.2.0.0
2023-06-21 17:03:54,862 [WARN] ConditionMgr:438 - getConditionDescription Invalid condition id : UX DEVICE CLASS RTOS Condition cause : null
2023-06-21 17:03:54,862 [WARN] ConditionMgr:438 - getConditionDescription Invalid condition id : UX DEVICE CLASS RTOS Condition cause : null
2023-06-21 17:03:54,867 [WARN] PackLoader:240 - Cannot read IP mode file for STMicroelectronics.X-CUBE-AZRTOS-H7.3.1.0
2023-06-21 17:03:54,868 [WARN] ConditionMgr:1039 - genDependencies : Invalid condition id : UX DEVICE CLASS RTOS Condition cause : null
2023-06-21 17:03:54,868 [WARN] ConditionMgr:1039 - genDependencies : Invalid condition id : UX DEVICE CLASS RTOS Condition cause : null
2023-06-21 17:03:54,868 [WARN] ConditionMgr:1039 - genDependencies : Invalid condition id : UX DEVICE CLASS RTOS Condition cause : null
2023-06-21 17:03:54,868 [WARN] ConditionMgr:1039 - genDependencies : Invalid condition id : UX DEVICE CLASS RTOS Condition cause : null
2023-06-21 17:03:54,868 [WARN] ConditionMgr:1039 - genDependencies : Invalid condition id : UX DEVICE CLASS RTOS Condition cause : null
2023-06-21 17:03:54,887 [WARN] PackLoader:240 - Cannot read IP mode file for STMicroelectronics.X-CUBE-NFC7.1.0.1
2023-06-21 17:03:54,896 [WARN] PackLoader:240 - Cannot read IP mode file for STMicroelectronics.X-CUBE-NFC7.1.0.0
2023-06-21 17:03:54,920 [WARN] PackLoader:240 - Cannot read IP mode file for STMicroelectronics.X-CUBE-EEPRMA1.4.1.0
2023-06-21 17:03:54,956 [WARN] ConditionMgr:438 - getConditionDescription Invalid condition id : LAN8742 Phy interface Condition cause : null
2023-06-21 17:03:54,956 [WARN] PackLoader:240 - Cannot read IP mode file for STMicroelectronics.X-CUBE-AZRTOS-L4.2.0.0
2023-06-21 17:03:54,960 [WARN] ConditionMgr:1039 - genDependencies : Invalid condition id : LAN8742 Phy interface Condition cause : null
2023-06-21 17:03:54,960 [WARN] ConditionMgr:1039 - genDependencies : Invalid condition id : LAN8742 Phy interface Condition cause : null
2023-06-21 17:03:54,960 [WARN] ConditionMgr:1039 - genDependencies : Invalid condition id : LAN8742 Phy interface Condition cause : null
2023-06-21 17:03:54,978 [WARN] PackLoader:240 - Cannot read IP mode file for STMicroelectronics.X-CUBE-SFXS2LP1.4.0.0
2023-06-21 17:03:54,993 [WARN] PackLoader:240 - Cannot read IP mode file for STMicroelectronics.X-CUBE-ISPU.1.1.0
2023-06-21 17:03:55,009 [WARN] PackLoader:240 - Cannot read IP mode file for STMicroelectronics.X-CUBE-FREERTOS.1.0.1
2023-06-21 17:03:55,044 [WARN] PackLoader:240 - Cannot read IP mode file for STMicroelectronics.X-CUBE-AZRTOS-L5.1.1.0
2023-06-21 17:03:55,064 [WARN] PackLoader:240 - Cannot read IP mode file for STMicroelectronics.X-CUBE-AI.8.0.1
2023-06-21 17:03:55,085 [WARN] PackLoader:240 - Cannot read IP mode file for STMicroelectronics.X-CUBE-SUBG2.5.0.0
2023-06-21 17:03:55,120 [WARN] PackLoader:240 - Cannot read IP mode file for STMicroelectronics.X-CUBE-AZRTOS-G4.2.0.0
2023-06-21 17:03:55,140 [WARN] PackLoader:240 - Cannot read IP mode file for STMicroelectronics.X-CUBE-TOF1.3.3.0
2023-06-21 17:03:55,172 [WARN] PackLoader:240 - Cannot read IP mode file for STMicroelectronics.X-CUBE-AZRTOS-WL.1.0.0
2023-06-21 17:03:55,190 [WARN] PackLoader:240 - Cannot read IP mode file for portGmbH.I-Cube-SoM-uGOAL.1.1.0
2023-06-21 17:03:55,207 [WARN] PackLoader:240 - Cannot read IP mode file for STMicroelectronics.X-CUBE-ALS.1.0.1
2023-06-21 17:03:55,236 [WARN] PackLoader:240 - Cannot read IP mode file for STMicroelectronics.X-CUBE-AZRTOS-WB.1.1.0
2023-06-21 17:03:55,256 [WARN] PackLoader:240 - Cannot read IP mode file for STMicroelectronics.FP-ATR-ASTRA1.2.0.0
2023-06-21 17:03:55,261 [INFO] ThirdParty:978 - Integrity check success = true
2023-06-21 17:03:55,261 [INFO] IntegrityCheckThread:100 - exiting critical section [integrity check]
2023-06-21 17:03:55,261 [INFO] IntegrityCheckThread:103 - End integrity checks thread
2023-06-21 17:03:56,588 [INFO] ApiDb:240 - Found 297 in-development CPN: [B-G473E-ZEST1S, B-WB1M-WPAN1, B-WL5M-SUBG1, NUCLEO-C031C6, NUCLEO-H503RB, NUCLEO-H563ZI, NUCLEO-U545RE-Q, NUCLEO-U5A5ZJ-Q, NUCLEO-WBA52CG, STEVAL-PROTEUS1, STEVAL-STWINBX1, STM320518-EVAL, STM32C0116-DK, STM32C011D6Y3TR, STM32C011D6Y6TR, STM32C011F4P3, STM32C011F4P6, STM32C011F4U3, STM32C011F4U6TR, STM32C011F6P3, STM32C011F6P6, STM32C011F6U3, STM32C011F6U6TR, STM32C011J4M3, STM32C011J4M6, STM32C011J6M3, STM32C011J6M6, STM32C0316-DK, STM32C031C4T3, STM32C031C4T6, STM32C031C4U3, STM32C031C4U6, STM32C031C6T3, STM32C031C6T6, STM32C031C6U3, STM32C031C6U6, STM32C031F4P3, STM32C031F4P6, STM32C031F6P3, STM32C031F6P6, STM32C031G4U3, STM32C031G4U6, STM32C031G6U3, STM32C031G6U6, STM32C031K4T3, STM32C031K4T6, STM32C031K4U3, STM32C031K4U6, STM32C031K6T3, STM32C031K6T6, STM32C031K6U3, STM32C031K6U6, STM32G071K8TXN, STM32G071K8UXN, STM32G081GBU6N, STM32G081KBT6N, STM32G081KBUXN, STM32G0B1CCT6N, STM32G0B1KCT6, STM32G0B1NEY6TR, STM32G0B1RCT6N, STM32G0C1CCT6, STM32G0C1CCT6N, STM32G0C1CCU6N, STM32G0C1CET6N, STM32G0C1CEU6N, STM32G0C1KCT6, STM32G0C1NEY6TR, STM32G0C1RCI6N, STM32G0C1RCT6N, STM32G0C1REI6N, STM32G0C1RET6N, STM32G0C1VCI6, STM32G0C1VEI6, STM32G471CCT6, STM32G471CCU6, STM32G471CET3, STM32G471CET6, STM32G471CEU3, STM32G471CEU6, STM32G471MCT6, STM32G471MET3, STM32G471MET6, STM32G471MEY6TR, STM32G471QCT6, STM32G471QET3, STM32G471RCT6, STM32G471RET3, STM32G471RET6, STM32G471VCH6, STM32G471VCI6, STM32G471VCT6, STM32G471VEH3, STM32G471VEH6, STM32G471VEI3, STM32G471VEI6, STM32G471VET3, STM32G471VET6, STM32G474CCT6, STM32H503CBT6, STM32H503CBU6, STM32H503EBY6TR, STM32H503KBU6, STM32H503RBT6, STM32H562AGI6, STM32H562AII6, STM32H562IGK6, STM32H562IGT6, STM32H562IIK6, STM32H562IIT6, STM32H562RGT6, STM32H562RGV6, STM32H562RIT6, STM32H562RIV6, STM32H562VGT6, STM32H562VIT6, STM32H562ZGT6, STM32H562ZIT6, STM32H563AGI6, STM32H563AII3Q, STM32H563AII6, STM32H563IGK6, STM32H563IGT6, STM32H563IIK3Q, STM32H563IIK6, STM32H563IIT3Q, STM32H563IIT6, STM32H563MIY3QTR, STM32H563RGT6, STM32H563RGV6, STM32H563RIT6, STM32H563RIV6, STM32H563VGT6, STM32H563VIT3Q, STM32H563VIT6, STM32H563ZGT6, STM32H563ZIT3Q, STM32H563ZIT6, STM32H573AII3Q, STM32H573AII6, STM32H573I-DK, STM32H573IIK3Q, STM32H573IIK6, STM32H573IIT3Q, STM32H573IIT6, STM32H573MIY3QTR, STM32H573RIT6, STM32H573RIV6, STM32H573VIT3Q, STM32H573VIT6, STM32H573ZIT3Q, STM32H573ZIT6, STM32L4R5QGI6STR, STM32MP131AAE3, STM32MP131AAF3, STM32MP131AAG3, STM32MP131CAE3, STM32MP131CAF3, STM32MP131CAG3, STM32MP131DAE7, STM32MP131DAF7, STM32MP131DAG7, STM32MP131FAE7, STM32MP131FAF7, STM32MP131FAG7, STM32MP133AAE3, STM32MP133AAF3, STM32MP133AAG3, STM32MP133CAE3, STM32MP133CAF3, STM32MP133CAG3, STM32MP133DAE7, STM32MP133DAF7, STM32MP133DAG7, STM32MP133FAE7, STM32MP133FAF7, STM32MP133FAG7, STM32MP135AAE3, STM32MP135AAF3, STM32MP135AAG3, STM32MP135CAE3, STM32MP135CAF3, STM32MP135CAG3, STM32MP135DAE7, STM32MP135DAF7, STM32MP135DAG7, STM32MP135F-DK, STM32MP135FAE7, STM32MP135FAF7, STM32MP135FAF7T, STM32MP135FAF7U, STM32MP135FAG7, STM32U535CBT6, STM32U535CBT6Q, STM32U535CBU6, STM32U535CBU6Q, STM32U535CCT6, STM32U535CCT6Q, STM32U535CCU6, STM32U535CCU6Q, STM32U535CET6, STM32U535CET6Q, STM32U535CEU6, STM32U535CEU6Q, STM32U535JEY6QTR, STM32U535NCY6QTR, STM32U535NEY6QTR, STM32U535RBI6, STM32U535RBI6Q, STM32U535RBT6, STM32U535RBT6Q, STM32U535RCI6, STM32U535RCI6Q, STM32U535RCT6, STM32U535RCT6Q, STM32U535REI6, STM32U535REI6Q, STM32U535RET6, STM32U535RET6Q, STM32U535VCI6, STM32U535VCI6Q, STM32U535VCT6, STM32U535VCT6Q, STM32U535VEI6, STM32U535VEI6Q, STM32U535VET6, STM32U535VET6Q, STM32U545CET6, STM32U545CET6Q, STM32U545CEU6, STM32U545CEU6Q, STM32U545JEY6QTR, STM32U545NEY6QTR, STM32U545REI6, STM32U545REI6Q, STM32U545RET6, STM32U545RET6Q, STM32U545VEI6, STM32U545VEI6Q, STM32U545VET6, STM32U545VET6Q, STM32U595AIH6, STM32U595AIH6Q, STM32U595AJH6, STM32U595AJH6Q, STM32U595QII6, STM32U595QII6Q, STM32U595QJI6, STM32U595QJI6Q, STM32U595RIT6, STM32U595RIT6Q, STM32U595RJT6, STM32U595RJT6Q, STM32U595VIT6, STM32U595VIT6Q, STM32U595VJT6, STM32U595VJT6Q, STM32U595ZIT6, STM32U595ZIT6Q, STM32U595ZIY6QTR, STM32U595ZJT6, STM32U595ZJT6Q, STM32U595ZJY6QTR, STM32U599BJY6QTR, STM32U599NIH6Q, STM32U599NJH6Q, STM32U599VIT6Q, STM32U599VJT6, STM32U599VJT6Q, STM32U599ZIT6Q, STM32U599ZIY6QTR, STM32U599ZJT6Q, STM32U599ZJY6QTR, STM32U5A5AJH6, STM32U5A5AJH6Q, STM32U5A5QJI6, STM32U5A5QJI6Q, STM32U5A5RJT6, STM32U5A5RJT6Q, STM32U5A5VJT6, STM32U5A5VJT6Q, STM32U5A5ZJT6, STM32U5A5ZJT6Q, STM32U5A5ZJY6QTR, STM32U5A9BJY6QTR, STM32U5A9J-DK, STM32U5A9NJH6Q, STM32U5A9VJT6Q, STM32U5A9ZJT6Q, STM32U5A9ZJY6QTR, STM32WB1MMCH6, STM32WBA52CEU6, STM32WBA52CEU6T, STM32WBA52CGU6, STM32WBA52CGU6T, STM32WL5MOCH6, STM32WL5MOCH6TR]
2023-06-21 17:03:56,590 [INFO] DbMcus:216 - Found 3775 MCUs, 3775 are supported
2023-06-21 17:03:56,595 [INFO] ApiDb:423 - Load user favorites file C:\Users\celin/.stm32cubeide/favorites.mcus.txt: 0 item(s)
2023-06-21 17:03:56,595 [INFO] ApiDb:427 - User favorites MCUs=[]
2023-06-21 17:03:56,595 [INFO] DbMcus:222 - Set 0 / 0 favorites MCUs
2023-06-21 17:03:57,020 [INFO] ApiDb:423 - Load user favorites file C:\Users\celin/.stm32cubeide/favorites.boards.txt: 1 item(s)
2023-06-21 17:03:57,020 [INFO] ApiDb:427 - User favorites Boards=[NUCLEO-L452RE]
2023-06-21 17:03:57,020 [INFO] DbBoards:190 - Set 1 / 1 favorites Boards
2023-06-21 17:03:57,020 [INFO] McuFinderGlobals:66 - Set McuFinderConnectedMode to true
2023-06-21 17:03:57,032 [INFO] MultiScanPanel:200 - Auto-refresh data requested => check proxy status ongoing
2023-06-21 17:03:57,036 [INFO] FinderPluginLoader:95 - Searching for filters in installed packs
2023-06-21 17:03:58,850 [INFO] LoadUrlFilesThread:185 - End of LoadServerUrlFiles without Thread
2023-06-21 17:03:58,935 [INFO] DetailPanel:341 - Set advertising image to C:/Users/celin/STM32Cube/Repository/\en.prom-stm32h5-mcu-finder.jpg
2023-06-21 17:16:33,708 [INFO] MultiScanPanel:200 - Auto-refresh data requested => check proxy status ongoing
2023-06-21 17:16:33,880 [INFO] LoadUrlFilesThread:185 - End of LoadServerUrlFiles without Thread
2023-06-21 17:16:33,880 [INFO] DetailPanel:341 - Set advertising image to C:/Users/celin/STM32Cube/Repository/\en.prom-stm32h5-mcu-finder.jpg
2023-06-21 17:16:42,241 [INFO] BoardResultTable:719 - Unmark Board NUCLEO-L452RE as favorite
2023-06-21 17:16:42,743 [INFO] BoardResultTable:719 - Mark Board NUCLEO-L452RE as favorite
2023-06-21 17:16:54,059 [INFO] MainUpdater:2854 - connection check result : 10
2023-06-21 17:16:54,059 [INFO] MainUpdater:2854 - connection check result : 10
2023-06-21 17:16:54,105 [INFO] MicroXplorer:468 - Change Database Path : 
2023-06-21 17:16:54,105 [INFO] MicroXplorer:498 - Change Database Version : DB.6.0.81
2023-06-21 17:16:54,105 [WARN] ThirdParty:871 - waiting for thirdparty lock release [close project]
2023-06-21 17:16:54,105 [INFO] ThirdParty:873 - entering critical section [close project]
2023-06-21 17:16:54,106 [INFO] ThirdParty:883 - exiting critical section [close project]
2023-06-21 17:16:54,114 [INFO] PinOutPanel:1499 - setPackage(No Configuration,No Configuration)
2023-06-21 17:16:54,121 [INFO] UtilMem:75 - Begin LoadConfig() Used Memory: 271475688 Bytes (507510784)
2023-06-21 17:16:54,126 [INFO] OpenFileManager:308 - Change cursor
2023-06-21 17:16:54,172 [INFO] ProjectFactory:402 - No CPN specified for board NUCLEO-L452RE => set CPN to STM32L452RET3
2023-06-21 17:16:54,174 [INFO] Mcu:1937 - Initializing MCU STM32L452R(C-E)Tx STM32L452RETx STM32L452RET3
2023-06-21 17:16:56,170 [INFO] Context:659 - Trying to add GPIOservice into a context  which must be forbidden
2023-06-21 17:16:56,605 [INFO] Rule:228 - rule 117617 - U5Cobra4M][GTZC] default value MPCBB3 and MPCBB5 - Not Secured memory - MPCBB1 is applicable
2023-06-21 17:16:56,605 [INFO] Rule:228 - rule 117617 - U5Cobra4M][GTZC] default value MPCBB3 and MPCBB5 - Not Secured memory - MPCBB1 is applicable
2023-06-21 17:16:56,605 [INFO] Rule:228 - rule 117617 - U5Cobra4M][GTZC] default value MPCBB3 and MPCBB5 - Not Secured memory - MPCBB2 is applicable
2023-06-21 17:16:56,605 [INFO] Rule:228 - rule 117617 - U5Cobra4M][GTZC] default value MPCBB3 and MPCBB5 - Not Secured memory - MPCBB2 is applicable
2023-06-21 17:16:56,605 [INFO] Rule:228 - rule 117617 - U5Cobra4M][GTZC] default value MPCBB3 and MPCBB5 - Not Secured memory - MPCBB3 is applicable
2023-06-21 17:16:56,605 [INFO] Rule:228 - rule 117617 - U5Cobra4M][GTZC] default value MPCBB3 and MPCBB5 - Not Secured memory - MPCBB3 is applicable
2023-06-21 17:16:56,605 [INFO] Rule:228 - rule 117617 - U5Cobra4M][GTZC] default value MPCBB3 and MPCBB5 - Not Secured memory - MPCBB4 is applicable
2023-06-21 17:16:56,605 [INFO] Rule:228 - rule 117617 - U5Cobra4M][GTZC] default value MPCBB3 and MPCBB5 - Not Secured memory - MPCBB4 is applicable
2023-06-21 17:16:56,605 [INFO] Rule:228 - rule 117617 - U5Cobra4M][GTZC] default value MPCBB3 and MPCBB5 - Secured memory - MPCBB1 is applicable
2023-06-21 17:16:56,605 [INFO] Rule:228 - rule 117617 - U5Cobra4M][GTZC] default value MPCBB3 and MPCBB5 - Secured memory - MPCBB2 is applicable
2023-06-21 17:16:56,610 [INFO] Rule:228 - rule 117617 - U5Cobra4M][GTZC] default value MPCBB3 and MPCBB5 - Secured memory - MPCBB3 is applicable
2023-06-21 17:16:56,610 [INFO] Rule:228 - rule 117617 - U5Cobra4M][GTZC] default value MPCBB3 and MPCBB5 - Secured memory - MPCBB4 is applicable
2023-06-21 17:16:56,610 [INFO] Rule:228 - rule 117617 - U5Cobra4M][GTZC] default value MPCBB3 and MPCBB5 - Privileged memory - MPCBB1 is applicable
2023-06-21 17:16:56,610 [INFO] Rule:228 - rule 117617 - U5Cobra4M][GTZC] default value MPCBB3 and MPCBB5 - Privileged memory - MPCBB2 is applicable
2023-06-21 17:16:56,610 [INFO] Rule:228 - rule 117617 - U5Cobra4M][GTZC] default value MPCBB3 and MPCBB5 - Privileged memory - MPCBB3 is applicable
2023-06-21 17:16:56,610 [INFO] Rule:228 - rule 117617 - U5Cobra4M][GTZC] default value MPCBB3 and MPCBB5 - Privileged memory - MPCBB4 is applicable
2023-06-21 17:16:56,610 [INFO] Rule:228 - rule 117617 - U5Cobra4M][GTZC] default value MPCBB3 and MPCBB5 - Not Privileged memory - MPCBB1 is applicable
2023-06-21 17:16:56,610 [INFO] Rule:228 - rule 117617 - U5Cobra4M][GTZC] default value MPCBB3 and MPCBB5 - Not Privileged memory - MPCBB2 is applicable
2023-06-21 17:16:56,610 [INFO] Rule:228 - rule 117617 - U5Cobra4M][GTZC] default value MPCBB3 and MPCBB5 - Not Privileged memory - MPCBB3 is applicable
2023-06-21 17:16:56,610 [INFO] Rule:228 - rule 117617 - U5Cobra4M][GTZC] default value MPCBB3 and MPCBB5 - Not Privileged memory - MPCBB4 is applicable
2023-06-21 17:16:56,611 [INFO] Rule:228 - rule 117617 - U5Cobra4M][GTZC] default value MPCBB3 and MPCBB5 - Privileged memory - MPCBB1 is applicable
2023-06-21 17:16:56,611 [INFO] Rule:228 - rule 117617 - U5Cobra4M][GTZC] default value MPCBB3 and MPCBB5 - Privileged memory - MPCBB2 is applicable
2023-06-21 17:16:56,611 [INFO] Rule:228 - rule 117617 - U5Cobra4M][GTZC] default value MPCBB3 and MPCBB5 - Privileged memory - MPCBB3 is applicable
2023-06-21 17:16:56,611 [INFO] Rule:228 - rule 117617 - U5Cobra4M][GTZC] default value MPCBB3 and MPCBB5 - Privileged memory - MPCBB4 is applicable
2023-06-21 17:16:56,611 [INFO] Rule:228 - rule 117617 - U5Cobra4M][GTZC] default value MPCBB3 and MPCBB5 - Privileged memory - MPCBB1 is applicable
2023-06-21 17:16:56,611 [INFO] Rule:228 - rule 117617 - U5Cobra4M][GTZC] default value MPCBB3 and MPCBB5 - Privileged memory - MPCBB2 is applicable
2023-06-21 17:16:56,611 [INFO] Rule:228 - rule 117617 - U5Cobra4M][GTZC] default value MPCBB3 and MPCBB5 - Privileged memory - MPCBB3 is applicable
2023-06-21 17:16:56,611 [INFO] Rule:228 - rule 117617 - U5Cobra4M][GTZC] default value MPCBB3 and MPCBB5 - Privileged memory - MPCBB4 is applicable
2023-06-21 17:16:56,611 [INFO] Rule:228 - rule 117617 - U5Cobra4M][GTZC] default value MPCBB3 and MPCBB5 - Not Privileged memory - MPCBB1 is applicable
2023-06-21 17:16:56,611 [INFO] Rule:228 - rule 117617 - U5Cobra4M][GTZC] default value MPCBB3 and MPCBB5 - Not Privileged memory - MPCBB2 is applicable
2023-06-21 17:16:56,611 [INFO] Rule:228 - rule 117617 - U5Cobra4M][GTZC] default value MPCBB3 and MPCBB5 - Not Privileged memory - MPCBB3 is applicable
2023-06-21 17:16:56,611 [INFO] Rule:228 - rule 117617 - U5Cobra4M][GTZC] default value MPCBB3 and MPCBB5 - Not Privileged memory - MPCBB4 is applicable
2023-06-21 17:16:56,611 [INFO] Rule:228 - rule 117617 - U5Cobra4M][GTZC] default value MPCBB3 and MPCBB5 - Privileged memory - MPCBB1 is applicable
2023-06-21 17:16:56,611 [INFO] Rule:228 - rule 117617 - U5Cobra4M][GTZC] default value MPCBB3 and MPCBB5 - Privileged memory - MPCBB2 is applicable
2023-06-21 17:16:56,611 [INFO] Rule:228 - rule 117617 - U5Cobra4M][GTZC] default value MPCBB3 and MPCBB5 - Privileged memory - MPCBB3 is applicable
2023-06-21 17:16:56,611 [INFO] Rule:228 - rule 117617 - U5Cobra4M][GTZC] default value MPCBB3 and MPCBB5 - Privileged memory - MPCBB4 is applicable
2023-06-21 17:16:56,611 [INFO] Rule:228 - rule Rename SubGHz_Phy SUBGHZ_APPLICATION SUBGHZ_PINGPONG to SUBGHZ_ADV_APPLICATION is applicable
2023-06-21 17:16:56,611 [INFO] Rule:228 - rule Rename Enabled to IBEACON is applicable
2023-06-21 17:16:56,611 [INFO] Rule:228 - rule GTZC_S instance for project manager is applicable
2023-06-21 17:16:56,611 [INFO] Rule:228 - rule GTZC_S instance for context M33S is applicable
2023-06-21 17:16:56,611 [INFO] Rule:228 - rule GTZC_S instance value for IP GTZC is applicable
2023-06-21 17:16:56,611 [INFO] Rule:228 - rule GTZC_S instance for mcu.IP is applicable
2023-06-21 17:16:56,611 [INFO] Rule:228 - rule GTZC_S instance for VP is applicable
2023-06-21 17:16:56,611 [INFO] Rule:228 - rule GTZC_S instance for signal is applicable
2023-06-21 17:16:56,611 [INFO] Rule:228 - rule GTZC_S instance for mcu.Pin is applicable
2023-06-21 17:16:56,611 [INFO] Rule:228 - rule GTZC_S instance for VP is applicable
2023-06-21 17:16:56,611 [INFO] Rule:228 - rule GTZC_S instance for signal is applicable
2023-06-21 17:16:56,611 [INFO] Rule:228 - rule GTZC_S instance for mcu is applicable
2023-06-21 17:16:56,611 [INFO] Rule:228 - rule GTZC_S instance for mcu.Pin is applicable
2023-06-21 17:16:56,611 [INFO] Rule:228 - rule GTZC_S instance value for IP GTZC is applicable
2023-06-21 17:16:56,611 [INFO] Rule:228 - rule GTZC_S instance for project manager is applicable
2023-06-21 17:16:56,611 [INFO] Rule:228 - rule GTZC_S instance for context M33S is applicable
2023-06-21 17:16:56,611 [INFO] Rule:228 - rule GTZC_S instance for VP is applicable
2023-06-21 17:16:56,611 [INFO] Rule:228 - rule GTZC_S instance for signal is applicable
2023-06-21 17:16:56,611 [INFO] Rule:228 - rule SPDIFRX instance for mcu is applicable
2023-06-21 17:16:56,611 [INFO] Rule:228 - rule Rename Tracer Mode is applicable
2023-06-21 17:16:56,611 [INFO] Rule:228 - rule SPDIFRX instance value for IP SPDIFRX is applicable
2023-06-21 17:16:56,611 [INFO] Rule:228 - rule SPDIFRX instance for signal is applicable
2023-06-21 17:16:56,611 [INFO] Rule:228 - rule SPDIFRX instance for project manager is applicable
2023-06-21 17:16:56,611 [INFO] Rule:228 - rule SPDIFRX instance for project manager is applicable
2023-06-21 17:16:56,611 [INFO] Rule:228 - rule ADC Scan  fix with FW F7 is applicable
2023-06-21 17:16:56,611 [INFO] Rule:228 - rule ADC Scan  fix with FW F7 is applicable
2023-06-21 17:16:56,615 [INFO] Rule:228 - rule WakeUp0 Mode is applicable
2023-06-21 17:16:56,615 [INFO] Rule:228 - rule WakeUp0 SIGNAL is applicable
2023-06-21 17:16:56,615 [INFO] Rule:228 - rule WakeUp1 Mode is applicable
2023-06-21 17:16:56,615 [INFO] Rule:228 - rule WakeUp1 SIGNAL is applicable
2023-06-21 17:16:56,615 [INFO] Rule:228 - rule WakeUp2 Mode is applicable
2023-06-21 17:16:56,615 [INFO] Rule:228 - rule WakeUp2 SIGNAL is applicable
2023-06-21 17:16:56,615 [INFO] Rule:228 - rule WakeUp4 Mode is applicable
2023-06-21 17:16:56,615 [INFO] Rule:228 - rule WakeUp4 SIGNAL is applicable
2023-06-21 17:16:56,615 [INFO] Rule:228 - rule WakeUp5 Mode is applicable
2023-06-21 17:16:56,615 [INFO] Rule:228 - rule WakeUp5 SIGNAL is applicable
2023-06-21 17:16:56,615 [INFO] Rule:228 - rule UART/USART WORD LENGTH 7 is applicable
2023-06-21 17:16:56,615 [INFO] Rule:228 - rule UART/USART WORD LENGTH 8 is applicable
2023-06-21 17:16:56,615 [INFO] Rule:228 - rule UART/USART WORD LENGTH 9 is applicable
2023-06-21 17:16:56,615 [INFO] Rule:228 - rule Change Default Value for LSE Drive Capability for WB family is applicable
2023-06-21 17:16:56,615 [INFO] Rule:228 - rule Change Default Value for ADC Clock Prescaler G0 family is applicable
2023-06-21 17:16:56,615 [INFO] Rule:228 - rule ADC SamplingTime fix with FW L0  is applicable
2023-06-21 17:16:56,615 [INFO] Rule:228 - rule ADC SamplingTime fix with FW L0  is applicable
2023-06-21 17:16:56,616 [INFO] Rule:228 - rule ADC SamplingTime fix with FW L0 is applicable
2023-06-21 17:16:56,616 [INFO] Rule:228 - rule ADC SamplingTime fix with FW L0 is applicable
2023-06-21 17:16:56,616 [INFO] Rule:228 - rule ADC SamplingTime fix with FW L0  is applicable
2023-06-21 17:16:56,616 [INFO] Rule:228 - rule ADC SamplingTime fix with FW L0 is applicable
2023-06-21 17:16:56,616 [INFO] Rule:228 - rule Rename USB_OE Signal is applicable
2023-06-21 17:16:56,616 [INFO] Rule:228 - rule Rename Activate_OE Mode is applicable
2023-06-21 17:16:56,616 [INFO] Rule:228 - rule Rename DIE462/DIE415 pin PC14/OSC32_IN -> PC14-OSC32_IN (PC14) is applicable
2023-06-21 17:16:56,616 [INFO] Rule:228 - rule Rename DIE462/DIE415 pin PC15/OSC32_OUT -> PC15-OSC32_OUT (PC15) is applicable
2023-06-21 17:16:56,616 [INFO] Rule:228 - rule Rename DIE462/DIE415 pin PH0/OSC_IN -> PH0-OSC_IN (PH0) is applicable
2023-06-21 17:16:56,616 [INFO] Rule:228 - rule Rename DIE462/DIE415 pin PH1/OSC_OUT -> PH1-OSC_OUT (PH1) is applicable
2023-06-21 17:16:56,616 [INFO] Rule:228 - rule Rename DIE462 pin PA13 -> PA13 (JTMS/SWDIO) is applicable
2023-06-21 17:16:56,616 [INFO] Rule:228 - rule Rename DIE415 pin PA13 -> PA13 (JTMS/SWDIO) is applicable
2023-06-21 17:16:56,616 [INFO] Rule:228 - rule Rename DIE462 pin PA14 -> PA14 (JTCK/SWCLK) is applicable
2023-06-21 17:16:56,616 [INFO] Rule:228 - rule Rename DIE415 pin PA14 -> PA14 (JTCK/SWCLK) is applicable
2023-06-21 17:16:56,616 [INFO] Rule:228 - rule Rename DIE462/DIE415 pin PA15 -> PA15 (JTDI) is applicable
2023-06-21 17:16:56,616 [INFO] Rule:228 - rule Rename DIE462 pin PB3 -> PB3 (JTD0/TRACESWO) is applicable
2023-06-21 17:16:56,616 [INFO] Rule:228 - rule Rename DIE415 pin PB3 -> PB3 (JTD0-TRACESWO) is applicable
2023-06-21 17:16:56,616 [INFO] Rule:228 - rule Rename DIE462/DIE415 pin PB4 -> PB4 (NJTRST) is applicable
2023-06-21 17:16:56,616 [INFO] Rule:228 - rule Rename DIE462 pin PH3/BOOT0 -> PH3-BOOT0 (BOOT0) is applicable
2023-06-21 17:16:56,616 [INFO] Rule:228 - rule Rename CRYP DataEncryptionTypesList to Algorithm is applicable
2023-06-21 17:16:56,616 [INFO] Rule:228 - rule Rename AES DataEncryptionTypesList to Algorithm is applicable
2023-06-21 17:16:56,616 [INFO] Rule:228 - rule Rename TDESECB to CRYP_TDES_ECB is applicable
2023-06-21 17:16:56,616 [INFO] Rule:228 - rule Rename TDESCBC to CRYP_TDES_CBC is applicable
2023-06-21 17:16:56,616 [INFO] Rule:228 - rule Rename DESECB to CRYP_DES_ECB is applicable
2023-06-21 17:16:56,618 [INFO] Rule:228 - rule Rename DESCBC to CRYP_DES_CBC is applicable
2023-06-21 17:16:56,618 [INFO] Rule:228 - rule Rename AESECB to CRYP_AES_ECB is applicable
2023-06-21 17:16:56,618 [INFO] Rule:228 - rule Rename AESCBC to CRYP_AES_CBC is applicable
2023-06-21 17:16:56,618 [INFO] Rule:228 - rule Rename AESCTR to CRYP_AES_CTR is applicable
2023-06-21 17:16:56,618 [INFO] Rule:228 - rule Rename AESGCM to CRYP_AES_GCM is applicable
2023-06-21 17:16:56,618 [INFO] Rule:228 - rule Rename AESCCM to CRYP_AES_CCM is applicable
2023-06-21 17:16:56,618 [INFO] Rule:228 - rule Rename CAN TimeSeg1 to BS1 is applicable
2023-06-21 17:16:56,618 [INFO] Rule:228 - rule Rename CAN TimeSeg2 to BS2 is applicable
2023-06-21 17:16:56,618 [INFO] Rule:228 - rule Rename CAN SyncJumpWidth to SJW is applicable
2023-06-21 17:16:56,618 [INFO] Rule:228 - rule TimeTriggeredMode to TTCM is applicable
2023-06-21 17:16:56,618 [INFO] Rule:228 - rule Rename CAN AutoBusOff to ABOM is applicable
2023-06-21 17:16:56,618 [INFO] Rule:228 - rule Rename CAN AutoWakeUp to AWUM is applicable
2023-06-21 17:16:56,619 [INFO] Rule:228 - rule Rename CAN AutoRetransmission to NART is applicable
2023-06-21 17:16:56,619 [INFO] Rule:228 - rule Rename CAN ReceiveFifoLocked to RFLM is applicable
2023-06-21 17:16:56,619 [INFO] Rule:228 - rule Rename CAN TransmitFifoPriority to TXFP is applicable
2023-06-21 17:16:56,619 [INFO] Rule:228 - rule Rename HRTIMER HRTIM_OUTPUTFAULTLEVEL_HIGH in HRTIMER HRTIM_OUTPUTFAULTLEVEL_HIGHZ is applicable
2023-06-21 17:16:56,619 [INFO] Rule:228 - rule Rename TIMER TIM_CLEARINPUTSOURCE_OCREFCLR in  TIMER TIM_CLEARINPUTSOURCE_NONE for F7 family is applicable
2023-06-21 17:16:56,619 [INFO] Rule:228 - rule FDCAN_R1 - Rename FDCAN mode Master into Classic is applicable
2023-06-21 17:16:56,619 [INFO] Rule:228 - rule FDCAN_R2 - Rename FDCAN mode Slave into Classic is applicable
2023-06-21 17:16:56,619 [INFO] Rule:228 - rule FDCAN1_R3 - if PA10.Mode=FullDuplex, add Pin PA12 is applicable
2023-06-21 17:16:56,619 [INFO] Rule:228 - rule FDCAN1_R3 - if PA9.Mode=FullDuplex, add Pin PA11 is applicable
2023-06-21 17:16:56,619 [INFO] Rule:228 - rule FDCAN1_R3 - Alternatepin_1 - if PE1.Mode=FullDuplex, add Pin PB9 is applicable
2023-06-21 17:16:56,619 [INFO] Rule:228 - rule FDCAN1_R3 - Alternatepin_1 - if PE0.Mode=FullDuplex, add Pin PB8 is applicable
2023-06-21 17:16:56,620 [INFO] Rule:228 - rule FDCAN1_R3 - Alternatepin_2 - if PD5.Mode=FullDuplex, add Pin PD1 is applicable
2023-06-21 17:16:56,620 [INFO] Rule:228 - rule FDCAN1_R3 - Alternatepin_2 - if PD4.Mode=FullDuplex, add Pin PD0 is applicable
2023-06-21 17:16:56,620 [INFO] Rule:228 - rule FDCAN1_R4 - Rename Mode FullDuplex into Enable FDCAN_TXFD for pin PA10 is applicable
2023-06-21 17:16:56,620 [INFO] Rule:228 - rule FDCAN1_R4 - Rename Mode FullDuplex into Enable FDCAN_TXFD for pin PA9 is applicable
2023-06-21 17:16:56,620 [INFO] Rule:228 - rule FDCAN1_R4 - Alternatepin_1 - Rename Mode FullDuplex into Enable FDCAN_TXFD for pin PE1 is applicable
2023-06-21 17:16:56,620 [INFO] Rule:228 - rule FDCAN1_R4 - Alternatepin_1 - Rename Mode FullDuplex into Enable FDCAN_TXFD for pin PE0 is applicable
2023-06-21 17:16:56,620 [INFO] Rule:228 - rule FDCAN1_R4 - Alternatepin_2 - Rename Mode FullDuplex into Enable FDCAN_TXFD for pin PD5 is applicable
2023-06-21 17:16:56,620 [INFO] Rule:228 - rule FDCAN1_R4 - Alternatepin_2 - Rename Mode FullDuplex into Enable FDCAN_TXFD for pin PD4 is applicable
2023-06-21 17:16:56,620 [INFO] Rule:228 - rule FDCAN2_R3 - if PD10.Mode=FullDuplex, add Pin PB13 is applicable
2023-06-21 17:16:56,620 [INFO] Rule:228 - rule FDCAN2_R3 - if PD9.Mode=FullDuplex, add Pin PB12 is applicable
2023-06-21 17:16:56,620 [INFO] Rule:228 - rule FDCAN2_R3 - Alternatepin_1 - if PB7.Mode=FullDuplex, add Pin PB6 is applicable
2023-06-21 17:16:56,620 [INFO] Rule:228 - rule FDCAN2_R3 - Alternatepin_1 - if PD9.Mode=FullDuplex, add Pin PB12 is applicable
2023-06-21 17:16:56,621 [INFO] Rule:228 - rule FDCAN2_R4 - Rename Mode FullDuplex into Enable FDCAN_TXFD for pin PD10 is applicable
2023-06-21 17:16:56,621 [INFO] Rule:228 - rule FDCAN2_R4 - Rename Mode FullDuplex into Enable FDCAN_TXFD for pin PD9 is applicable
2023-06-21 17:16:56,621 [INFO] Rule:228 - rule FDCAN2_R4 - Alternatepin_1 - Rename Mode FullDuplex into Enable FDCAN_TXFD for pin PB7 is applicable
2023-06-21 17:16:56,621 [INFO] Rule:228 - rule FDCAN2_R4 - Alternatepin_1 - Rename Mode FullDuplex into Enable FDCAN_TXFD for pin PD6 is applicable
2023-06-21 17:16:56,621 [INFO] Rule:228 - rule USART TxPinLevelInvertParam Mode is applicable
2023-06-21 17:16:56,621 [INFO] Rule:228 - rule USART RxPinLevelInvertParam Mode is applicable
2023-06-21 17:16:56,621 [INFO] Rule:228 - rule USART DataInvertParam Mode is applicable
2023-06-21 17:16:56,621 [INFO] Rule:228 - rule USART SwapParam Mode is applicable
2023-06-21 17:16:56,621 [INFO] Rule:228 - rule USART OverrunDisableParam Mode is applicable
2023-06-21 17:16:56,621 [INFO] Rule:228 - rule USART DMADisableonRxErrorParam Mode is applicable
2023-06-21 17:16:56,622 [INFO] Rule:228 - rule USART MSBFirstParam Mode is applicable
2023-06-21 17:16:56,622 [INFO] Rule:228 - rule Update MwName for USB_DEVICE is applicable
2023-06-21 17:16:56,622 [INFO] Rule:228 - rule Change PWR_Regulator_Voltage_Scale Default Value for RCC  H7 family is applicable
2023-06-21 17:16:56,622 [INFO] Rule:228 - rule UART/USART IPParameter rename Prescaler parameter to ClockPrescaler is applicable
2023-06-21 17:16:56,622 [INFO] Rule:228 - rule UART/USART Prescaler rename Prescaler parameter to ClockPrescaler is applicable
2023-06-21 17:16:56,622 [INFO] Rule:228 - rule TIM1CLockSelection is applicable
2023-06-21 17:16:56,622 [INFO] Rule:228 - rule TIM15CLockSelection is applicable
2023-06-21 17:16:56,622 [INFO] Rule:228 - rule align RCC SDMMC3CLockSelection default value on MP1 is applicable
2023-06-21 17:16:56,622 [INFO] Rule:228 - rule align RCC SDMMC12CLockSelection default value on MP1 is applicable
2023-06-21 17:16:56,622 [INFO] Rule:228 - rule align RCC QSPICLockSelection default value on MP1 is applicable
2023-06-21 17:16:56,622 [INFO] Rule:228 - rule align RCC QSPICLockSelection default value on MP1 is applicable
2023-06-21 17:16:56,622 [INFO] Rule:228 - rule align RCC SPI6CLockSelection default value on MP1 is applicable
2023-06-21 17:16:56,622 [INFO] Rule:228 - rule align RCC LPTIM23CLockSelection default value on MP1 is applicable
2023-06-21 17:16:56,622 [INFO] Rule:228 - rule align RCC LPTIM1CLockSelection default value on MP1 is applicable
2023-06-21 17:16:56,622 [INFO] Rule:228 - rule align RCC USART1CLockSelection default value on MP1 is applicable
2023-06-21 17:16:56,622 [INFO] Rule:228 - rule align RCC USART24CLockSelection default value on MP1 is applicable
2023-06-21 17:16:56,623 [INFO] Rule:228 - rule align RCC USART6CLockSelection default value on MP1 is applicable
2023-06-21 17:16:56,623 [INFO] Rule:228 - rule align RCC UART78CLockSelection default value on MP1 is applicable
2023-06-21 17:16:56,623 [INFO] Rule:228 - rule align RCC USART35CLockSelection default value on MP1 is applicable
2023-06-21 17:16:56,623 [INFO] Rule:228 - rule align RCC SPI45CLockSelection default value on MP1 is applicable
2023-06-21 17:16:56,623 [INFO] Rule:228 - rule align RCC I2C46CLockSelection BCLK value on MP1 is applicable
2023-06-21 17:16:56,623 [INFO] Rule:228 - rule align RCC SPI45CLockSelection default value on MP1 is applicable
2023-06-21 17:16:56,623 [INFO] Rule:228 - rule align RCC I2C12CLockSelection default value on MP1 is applicable
2023-06-21 17:16:56,623 [INFO] Rule:228 - rule align RCC I2C35CLockSelection default value on MP1 is applicable
2023-06-21 17:16:56,623 [INFO] Rule:228 - rule align RCC LPTIM45CLockSelection default value on MP1 is applicable
2023-06-21 17:16:56,623 [INFO] Rule:228 - rule Rename DCMI PIXCK signal is applicable
2023-06-21 17:16:56,623 [INFO] Rule:228 - rule Change Default Value for I2C46CLockSelection MP1 family is applicable
2023-06-21 17:16:56,623 [INFO] Rule:228 - rule Change Default Value for UART for G4, G0 and WB families is applicable
2023-06-21 17:16:56,623 [INFO] Rule:228 - rule Change Default Value for USART for G4, G0 and WB families is applicable
2023-06-21 17:16:56,623 [INFO] Rule:228 - rule Change Default Value for USART for G4 family is applicable
2023-06-21 17:16:56,623 [INFO] Rule:228 - rule Change USART1CLockSelection refparam name for MP1 is applicable
2023-06-21 17:16:56,623 [INFO] Rule:228 - rule Change USART2CLockSelection refparam name for MP1 is applicable
2023-06-21 17:16:56,623 [INFO] Rule:228 - rule Change USART3CLockSelection refparam name for MP1 is applicable
2023-06-21 17:16:56,623 [INFO] Rule:228 - rule Change UART4CLockSelection refparam name for MP1 is applicable
2023-06-21 17:16:56,623 [INFO] Rule:228 - rule Change UART5CLockSelection refparam name for MP1 is applicable
2023-06-21 17:16:56,623 [INFO] Rule:228 - rule Change LPUART1CLockSelection refparam name for MP1 is applicable
2023-06-21 17:16:56,624 [INFO] Rule:228 - rule Change LPTIM1CLockSelection refparam name for MP1 is applicable
2023-06-21 17:16:56,624 [INFO] Rule:228 - rule Change LPTIM2CLockSelection refparam name for MP1 is applicable
2023-06-21 17:16:56,624 [INFO] Rule:228 - rule Change RCC_MCO1Source refparam name for MP1 is applicable
2023-06-21 17:16:56,624 [INFO] Rule:228 - rule Change LSCOSource1 refparam name for MP1 is applicable
2023-06-21 17:16:56,624 [INFO] Rule:228 - rule Change SMPSCLockSelection refparam name for MP1 is applicable
2023-06-21 17:16:56,624 [INFO] Rule:228 - rule Change LPTIM3CLockSelection refparam name for MP1 is applicable
2023-06-21 17:16:56,624 [INFO] Rule:228 - rule Change MPCBB* Default Template Mode to Parameters is applicable
2023-06-21 17:16:56,624 [INFO] Rule:228 - rule Change MPCWM* or MPCBB* Secure Mode to Parameters is applicable
2023-06-21 17:16:56,624 [INFO] Rule:228 - rule Change MPCWM* or MPCBB* No Secure Mode to Parameters is applicable
2023-06-21 17:16:56,625 [INFO] Rule:228 - rule Change TZSC IP Secure Mode to Parameters is applicable
2023-06-21 17:16:56,625 [INFO] Rule:228 - rule Change TZSC IP No Secure Mode to Parameters is applicable
2023-06-21 17:16:56,625 [INFO] Rule:228 - rule Change TZSC IP Privilege Mode to Parameters is applicable
2023-06-21 17:16:56,625 [INFO] Rule:228 - rule Change TZSC IP No Privilege Mode to Parameters is applicable
2023-06-21 17:16:56,625 [INFO] Rule:228 - rule Change TZIC IT Secure Mode to Parameters is applicable
2023-06-21 17:16:56,625 [INFO] Rule:228 - rule Change TZIC IT No Secure Mode to Parameters is applicable
2023-06-21 17:16:56,625 [INFO] Rule:228 - rule Add MPCBB1_NonSecureArea_Start_Address value with referenced to MPCBB1_NonSecureArea_Start value is applicable
2023-06-21 17:16:56,625 [INFO] Rule:228 - rule Add MPCBB2_NonSecureArea_Start_Address value with referenced to MPCBB2_NonSecureArea_Start value is applicable
2023-06-21 17:16:56,625 [INFO] Rule:228 - rule Add MPCWM1_NonSecureArea*_Start_Address value with referenced to MPCWM1_NonSecureArea*_Start value is applicable
2023-06-21 17:16:56,625 [INFO] Rule:228 - rule Add MPCWM2_NonSecureArea*_Start_Address value with referenced to MPCWM2_NonSecureArea*_Start value is applicable
2023-06-21 17:16:56,625 [INFO] Rule:228 - rule Add MPCWM3_NonSecureArea_Start_Address value with referenced to MPCWM3_NonSecureArea_Start value is applicable
2023-06-21 17:16:56,625 [INFO] Rule:228 - rule Change Default Value for PLL1UserDefinedConfig is applicable
2023-06-21 17:16:56,625 [INFO] Rule:228 - rule Change GPIO_PuPd Default Value for USART in async mode is applicable
2023-06-21 17:16:56,625 [INFO] Rule:228 - rule Change SMPSDivider Default Value is applicable
2023-06-21 17:16:56,627 [INFO] Rule:228 - rule OPAMP is applicable
2023-06-21 17:16:56,628 [INFO] Rule:228 - rule LPUART IPParameter rename Prescaler parameter to ClockPrescaler for STM32H7 is applicable
2023-06-21 17:16:56,628 [INFO] Rule:228 - rule LPUART IPParameter rename Prescaler parameter to ClockPrescaler for STM32H7 is applicable
2023-06-21 17:16:56,628 [INFO] Rule:228 - rule LPUART IPParameter rename Prescaler parameter to ClockPrescaler for STM32WB is applicable
2023-06-21 17:16:56,628 [INFO] Rule:228 - rule LPUART IPParameter rename Prescaler parameter to ClockPrescaler for STM32WB is applicable
2023-06-21 17:16:56,628 [INFO] Rule:228 - rule LPUART IPParameter rename Prescaler parameter to ClockPrescaler for STM32G4 is applicable
2023-06-21 17:16:56,628 [INFO] Rule:228 - rule LPUART IPParameter rename Prescaler parameter to ClockPrescaler for STM32G4 is applicable
2023-06-21 17:16:56,628 [INFO] Rule:228 - rule LPUART IPParameter rename Prescaler parameter to ClockPrescaler for STM32L5 is applicable
2023-06-21 17:16:56,628 [INFO] Rule:228 - rule LPUART IPParameter rename Prescaler parameter to ClockPrescaler for STM32L5 is applicable
2023-06-21 17:16:56,628 [INFO] Rule:228 - rule LPUART IPParameter rename Prescaler parameter to ClockPrescaler for STM32G4 is applicable
2023-06-21 17:16:56,628 [INFO] Rule:228 - rule LPUART IPParameter rename Prescaler parameter to ClockPrescaler for STM32G4 is applicable
2023-06-21 17:16:56,629 [INFO] Rule:228 - rule USB device lib V2.5.3 for L0 rename USBD_SUPPORT_USER_STRING parameter to USBD_SUPPORT_USER_STRING_DESC4 is applicable
2023-06-21 17:16:56,629 [INFO] Rule:228 - rule I2SCLockSelection clock entry align is applicable
2023-06-21 17:16:56,629 [INFO] Rule:228 - rule Assign TIMx context if used as SYS timebase is applicable
2023-06-21 17:16:56,629 [INFO] Rule:228 - rule Change GPIO_Pu Default Value for I2C is applicable
2023-06-21 17:16:56,629 [INFO] Rule:228 - rule Change GPIO_Pu Default Value for SMBus is applicable
2023-06-21 17:16:56,629 [INFO] Rule:228 - rule change FDCAN default value is applicable
2023-06-21 17:16:56,629 [INFO] Rule:228 - rule Change mode sai is applicable
2023-06-21 17:16:56,629 [INFO] Rule:228 - rule **Change sai mode is applicable
2023-06-21 17:16:56,639 [INFO] DbConfProperties:307 - Apply Compatibility (34/226 Rules)
2023-06-21 17:16:56,709 [INFO] ImportTextPane:194 - (OptionalMessage_ERROR) Unable to find key (Mcu.ThirdPartyNb) in loaded IOC file
2023-06-21 17:16:56,979 [INFO] RtosManager:555 - Registered RTOS mode: class=CMSIS, group=RTOS, mode=CMSIS_V1, owner=FREERTOS
2023-06-21 17:16:56,979 [INFO] RtosManager:555 - Registered RTOS mode: class=CMSIS, group=RTOS2, mode=CMSIS_V2, owner=FREERTOS
2023-06-21 17:16:56,979 [INFO] RtosManager:555 - Registered RTOS mode: class=RTOS, group=Core, mode=CMSIS_V1, owner=FREERTOS
2023-06-21 17:16:56,979 [INFO] RtosManager:555 - Registered RTOS mode: class=RTOS, group=Core, mode=CMSIS_V2, owner=FREERTOS
2023-06-21 17:16:56,982 [WARN] ModelIntegratedComponent:184 - Missing modes for component STMicroelectronics:FreeRTOS:0.0.1:STMicroelectronics:RTOS:FreeRTOS:Core:::10.2.0:
2023-06-21 17:16:56,995 [WARN] ModelIntegratedComponent:63 - No mode defined for component null
2023-06-21 17:16:56,995 [WARN] ModelIntegratedComponent:63 - No mode defined for component null
2023-06-21 17:16:56,995 [WARN] ModelIntegratedComponent:63 - No mode defined for component null
2023-06-21 17:16:56,995 [WARN] ModelIntegratedComponent:63 - No mode defined for component null
2023-06-21 17:16:56,995 [WARN] ModelIntegratedComponent:63 - No mode defined for component null
2023-06-21 17:16:56,995 [WARN] ModelIntegratedComponent:63 - No mode defined for component null
2023-06-21 17:16:56,995 [WARN] ModelIntegratedComponent:63 - No mode defined for component null
2023-06-21 17:16:56,995 [WARN] ModelIntegratedComponent:63 - No mode defined for component null
2023-06-21 17:16:56,996 [WARN] ModelIntegratedComponent:63 - No mode defined for component null
2023-06-21 17:16:56,996 [WARN] ModelIntegratedComponent:63 - No mode defined for component null
2023-06-21 17:16:56,996 [WARN] ModelIntegratedComponent:63 - No mode defined for component null
2023-06-21 17:16:56,996 [WARN] ModelIntegratedComponent:63 - No mode defined for component null
2023-06-21 17:16:56,996 [WARN] ModelIntegratedComponent:63 - No mode defined for component null
2023-06-21 17:16:56,996 [WARN] ModelIntegratedComponent:63 - No mode defined for component null
2023-06-21 17:16:56,996 [WARN] ModelIntegratedComponent:63 - No mode defined for component null
2023-06-21 17:16:56,996 [WARN] ModelIntegratedComponent:63 - No mode defined for component null
2023-06-21 17:16:56,996 [WARN] ModelIntegratedComponent:63 - No mode defined for component null
2023-06-21 17:16:56,996 [WARN] ModelIntegratedComponent:63 - No mode defined for component null
2023-06-21 17:16:56,996 [WARN] ModelIntegratedComponent:63 - No mode defined for component null
2023-06-21 17:16:56,996 [WARN] ModelIntegratedComponent:63 - No mode defined for component null
2023-06-21 17:16:56,997 [WARN] ModelIntegratedComponent:63 - No mode defined for component null
2023-06-21 17:16:56,997 [WARN] ModelIntegratedComponent:63 - No mode defined for component null
2023-06-21 17:16:56,997 [WARN] ModelIntegratedComponent:63 - No mode defined for component null
2023-06-21 17:16:56,997 [WARN] ModelIntegratedComponent:63 - No mode defined for component null
2023-06-21 17:16:56,997 [WARN] ModelIntegratedComponent:63 - No mode defined for component null
2023-06-21 17:16:56,997 [WARN] ModelIntegratedComponent:63 - No mode defined for component null
2023-06-21 17:16:56,997 [WARN] ModelIntegratedComponent:63 - No mode defined for component null
2023-06-21 17:16:56,997 [WARN] ModelIntegratedComponent:63 - No mode defined for component null
2023-06-21 17:16:56,998 [WARN] ModelIntegratedComponent:63 - No mode defined for component null
2023-06-21 17:16:56,998 [WARN] ModelIntegratedComponent:63 - No mode defined for component null
2023-06-21 17:16:56,998 [WARN] ModelIntegratedComponent:63 - No mode defined for component null
2023-06-21 17:16:56,998 [WARN] ModelIntegratedComponent:63 - No mode defined for component null
2023-06-21 17:16:56,998 [WARN] ModelIntegratedComponent:63 - No mode defined for component null
2023-06-21 17:16:57,089 [INFO] ThirdPartyModel:298 - Start build external matchings
2023-06-21 17:16:57,397 [INFO] ThirdPartyModel:316 - End build external matchings
2023-06-21 17:16:57,410 [INFO] ImportTextPane:194 - (OptionalMessage_ERROR) IP (RCC) : Invalid parameter (FamilyName)
2023-06-21 17:16:57,410 [INFO] ImportTextPane:194 - (OptionalMessage_ERROR) IP (RCC) : Parameter (RNGFreq_Value) has invalid value (64000000)
2023-06-21 17:16:57,410 [INFO] ImportTextPane:194 - (OptionalMessage_ERROR) IP (RCC) : Parameter (SDMMCFreq_Value) has invalid value (64000000)
2023-06-21 17:16:57,410 [INFO] ImportTextPane:194 - (OptionalMessage_ERROR) IP (RCC) : Invalid parameter (SWPMI1Freq_Value)
2023-06-21 17:16:57,410 [INFO] ImportTextPane:194 - (OptionalMessage_ERROR) IP (RCC) : Invalid parameter (UART5Freq_Value)
2023-06-21 17:16:57,410 [INFO] ImportTextPane:194 - (OptionalMessage_ERROR) IP (RCC) : Parameter (USBFreq_Value) has invalid value (64000000)
2023-06-21 17:16:57,410 [INFO] ImportTextPane:194 - (OptionalMessage_ERROR) IP (RCC) : Invalid parameter (VCOSAI2OutputFreq_Value)
2023-06-21 17:16:57,660 [INFO] UtilMem:75 - End LoadConfig() Used Memory: 336760808 Bytes (507510784)
2023-06-21 17:16:57,774 [WARN] ThirdParty:833 - waiting for thirdparty lock release [change project]
2023-06-21 17:16:57,775 [INFO] ThirdParty:835 - entering critical section [change project]
2023-06-21 17:16:57,775 [INFO] ThirdParty:1030 - CMSIS Pack Vendor :STMicroelectronics X-CUBE-ISPU 1.1.0
2023-06-21 17:16:57,775 [INFO] ThirdParty:1030 - CMSIS Pack Vendor :STMicroelectronics X-CUBE-GNSS1 6.0.0
2023-06-21 17:16:57,775 [INFO] ThirdParty:1030 - CMSIS Pack Vendor :STMicroelectronics USB_HOST 2.0.0
2023-06-21 17:16:57,775 [INFO] ThirdParty:1030 - CMSIS Pack Vendor :STMicroelectronics X-CUBE-AZRTOS-F4 1.1.0
2023-06-21 17:16:57,775 [INFO] ThirdParty:1030 - CMSIS Pack Vendor :STMicroelectronics LIBJPEG 8.0.0
2023-06-21 17:16:57,775 [INFO] ThirdParty:1030 - CMSIS Pack Vendor :STMicroelectronics X-CUBE-SMBUS 2.1.0
2023-06-21 17:16:57,775 [INFO] ThirdParty:1030 - CMSIS Pack Vendor :wolfSSL I-CUBE-wolfSSL 5.6.0
2023-06-21 17:16:57,775 [INFO] ThirdParty:1030 - CMSIS Pack Vendor :STMicroelectronics USB_DEVICE 3.0.0
2023-06-21 17:16:57,775 [INFO] ThirdParty:1030 - CMSIS Pack Vendor :STMicroelectronics X-CUBE-FREERTOS 1.0.1
2023-06-21 17:16:57,775 [INFO] ThirdParty:1030 - CMSIS Pack Vendor :STMicroelectronics X-CUBE-AZRTOS-F7 1.1.0
2023-06-21 17:16:57,775 [INFO] ThirdParty:1030 - CMSIS Pack Vendor :STMicroelectronics X-CUBE-TOUCHGFX 4.21.4
2023-06-21 17:16:57,775 [INFO] ThirdParty:1030 - CMSIS Pack Vendor :STMicroelectronics USB_DEVICE 2.0.0
2023-06-21 17:16:57,775 [INFO] ThirdParty:1030 - CMSIS Pack Vendor :STMicroelectronics X-CUBE-MEMS1 9.6.0
2023-06-21 17:16:57,775 [INFO] ThirdParty:1030 - CMSIS Pack Vendor :STMicroelectronics FP-SNS-MOTENV1 4.3.1
2023-06-21 17:16:57,775 [INFO] ThirdParty:1030 - CMSIS Pack Vendor :STMicroelectronics FP-SNS-FLIGHT1 5.0.1
2023-06-21 17:16:57,775 [INFO] ThirdParty:1030 - CMSIS Pack Vendor :STMicroelectronics X-CUBE-ALGOBUILD 1.3.0
2023-06-21 17:16:57,775 [INFO] ThirdParty:1030 - CMSIS Pack Vendor :STMicroelectronics X-CUBE-BLE1 6.2.4
2023-06-21 17:16:57,775 [INFO] ThirdParty:1030 - CMSIS Pack Vendor :STMicroelectronics X-CUBE-AZRTOS-L5 1.1.0
2023-06-21 17:16:57,775 [INFO] ThirdParty:1030 - CMSIS Pack Vendor :STMicroelectronics FreeRTOS 0.0.1
2023-06-21 17:16:57,775 [INFO] ThirdParty:1030 - CMSIS Pack Vendor :STMicroelectronics X-CUBE-AZRTOS-G0 1.1.0
2023-06-21 17:16:57,775 [INFO] ThirdParty:1030 - CMSIS Pack Vendor :emotas I-CUBE-CANOPEN 1.1.3
2023-06-21 17:16:57,775 [INFO] ThirdParty:1030 - CMSIS Pack Vendor :STMicroelectronics X-CUBE-BLEMGR 2.0.0
2023-06-21 17:16:57,775 [INFO] ThirdParty:1030 - CMSIS Pack Vendor :STMicroelectronics X-CUBE-AI 8.0.1
2023-06-21 17:16:57,775 [INFO] ThirdParty:1030 - CMSIS Pack Vendor :STMicroelectronics X-CUBE-NFC4 3.0.0
2023-06-21 17:16:57,775 [INFO] ThirdParty:1030 - CMSIS Pack Vendor :STMicroelectronics X-CUBE-SUBG2 5.0.0
2023-06-21 17:16:57,775 [INFO] ThirdParty:1030 - CMSIS Pack Vendor :STMicroelectronics STM32_WPAN 1.0.0
2023-06-21 17:16:57,775 [INFO] ThirdParty:1030 - CMSIS Pack Vendor :STMicroelectronics lwIP 2.0.3
2023-06-21 17:16:57,775 [INFO] ThirdParty:1030 - CMSIS Pack Vendor :STMicroelectronics USB_HOST 1.0.0
2023-06-21 17:16:57,775 [INFO] ThirdParty:1030 - CMSIS Pack Vendor :STMicroelectronics X-CUBE-AZRTOS-G4 2.0.0
2023-06-21 17:16:57,775 [INFO] ThirdParty:1030 - CMSIS Pack Vendor :STMicroelectronics PDM2PCM 3.1.0
2023-06-21 17:16:57,775 [INFO] ThirdParty:1030 - CMSIS Pack Vendor :STMicroelectronics X-CUBE-AZRTOS-H7 3.1.0
2023-06-21 17:16:57,775 [INFO] ThirdParty:1030 - CMSIS Pack Vendor :STMicroelectronics X-CUBE-TOF1 3.3.0
2023-06-21 17:16:57,775 [INFO] ThirdParty:1030 - CMSIS Pack Vendor :STMicroelectronics PDM2PCM 3.3.0
2023-06-21 17:16:57,775 [INFO] ThirdParty:1030 - CMSIS Pack Vendor :STMicroelectronics X-CUBE-DISPLAY 3.0.0
2023-06-21 17:16:57,775 [INFO] ThirdParty:1030 - CMSIS Pack Vendor :STMicroelectronics FP-ATR-SIGFOX1 3.2.0
2023-06-21 17:16:57,775 [INFO] ThirdParty:1030 - CMSIS Pack Vendor :STMicroelectronics HAL Drivers 0.0.0
2023-06-21 17:16:57,775 [INFO] ThirdParty:1030 - CMSIS Pack Vendor :STMicroelectronics MBEDTLS 2.16.2
2023-06-21 17:16:57,775 [INFO] ThirdParty:1030 - CMSIS Pack Vendor :STMicroelectronics X-CUBE-NFC7 1.0.1
2023-06-21 17:16:57,775 [INFO] ThirdParty:1030 - CMSIS Pack Vendor :STMicroelectronics MBEDTLS 2.14.1
2023-06-21 17:16:57,775 [INFO] ThirdParty:1030 - CMSIS Pack Vendor :STMicroelectronics X-CUBE-NFC7 1.0.0
2023-06-21 17:16:57,775 [INFO] ThirdParty:1030 - CMSIS Pack Vendor :STMicroelectronics X-CUBE-AZRTOS-WL 1.0.0
2023-06-21 17:16:57,775 [INFO] ThirdParty:1030 - CMSIS Pack Vendor :STMicroelectronics X-CUBE-EEPRMA1 4.1.0
2023-06-21 17:16:57,775 [INFO] ThirdParty:1030 - CMSIS Pack Vendor :portGmbH I-Cube-SoM-uGOAL 1.1.0
2023-06-21 17:16:57,775 [INFO] ThirdParty:1030 - CMSIS Pack Vendor :STMicroelectronics X-CUBE-ALS 1.0.1
2023-06-21 17:16:57,775 [INFO] ThirdParty:1030 - CMSIS Pack Vendor :STMicroelectronics ThreadX 1.0.0
2023-06-21 17:16:57,775 [INFO] ThirdParty:1030 - CMSIS Pack Vendor :STMicroelectronics X-CUBE-AZRTOS-WB 1.1.0
2023-06-21 17:16:57,775 [INFO] ThirdParty:1030 - CMSIS Pack Vendor :STMicroelectronics X-CUBE-AZRTOS-WL 2.0.0
2023-06-21 17:16:57,775 [INFO] ThirdParty:1030 - CMSIS Pack Vendor :SEGGER I-CUBE-embOS 1.3.1
2023-06-21 17:16:57,775 [INFO] ThirdParty:1030 - CMSIS Pack Vendor :STMicroelectronics USB_DEVICE 1.0.0
2023-06-21 17:16:57,775 [INFO] ThirdParty:1030 - CMSIS Pack Vendor :STMicroelectronics X-CUBE-AZRTOS-L4 2.0.0
2023-06-21 17:16:57,775 [INFO] ThirdParty:1030 - CMSIS Pack Vendor :STMicroelectronics ThreadX 0.0.2
2023-06-21 17:16:57,775 [INFO] ThirdParty:1030 - CMSIS Pack Vendor :WES I-CUBE-Cesium 1.3.0
2023-06-21 17:16:57,775 [INFO] ThirdParty:1030 - CMSIS Pack Vendor :STMicroelectronics FP-ATR-ASTRA1 2.0.0
2023-06-21 17:16:57,775 [INFO] ThirdParty:1030 - CMSIS Pack Vendor :STMicroelectronics lwIP 2.1.2
2023-06-21 17:16:57,775 [INFO] ThirdParty:1030 - CMSIS Pack Vendor :STMicroelectronics X-CUBE-SFXS2LP1 4.0.0
2023-06-21 17:16:57,775 [INFO] ThirdParty:1030 - CMSIS Pack Vendor :STMicroelectronics X-CUBE-BLE2 3.3.0
2023-06-21 17:16:57,775 [INFO] ThirdParty:1030 - CMSIS Pack Vendor :STMicroelectronics PDM2PCM 3.2.0
2023-06-21 17:16:57,775 [INFO] ThirdParty:841 - exiting critical section [change project]
2023-06-21 17:16:58,158 [INFO] PinOutPanel:1499 - setPackage(No Configuration,No Configuration)
2023-06-21 17:16:58,160 [INFO] PinOutPanel:1499 - setPackage(STM32L452RETx,LQFP64)
2023-06-21 17:16:59,165 [INFO] UtilMem:75 - Before build in PCC Used Memory: 425730568 Bytes (507510784)
2023-06-21 17:17:00,061 [INFO] UtilMem:75 - After build in PCC Used Memory: 309494888 Bytes (507510784)
2023-06-21 17:17:00,083 [INFO] IPUIPlugin:80 - create IPUIPlugin
2023-06-21 17:17:00,083 [INFO] IPUIPlugin:80 - create IPUIPlugin
2023-06-21 17:17:00,083 [INFO] IPUIPlugin:80 - create IPUIPlugin
2023-06-21 17:17:00,083 [INFO] IPUIPlugin:80 - create IPUIPlugin
2023-06-21 17:17:00,083 [INFO] IPUIPlugin:80 - create IPUIPlugin
2023-06-21 17:17:00,083 [INFO] IPUIPlugin:80 - create IPUIPlugin
2023-06-21 17:17:00,084 [INFO] IPUIPlugin:80 - create IPUIPlugin
2023-06-21 17:17:00,084 [INFO] IPUIPlugin:80 - create IPUIPlugin
2023-06-21 17:17:00,084 [INFO] IPUIPlugin:80 - create IPUIPlugin
2023-06-21 17:17:00,084 [INFO] IPUIPlugin:80 - create IPUIPlugin
2023-06-21 17:17:00,084 [INFO] IPUIPlugin:80 - create IPUIPlugin
2023-06-21 17:17:00,084 [INFO] IPUIPlugin:80 - create IPUIPlugin
2023-06-21 17:17:00,085 [INFO] IPUIPlugin:80 - create IPUIPlugin
2023-06-21 17:17:00,085 [INFO] IPUIPlugin:80 - create IPUIPlugin
2023-06-21 17:17:00,085 [INFO] IPUIPlugin:80 - create IPUIPlugin
2023-06-21 17:17:00,085 [INFO] IPUIPlugin:80 - create IPUIPlugin
2023-06-21 17:17:00,085 [INFO] IPUIPlugin:80 - create IPUIPlugin
2023-06-21 17:17:00,085 [INFO] IPUIPlugin:80 - create IPUIPlugin
2023-06-21 17:17:00,085 [INFO] IPUIPlugin:80 - create IPUIPlugin
2023-06-21 17:17:00,085 [INFO] IPUIPlugin:80 - create IPUIPlugin
2023-06-21 17:17:00,085 [INFO] IPUIPlugin:80 - create IPUIPlugin
2023-06-21 17:17:00,085 [INFO] IPUIPlugin:80 - create IPUIPlugin
2023-06-21 17:17:00,087 [INFO] IPUIPlugin:80 - create IPUIPlugin
2023-06-21 17:17:00,087 [INFO] IPUIPlugin:80 - create IPUIPlugin
2023-06-21 17:17:00,087 [INFO] IPUIPlugin:80 - create IPUIPlugin
2023-06-21 17:17:00,087 [INFO] IPUIPlugin:80 - create IPUIPlugin
2023-06-21 17:17:00,087 [INFO] IPUIPlugin:80 - create IPUIPlugin
2023-06-21 17:17:00,087 [INFO] IPUIPlugin:80 - create IPUIPlugin
2023-06-21 17:17:00,087 [INFO] IPUIPlugin:80 - create IPUIPlugin
2023-06-21 17:17:00,088 [INFO] IPUIPlugin:80 - create IPUIPlugin
2023-06-21 17:17:00,088 [INFO] IPUIPlugin:80 - create IPUIPlugin
2023-06-21 17:17:00,088 [INFO] IPUIPlugin:80 - create IPUIPlugin
2023-06-21 17:17:00,088 [INFO] IPUIPlugin:80 - create IPUIPlugin
2023-06-21 17:17:00,088 [INFO] IPUIPlugin:80 - create IPUIPlugin
2023-06-21 17:17:00,088 [INFO] IPUIPlugin:80 - create IPUIPlugin
2023-06-21 17:17:00,088 [INFO] IPUIPlugin:80 - create IPUIPlugin
2023-06-21 17:17:00,088 [INFO] IPUIPlugin:80 - create IPUIPlugin
2023-06-21 17:17:00,088 [INFO] IPUIPlugin:80 - create IPUIPlugin
2023-06-21 17:17:00,088 [INFO] IPUIPlugin:80 - create IPUIPlugin
2023-06-21 17:17:00,088 [INFO] IPUIPlugin:80 - create IPUIPlugin
2023-06-21 17:17:00,088 [INFO] IPUIPlugin:80 - create IPUIPlugin
2023-06-21 17:17:00,088 [INFO] IPUIPlugin:80 - create IPUIPlugin
2023-06-21 17:17:00,091 [INFO] IPUIPlugin:80 - create IPUIPlugin
2023-06-21 17:17:00,091 [INFO] IPUIPlugin:80 - create IPUIPlugin
2023-06-21 17:17:00,091 [INFO] IPUIPlugin:80 - create IPUIPlugin
2023-06-21 17:17:00,091 [INFO] IPUIPlugin:80 - create IPUIPlugin
2023-06-21 17:17:00,091 [INFO] IPUIPlugin:80 - create IPUIPlugin
2023-06-21 17:17:00,279 [INFO] CADModel:165 - CPN selected for project levelSTM32L452RET3
2023-06-21 17:17:00,282 [INFO] CADModel:114 - Register for checkConnection events
2023-06-21 17:17:00,326 [INFO] OpenFileManager:328 - Restore cursor
2023-06-21 17:17:01,805 [INFO] UtilMem:75 - End SaveConfig() Used Memory: 320150880 Bytes (507510784)
2023-06-21 17:17:01,859 [INFO] UtilMem:75 - End SaveConfig() Used Memory: 337450336 Bytes (507510784)
2023-06-21 17:17:02,552 [INFO] BlockDiagram:2759 - set Specific Code input for plugin: NVIC
2023-06-21 17:17:02,552 [INFO] BlockDiagram:2759 - set Specific Code input for plugin: USART
2023-06-21 17:17:02,552 [INFO] BlockDiagram:2759 - set Specific Code input for plugin: SYS
2023-06-21 17:17:02,552 [INFO] BlockDiagram:2759 - set Specific Code input for plugin: GPIO
2023-06-21 17:17:02,552 [INFO] BlockDiagram:2759 - set Specific Code input for plugin: RCC
2023-06-21 17:17:02,555 [INFO] CodeGenerator:793 - code generatio: config db path: C:\ST\STM32CubeIDE_1.12.1\STM32CubeIDE\plugins\com.st.stm32cube.common.mx_6.8.1.202304191431\\db\
2023-06-21 17:17:02,883 [INFO] CodeEngine:255 - oldGeneratedFile, C:\Users\celin\Documents\svh_lab_projects\2_stellarium\workspace_1.11.2\eeprom-test\MXTmpFiles\license.tmp_save
2023-06-21 17:17:03,304 [INFO] CodeEngine:279 - Generated code: C:\Users\celin\Documents\svh_lab_projects\2_stellarium\workspace_1.11.2\eeprom-test\MXTmpFiles\license.tmp
2023-06-21 17:17:03,526 [INFO] CodeEngine:255 - oldGeneratedFile, C:\Users\celin\Documents\svh_lab_projects\2_stellarium\workspace_1.11.2\eeprom-test\MXTmpFiles\gpio.tmp_save
2023-06-21 17:17:03,691 [INFO] CodeEngine:279 - Generated code: C:\Users\celin\Documents\svh_lab_projects\2_stellarium\workspace_1.11.2\eeprom-test\MXTmpFiles\gpio.tmp
2023-06-21 17:17:03,905 [INFO] CodeEngine:255 - oldGeneratedFile, C:\Users\celin\Documents\svh_lab_projects\2_stellarium\workspace_1.11.2\eeprom-test\Core\Src\stm32l4xx_it.c_save
2023-06-21 17:17:04,065 [INFO] CodeEngine:279 - Generated code: C:\Users\celin\Documents\svh_lab_projects\2_stellarium\workspace_1.11.2\eeprom-test\Core\Src\stm32l4xx_it.c
2023-06-21 17:17:04,076 [INFO] CodeEngine:255 - oldGeneratedFile, C:\Users\celin\Documents\svh_lab_projects\2_stellarium\workspace_1.11.2\eeprom-test\Core\Inc\stm32l4xx_it.h_save
2023-06-21 17:17:04,150 [INFO] CodeEngine:279 - Generated code: C:\Users\celin\Documents\svh_lab_projects\2_stellarium\workspace_1.11.2\eeprom-test\Core\Inc\stm32l4xx_it.h
2023-06-21 17:17:04,169 [INFO] CodeEngine:255 - oldGeneratedFile, C:\Users\celin\Documents\svh_lab_projects\2_stellarium\workspace_1.11.2\eeprom-test\Core\Src\stm32l4xx_hal_msp.c_save
2023-06-21 17:17:04,321 [INFO] CodeEngine:279 - Generated code: C:\Users\celin\Documents\svh_lab_projects\2_stellarium\workspace_1.11.2\eeprom-test\Core\Src\stm32l4xx_hal_msp.c
2023-06-21 17:17:04,367 [INFO] CodeEngine:255 - oldGeneratedFile, C:\Users\celin\Documents\svh_lab_projects\2_stellarium\workspace_1.11.2\eeprom-test\MXTmpFiles\system.tmp_save
2023-06-21 17:17:04,424 [INFO] CodeEngine:279 - Generated code: C:\Users\celin\Documents\svh_lab_projects\2_stellarium\workspace_1.11.2\eeprom-test\MXTmpFiles\system.tmp
2023-06-21 17:17:04,436 [INFO] CodeEngine:311 - oldGeneratedFile, C:\Users\celin\Documents\svh_lab_projects\2_stellarium\workspace_1.11.2\eeprom-test\Core\Inc\stm32l4xx_hal_conf.h_save
2023-06-21 17:17:04,536 [INFO] CodeEngine:335 - Generated code: C:\Users\celin\Documents\svh_lab_projects\2_stellarium\workspace_1.11.2\eeprom-test\Core\Inc\stm32l4xx_hal_conf.h
2023-06-21 17:17:04,583 [INFO] CodeEngine:255 - oldGeneratedFile, C:\Users\celin\Documents\svh_lab_projects\2_stellarium\workspace_1.11.2\eeprom-test\Core\Inc\main.h_save
2023-06-21 17:17:04,680 [INFO] CodeEngine:279 - Generated code: C:\Users\celin\Documents\svh_lab_projects\2_stellarium\workspace_1.11.2\eeprom-test\Core\Inc\main.h
2023-06-21 17:17:04,696 [INFO] CodeEngine:255 - oldGeneratedFile, C:\Users\celin\Documents\svh_lab_projects\2_stellarium\workspace_1.11.2\eeprom-test\Core\Src\main.c_save
2023-06-21 17:17:04,956 [INFO] CodeEngine:279 - Generated code: C:\Users\celin\Documents\svh_lab_projects\2_stellarium\workspace_1.11.2\eeprom-test\Core\Src\main.c
2023-06-21 17:17:05,684 [INFO] ProjectBuilder:2996 - Time for Copy HAL[1] : 214mS.
2023-06-21 17:17:05,721 [INFO] ProjectBuilder:4304 - Project Generator version: 3.19.2
2023-06-21 17:17:06,017 [INFO] ConfigFileManager:1483 - The Die is : DIE462
2023-06-21 17:17:06,039 [INFO] ApiDbMcu:507 - Load IP Config File for FATFS
2023-06-21 17:17:06,046 [INFO] ApiDbMcu:507 - Load IP Config File for FREERTOS
2023-06-21 17:17:06,066 [INFO] ApiDbMcu:507 - Load IP Config File for TOUCHSENSING
2023-06-21 17:17:06,080 [INFO] ApiDbMcu:507 - Load IP Config File for USB_DEVICE
2023-06-21 17:17:07,308 [INFO] LogOutputStream:77 - [STDOUT_REDIRECT] 
2023-06-21 17:17:11,420 [INFO] ProjectBuilder:4505 - Time for Generating toolchain IDE Files: 5695mS.
2023-06-21 17:17:11,420 [INFO] ProjectBuilder:2867 - Time for Copy CMSIS : 0mS.
2023-06-21 17:17:11,425 [INFO] ProjectBuilder:2867 - Time for Copy CMSIS : 0mS.
2023-06-21 17:17:12,685 [INFO] McuFinderGlobals:66 - Set McuFinderConnectedMode to true
2023-06-21 17:17:12,691 [INFO] ApiDb:448 - Save user favorites file C:\Users\celin/.stm32cubeide/favorites.mcus.txt: 0 item(s)
2023-06-21 17:17:12,691 [INFO] ApiDb:452 - User favorites MCUs=[]
2023-06-21 17:17:12,691 [INFO] ApiDb:448 - Save user favorites file C:\Users\celin/.stm32cubeide/favorites.boards.txt: 1 item(s)
2023-06-21 17:17:12,694 [INFO] ApiDb:452 - User favorites Boards=[NUCLEO-L452RE]
2023-06-21 17:22:58,169 [INFO] I2cTimingTraitement:330 - 0x10909CEC
2023-06-21 17:23:02,090 [INFO] UtilMem:75 - End SaveConfig() Used Memory: 317656040 Bytes (727711744)
2023-06-21 17:23:02,189 [INFO] UtilMem:75 - End SaveConfig() Used Memory: 336008168 Bytes (727711744)
2023-06-21 17:23:03,336 [INFO] UtilMem:75 - End SaveConfig() Used Memory: 448728040 Bytes (727711744)
2023-06-21 17:23:03,659 [INFO] BlockDiagram:2759 - set Specific Code input for plugin: NVIC
2023-06-21 17:23:03,659 [INFO] BlockDiagram:2759 - set Specific Code input for plugin: USART
2023-06-21 17:23:03,659 [INFO] BlockDiagram:2759 - set Specific Code input for plugin: SYS
2023-06-21 17:23:03,659 [INFO] BlockDiagram:2759 - set Specific Code input for plugin: GPIO
2023-06-21 17:23:03,659 [INFO] BlockDiagram:2759 - set Specific Code input for plugin: RCC
2023-06-21 17:23:03,659 [INFO] BlockDiagram:2759 - set Specific Code input for plugin: I2C
2023-06-21 17:23:03,659 [INFO] CodeGenerator:793 - code generatio: config db path: C:\ST\STM32CubeIDE_1.12.1\STM32CubeIDE\plugins\com.st.stm32cube.common.mx_6.8.1.202304191431\\db\
2023-06-21 17:23:03,870 [INFO] CodeEngine:255 - oldGeneratedFile, C:\Users\celin\Documents\svh_lab_projects\2_stellarium\workspace_1.11.2\eeprom-test\MXTmpFiles\license.tmp_save
2023-06-21 17:23:03,979 [INFO] CodeEngine:279 - Generated code: C:\Users\celin\Documents\svh_lab_projects\2_stellarium\workspace_1.11.2\eeprom-test\MXTmpFiles\license.tmp
2023-06-21 17:23:04,026 [INFO] CodeEngine:255 - oldGeneratedFile, C:\Users\celin\Documents\svh_lab_projects\2_stellarium\workspace_1.11.2\eeprom-test\MXTmpFiles\gpio.tmp_save
2023-06-21 17:23:04,139 [INFO] CodeEngine:279 - Generated code: C:\Users\celin\Documents\svh_lab_projects\2_stellarium\workspace_1.11.2\eeprom-test\MXTmpFiles\gpio.tmp
2023-06-21 17:23:04,328 [INFO] CodeEngine:255 - oldGeneratedFile, C:\Users\celin\Documents\svh_lab_projects\2_stellarium\workspace_1.11.2\eeprom-test\Core\Src\stm32l4xx_it.c_save
2023-06-21 17:23:04,440 [INFO] CodeEngine:279 - Generated code: C:\Users\celin\Documents\svh_lab_projects\2_stellarium\workspace_1.11.2\eeprom-test\Core\Src\stm32l4xx_it.c
2023-06-21 17:23:04,456 [INFO] CodeEngine:255 - oldGeneratedFile, C:\Users\celin\Documents\svh_lab_projects\2_stellarium\workspace_1.11.2\eeprom-test\Core\Inc\stm32l4xx_it.h_save
2023-06-21 17:23:04,540 [INFO] CodeEngine:279 - Generated code: C:\Users\celin\Documents\svh_lab_projects\2_stellarium\workspace_1.11.2\eeprom-test\Core\Inc\stm32l4xx_it.h
2023-06-21 17:23:04,557 [INFO] CodeEngine:255 - oldGeneratedFile, C:\Users\celin\Documents\svh_lab_projects\2_stellarium\workspace_1.11.2\eeprom-test\Core\Src\stm32l4xx_hal_msp.c_save
2023-06-21 17:23:04,712 [INFO] CodeEngine:279 - Generated code: C:\Users\celin\Documents\svh_lab_projects\2_stellarium\workspace_1.11.2\eeprom-test\Core\Src\stm32l4xx_hal_msp.c
2023-06-21 17:23:04,719 [INFO] CodeEngine:255 - oldGeneratedFile, C:\Users\celin\Documents\svh_lab_projects\2_stellarium\workspace_1.11.2\eeprom-test\MXTmpFiles\system.tmp_save
2023-06-21 17:23:04,793 [INFO] CodeEngine:279 - Generated code: C:\Users\celin\Documents\svh_lab_projects\2_stellarium\workspace_1.11.2\eeprom-test\MXTmpFiles\system.tmp
2023-06-21 17:23:04,809 [INFO] CodeEngine:311 - oldGeneratedFile, C:\Users\celin\Documents\svh_lab_projects\2_stellarium\workspace_1.11.2\eeprom-test\Core\Inc\stm32l4xx_hal_conf.h_save
2023-06-21 17:23:04,949 [INFO] CodeEngine:335 - Generated code: C:\Users\celin\Documents\svh_lab_projects\2_stellarium\workspace_1.11.2\eeprom-test\Core\Inc\stm32l4xx_hal_conf.h
2023-06-21 17:23:05,034 [INFO] CodeEngine:255 - oldGeneratedFile, C:\Users\celin\Documents\svh_lab_projects\2_stellarium\workspace_1.11.2\eeprom-test\Core\Inc\main.h_save
2023-06-21 17:23:05,127 [INFO] CodeEngine:279 - Generated code: C:\Users\celin\Documents\svh_lab_projects\2_stellarium\workspace_1.11.2\eeprom-test\Core\Inc\main.h
2023-06-21 17:23:05,137 [INFO] CodeEngine:255 - oldGeneratedFile, C:\Users\celin\Documents\svh_lab_projects\2_stellarium\workspace_1.11.2\eeprom-test\Core\Src\main.c_save
2023-06-21 17:23:05,252 [INFO] CodeEngine:279 - Generated code: C:\Users\celin\Documents\svh_lab_projects\2_stellarium\workspace_1.11.2\eeprom-test\Core\Src\main.c
2023-06-21 17:23:05,794 [INFO] ProjectBuilder:2996 - Time for Copy HAL[1] : 138mS.
2023-06-21 17:23:05,795 [INFO] ProjectBuilder:4304 - Project Generator version: 3.19.2
2023-06-21 17:23:06,097 [INFO] ConfigFileManager:1483 - The Die is : DIE462
2023-06-21 17:23:07,364 [INFO] ProjectBuilder:4505 - Time for Generating toolchain IDE Files: 1569mS.
2023-06-21 17:23:07,364 [INFO] ProjectBuilder:2867 - Time for Copy CMSIS : 0mS.
2023-06-21 17:23:07,367 [INFO] ProjectBuilder:2867 - Time for Copy CMSIS : 0mS.
2023-06-21 20:58:27,227 [INFO] Activator:176 - 


2023-06-21 20:58:27,227 [INFO] Activator:177 - !SESSION log4j initialized
2023-06-21 20:58:34,595 [INFO] LogOutputStream:77 - [STDOUT_REDIRECT] 
2023-06-21 20:59:02,508 [ERROR] LogOutputStream:75 - [STDERR_REDIRECT] SLF4J: Failed to load class "org.slf4j.impl.StaticLoggerBinder".
2023-06-21 20:59:02,508 [ERROR] LogOutputStream:75 - [STDERR_REDIRECT] SLF4J: Defaulting to no-operation (NOP) logger implementation
2023-06-21 20:59:02,508 [ERROR] LogOutputStream:75 - [STDERR_REDIRECT] SLF4J: See http://www.slf4j.org/codes.html#StaticLoggerBinder for further details.
