12:20:20 **** Incremental Build of configuration Debug for project stel-interrupts-test ****
make -j16 all 
arm-none-eabi-gcc "../Core/Src/main.c" -mcpu=cortex-m4 -std=gnu11 -g3 -DDEBUG -DUSE_HAL_DRIVER -DSTM32L452xx -c -I../Core/Inc -I../Drivers/STM32L4xx_HAL_Driver/Inc -I../Drivers/STM32L4xx_HAL_Driver/Inc/Legacy -I../Drivers/CMSIS/Device/ST/STM32L4xx/Include -I../Drivers/CMSIS/Include -O0 -ffunction-sections -fdata-sections -Wall -fstack-usage -fcyclomatic-complexity -MMD -MP -MF"Core/Src/main.d" -MT"Core/Src/main.o" --specs=nano.specs -mfpu=fpv4-sp-d16 -mfloat-abi=hard -mthumb -o "Core/Src/main.o"
../Core/Src/main.c: In function 'HAL_UART_RxCpltCallback':
../Core/Src/main.c:63:19: warning: pointer targets in passing argument 1 of 'strcmp' differ in signedness [-Wpointer-sign]
   63 |  result1 = strcmp(stel_cmds, "#:GR#");
      |                   ^~~~~~~~~
      |                   |
      |                   uint8_t * {aka unsigned char *}
In file included from ../Core/Src/main.c:25:
c:\st\stm32cubeide_1.12.1\stm32cubeide\plugins\com.st.stm32cube.ide.mcu.externaltools.gnu-tools-for-stm32.10.3-2021.10.win32_1.0.200.202301161003\tools\arm-none-eabi\include\string.h:36:14: note: expected 'const char *' but argument is of type 'uint8_t *' {aka 'unsigned char *'}
   36 | int  strcmp (const char *, const char *);
      |              ^~~~~~~~~~~~
../Core/Src/main.c:64:19: warning: pointer targets in passing argument 1 of 'strcmp' differ in signedness [-Wpointer-sign]
   64 |  result2 = strcmp(stel_cmds, "#:GD#");
      |                   ^~~~~~~~~
      |                   |
      |                   uint8_t * {aka unsigned char *}
In file included from ../Core/Src/main.c:25:
c:\st\stm32cubeide_1.12.1\stm32cubeide\plugins\com.st.stm32cube.ide.mcu.externaltools.gnu-tools-for-stm32.10.3-2021.10.win32_1.0.200.202301161003\tools\arm-none-eabi\include\string.h:36:14: note: expected 'const char *' but argument is of type 'uint8_t *' {aka 'unsigned char *'}
   36 | int  strcmp (const char *, const char *);
      |              ^~~~~~~~~~~~
../Core/Src/main.c: In function 'main':
../Core/Src/main.c:123:3: warning: '__builtin_memcpy' writing 10 bytes into a region of size 9 overflows the destination [-Wstringop-overflow=]
  123 |   strcpy(ra_str,"16:29:25#");
      |   ^~~~~~~~~~~~~~~~~~~~~~~~~~
../Core/Src/main.c:124:3: warning: '__builtin_memcpy' writing 11 bytes into a region of size 10 overflows the destination [-Wstringop-overflow=]
  124 |   strcpy(dec_str,"-26'25:59#");
      |   ^~~~~~~~~~~~~~~~~~~~~~~~~~~~
arm-none-eabi-g++ -o "stel-interrupts-test.elf" @"objects.list"   -mcpu=cortex-m4 -T"C:\Users\celin\Documents\svh_lab_projects\2_stellarium\workspace_1.11.2\stel-interrupts-test\STM32L452RETX_FLASH.ld" --specs=nosys.specs -Wl,-Map="stel-interrupts-test.map" -Wl,--gc-sections -static --specs=nano.specs -mfpu=fpv4-sp-d16 -mfloat-abi=hard -mthumb -Wl,--start-group -lc -lm -lstdc++ -lsupc++ -Wl,--end-group
Finished building target: stel-interrupts-test.elf
 
arm-none-eabi-size   stel-interrupts-test.elf 
arm-none-eabi-objdump -h -S  stel-interrupts-test.elf  > "stel-interrupts-test.list"
   text	   data	    bss	    dec	    hex	filename
  15904	     20	   1740	  17664	   4500	stel-interrupts-test.elf
Finished building: default.size.stdout
 
Finished building: stel-interrupts-test.list
 
12:20:29 **** Incremental Build of configuration Debug for project stel-interrupts-test ****
make -j16 all 
arm-none-eabi-size   stel-interrupts-test.elf 
   text	   data	    bss	    dec	    hex	filename
  15904	     20	   1740	  17664	   4500	stel-interrupts-test.elf
Finished building: default.size.stdout
 
